<?xml version="1.0" encoding="UTF-8"?>
<testsuite xmlns:xsi="http://www.w3.org/2001/XMLSchema-instance" xsi:noNamespaceSchemaLocation="https://maven.apache.org/surefire/maven-surefire-plugin/xsd/surefire-test-report-3.0.xsd" version="3.0" name="com.example.library_management.controller.CategoryControllerTest" time="3.503" tests="6" errors="0" skipped="0" failures="0">
  <properties>
[...]
</properties>
  <testcase name="getCategoryById_shouldReturnCategory" classname="com.example.library_management.controller.CategoryControllerTest" time="0.04">
    <system-out><![CDATA[2025-05-08T20:06:30.044+03:00 DEBUG 3976 --- [library-management] [           main] o.s.t.c.support.AbstractContextLoader    : Could not detect default resource locations for test class [com.example.library_management.controller.CategoryControllerTest]: no resource found for suffixes {-context.xml, Context.groovy}.
2025-05-08T20:06:30.046+03:00 DEBUG 3976 --- [library-management] [           main] .b.t.c.SpringBootTestContextBootstrapper : Using ContextCustomizerFactory implementations for test class [CategoryControllerTest]: [ImportsContextCustomizerFactory, ExcludeFilterContextCustomizerFactory, HttpGraphQlTesterContextCustomizerFactory, DuplicateJsonObjectContextCustomizerFactory, MockitoContextCustomizerFactory, TestRestTemplateContextCustomizerFactory, WebTestClientContextCustomizerFactory, DisableReactorResourceFactoryGlobalResourcesContextCustomizerFactory, OnFailureConditionReportContextCustomizerFactory, OverrideAutoConfigurationContextCustomizerFactory, ObservabilityContextCustomizerFactory, TypeExcludeFiltersContextCustomizerFactory, PropertyMappingContextCustomizerFactory, WebDriverContextCustomizerFactory, BeanOverrideContextCustomizerFactory, MockServerContainerContextCustomizerFactory, DynamicPropertiesContextCustomizerFactory]
2025-05-08T20:06:30.050+03:00 DEBUG 3976 --- [library-management] [           main] .b.t.c.SpringBootTestContextBootstrapper : Using ContextCustomizers for test class [CategoryControllerTest]: [ImportsContextCustomizer, ExcludeFilterContextCustomizer, DuplicateJsonObjectContextCustomizer, MockitoContextCustomizer, TestRestTemplateContextCustomizer, DisableReactorResourceFactoryGlobalResourcesContextCustomizerCustomizer, OnFailureConditionReportContextCustomizer, DisableObservabilityContextCustomizer, PropertyMappingContextCustomizer, WebDriverContextCustomizer, DynamicPropertiesContextCustomizer]
2025-05-08T20:06:30.054+03:00 DEBUG 3976 --- [library-management] [           main] .s.t.c.u.TestContextSpringFactoriesUtils : Skipping candidate TestExecutionListener [org.springframework.test.context.observation.MicrometerObservationRegistryTestExecutionListener] due to a missing dependency. Specify custom TestExecutionListener classes or make the default TestExecutionListener classes and their required dependencies available. Offending class: io.micrometer.context.ThreadLocalAccessor. MicrometerObservationRegistryTestExecutionListener requires io.micrometer:micrometer-observation:1.10.8 or higher and io.micrometer:context-propagation:1.0.3 or higher.
2025-05-08T20:06:30.055+03:00 DEBUG 3976 --- [library-management] [           main] .b.t.c.SpringBootTestContextBootstrapper : Using TestExecutionListeners for test class [CategoryControllerTest]: [ServletTestExecutionListener, DirtiesContextBeforeModesTestExecutionListener, ApplicationEventsTestExecutionListener, MockitoTestExecutionListener, BeanOverrideTestExecutionListener, DependencyInjectionTestExecutionListener, DirtiesContextTestExecutionListener, CommonCachesTestExecutionListener, TransactionalTestExecutionListener, SqlScriptsTestExecutionListener, EventPublishingTestExecutionListener, WithSecurityContextTestExecutionListener, ReactorContextTestExecutionListener, ResetMocksTestExecutionListener, RestDocsTestExecutionListener, MockRestServiceServerResetTestExecutionListener, MockMvcPrintOnlyOnFailureTestExecutionListener, WebDriverTestExecutionListener, MockWebServiceServerTestExecutionListener, MockitoResetTestExecutionListener]
2025-05-08T20:06:30.055+03:00 DEBUG 3976 --- [library-management] [           main] sContextBeforeModesTestExecutionListener : Before test class: class [CategoryControllerTest], class annotated with @DirtiesContext [true] with mode [AFTER_CLASS]
2025-05-08T20:06:30.057+03:00  INFO 3976 --- [library-management] [           main] o.s.b.d.r.RestartApplicationListener     : Restart disabled due to context in which it is running

  .   ____          _            __ _ _
 /\\ / ___'_ __ _ _(_)_ __  __ _ \ \ \ \
( ( )\___ | '_ | '_| | '_ \/ _` | \ \ \ \
 \\/  ___)| |_)| | | | | || (_| |  ) ) ) )
  '  |____| .__|_| |_|_| |_\__, | / / / /
 =========|_|==============|___/=/_/_/_/

 :: Spring Boot ::                (v3.4.4)

2025-05-08T20:06:30.101+03:00  INFO 3976 --- [library-management] [           main] c.e.l.controller.CategoryControllerTest  : Starting CategoryControllerTest using Java 17.0.14 with PID 3976 (started by Noname in A:\library-management)
2025-05-08T20:06:30.102+03:00  INFO 3976 --- [library-management] [           main] c.e.l.controller.CategoryControllerTest  : The following 1 profile is active: "category-test"
2025-05-08T20:06:30.102+03:00 DEBUG 3976 --- [library-management] [           main] o.s.boot.SpringApplication               : Loading source class com.example.library_management.launch.Main,class com.example.library_management.controller.TestConfig
2025-05-08T20:06:30.104+03:00 DEBUG 3976 --- [library-management] [           main] o.s.w.c.s.GenericWebApplicationContext   : Refreshing org.springframework.web.context.support.GenericWebApplicationContext@7b2adbde
2025-05-08T20:06:30.105+03:00 DEBUG 3976 --- [library-management] [           main] o.s.b.f.s.DefaultListableBeanFactory     : Creating shared instance of singleton bean 'org.springframework.context.annotation.internalConfigurationAnnotationProcessor'
2025-05-08T20:06:30.105+03:00 DEBUG 3976 --- [library-management] [           main] o.s.b.f.s.DefaultListableBeanFactory     : Creating shared instance of singleton bean 'org.springframework.boot.autoconfigure.internalCachingMetadataReaderFactory'
2025-05-08T20:06:30.138+03:00 DEBUG 3976 --- [library-management] [           main] o.s.c.a.ClassPathBeanDefinitionScanner   : Identified candidate component class: file [A:\library-management\target\test-classes\com\example\library_management\controller\TestConfig.class]
2025-05-08T20:06:30.142+03:00 DEBUG 3976 --- [library-management] [           main] o.s.c.a.ClassPathBeanDefinitionScanner   : Identified candidate component class: file [A:\library-management\target\classes\com\example\library_management\config\DataConfig.class]
2025-05-08T20:06:30.144+03:00 DEBUG 3976 --- [library-management] [           main] o.s.c.a.ClassPathBeanDefinitionScanner   : Identified candidate component class: file [A:\library-management\target\classes\com\example\library_management\controller\AuditController.class]
2025-05-08T20:06:30.146+03:00 DEBUG 3976 --- [library-management] [           main] o.s.c.a.ClassPathBeanDefinitionScanner   : Identified candidate component class: file [A:\library-management\target\classes\com\example\library_management\controller\CategoryController.class]
2025-05-08T20:06:30.147+03:00 DEBUG 3976 --- [library-management] [           main] o.s.c.a.ClassPathBeanDefinitionScanner   : Identified candidate component class: file [A:\library-management\target\classes\com\example\library_management\controller\LibraryBookController.class]
2025-05-08T20:06:30.148+03:00 DEBUG 3976 --- [library-management] [           main] o.s.c.a.ClassPathBeanDefinitionScanner   : Identified candidate component class: file [A:\library-management\target\classes\com\example\library_management\controller\RentalController.class]
2025-05-08T20:06:30.150+03:00 DEBUG 3976 --- [library-management] [           main] o.s.c.a.ClassPathBeanDefinitionScanner   : Identified candidate component class: file [A:\library-management\target\classes\com\example\library_management\controller\UserController.class]
2025-05-08T20:06:30.151+03:00 DEBUG 3976 --- [library-management] [           main] o.s.c.a.ClassPathBeanDefinitionScanner   : Identified candidate component class: file [A:\library-management\target\classes\com\example\library_management\dao\AuditLogDAO.class]
2025-05-08T20:06:30.152+03:00 DEBUG 3976 --- [library-management] [           main] o.s.c.a.ClassPathBeanDefinitionScanner   : Identified candidate component class: file [A:\library-management\target\classes\com\example\library_management\dao\BookInfoDAO.class]
2025-05-08T20:06:30.153+03:00 DEBUG 3976 --- [library-management] [           main] o.s.c.a.ClassPathBeanDefinitionScanner   : Identified candidate component class: file [A:\library-management\target\classes\com\example\library_management\dao\CategoryDAO.class]
2025-05-08T20:06:30.155+03:00 DEBUG 3976 --- [library-management] [           main] o.s.c.a.ClassPathBeanDefinitionScanner   : Identified candidate component class: file [A:\library-management\target\classes\com\example\library_management\dao\LibraryBookDAO.class]
2025-05-08T20:06:30.156+03:00 DEBUG 3976 --- [library-management] [           main] o.s.c.a.ClassPathBeanDefinitionScanner   : Identified candidate component class: file [A:\library-management\target\classes\com\example\library_management\dao\RentalDAO.class]
2025-05-08T20:06:30.156+03:00 DEBUG 3976 --- [library-management] [           main] o.s.c.a.ClassPathBeanDefinitionScanner   : Identified candidate component class: file [A:\library-management\target\classes\com\example\library_management\dao\RoleDAO.class]
2025-05-08T20:06:30.157+03:00 DEBUG 3976 --- [library-management] [           main] o.s.c.a.ClassPathBeanDefinitionScanner   : Identified candidate component class: file [A:\library-management\target\classes\com\example\library_management\dao\UserDAO.class]
2025-05-08T20:06:30.158+03:00 DEBUG 3976 --- [library-management] [           main] o.s.c.a.ClassPathBeanDefinitionScanner   : Identified candidate component class: file [A:\library-management\target\classes\com\example\library_management\dao\UserRoleDAO.class]
2025-05-08T20:06:30.163+03:00 DEBUG 3976 --- [library-management] [           main] o.s.c.a.ClassPathBeanDefinitionScanner   : Identified candidate component class: file [A:\library-management\target\classes\com\example\library_management\exception\GlobalExceptionHandler.class]
2025-05-08T20:06:30.164+03:00 DEBUG 3976 --- [library-management] [           main] o.s.c.a.ClassPathBeanDefinitionScanner   : Identified candidate component class: file [A:\library-management\target\classes\com\example\library_management\mapper\AuditMapper.class]
2025-05-08T20:06:30.166+03:00 DEBUG 3976 --- [library-management] [           main] o.s.c.a.ClassPathBeanDefinitionScanner   : Identified candidate component class: file [A:\library-management\target\classes\com\example\library_management\mapper\LibraryBookMapper.class]
2025-05-08T20:06:30.167+03:00 DEBUG 3976 --- [library-management] [           main] o.s.c.a.ClassPathBeanDefinitionScanner   : Identified candidate component class: file [A:\library-management\target\classes\com\example\library_management\mapper\MapperConfig.class]
2025-05-08T20:06:30.168+03:00 DEBUG 3976 --- [library-management] [           main] o.s.c.a.ClassPathBeanDefinitionScanner   : Identified candidate component class: file [A:\library-management\target\classes\com\example\library_management\mapper\RentalMapper.class]
2025-05-08T20:06:30.169+03:00 DEBUG 3976 --- [library-management] [           main] o.s.c.a.ClassPathBeanDefinitionScanner   : Identified candidate component class: file [A:\library-management\target\classes\com\example\library_management\mapper\UserMapperImpl.class]
2025-05-08T20:06:30.176+03:00 DEBUG 3976 --- [library-management] [           main] o.s.c.a.ClassPathBeanDefinitionScanner   : Identified candidate component class: file [A:\library-management\target\classes\com\example\library_management\security\JwtAuthenticationFilter.class]
2025-05-08T20:06:30.177+03:00 DEBUG 3976 --- [library-management] [           main] o.s.c.a.ClassPathBeanDefinitionScanner   : Identified candidate component class: file [A:\library-management\target\classes\com\example\library_management\security\JwtAuthorizationFilter.class]
2025-05-08T20:06:30.177+03:00 DEBUG 3976 --- [library-management] [           main] o.s.c.a.ClassPathBeanDefinitionScanner   : Identified candidate component class: file [A:\library-management\target\classes\com\example\library_management\security\JwtConfig.class]
2025-05-08T20:06:30.178+03:00 DEBUG 3976 --- [library-management] [           main] o.s.c.a.ClassPathBeanDefinitionScanner   : Identified candidate component class: file [A:\library-management\target\classes\com\example\library_management\security\JwtUtil.class]
2025-05-08T20:06:30.179+03:00 DEBUG 3976 --- [library-management] [           main] o.s.c.a.ClassPathBeanDefinitionScanner   : Identified candidate component class: file [A:\library-management\target\classes\com\example\library_management\security\SecurityConfig.class]
2025-05-08T20:06:30.181+03:00 DEBUG 3976 --- [library-management] [           main] o.s.c.a.ClassPathBeanDefinitionScanner   : Identified candidate component class: file [A:\library-management\target\classes\com\example\library_management\service\AuditService.class]
2025-05-08T20:06:30.182+03:00 DEBUG 3976 --- [library-management] [           main] o.s.c.a.ClassPathBeanDefinitionScanner   : Identified candidate component class: file [A:\library-management\target\classes\com\example\library_management\service\CategoryService.class]
2025-05-08T20:06:30.182+03:00 DEBUG 3976 --- [library-management] [           main] o.s.c.a.ClassPathBeanDefinitionScanner   : Identified candidate component class: file [A:\library-management\target\classes\com\example\library_management\service\LibraryBookService.class]
2025-05-08T20:06:30.183+03:00 DEBUG 3976 --- [library-management] [           main] o.s.c.a.ClassPathBeanDefinitionScanner   : Identified candidate component class: file [A:\library-management\target\classes\com\example\library_management\service\RentalService.class]
2025-05-08T20:06:30.184+03:00 DEBUG 3976 --- [library-management] [           main] o.s.c.a.ClassPathBeanDefinitionScanner   : Identified candidate component class: file [A:\library-management\target\classes\com\example\library_management\service\UserService.class]
2025-05-08T20:06:30.200+03:00 DEBUG 3976 --- [library-management] [           main] o.s.c.a.ClassPathBeanDefinitionScanner   : Identified candidate component class: file [A:\library-management\target\test-classes\com\example\library_management\controller\TestConfig.class]
2025-05-08T20:06:30.201+03:00 DEBUG 3976 --- [library-management] [           main] o.s.c.a.ClassPathBeanDefinitionScanner   : Identified candidate component class: file [A:\library-management\target\classes\com\example\library_management\controller\AuditController.class]
2025-05-08T20:06:30.201+03:00 DEBUG 3976 --- [library-management] [           main] o.s.c.a.ClassPathBeanDefinitionScanner   : Identified candidate component class: file [A:\library-management\target\classes\com\example\library_management\controller\CategoryController.class]
2025-05-08T20:06:30.201+03:00 DEBUG 3976 --- [library-management] [           main] o.s.c.a.ClassPathBeanDefinitionScanner   : Identified candidate component class: file [A:\library-management\target\classes\com\example\library_management\controller\LibraryBookController.class]
2025-05-08T20:06:30.201+03:00 DEBUG 3976 --- [library-management] [           main] o.s.c.a.ClassPathBeanDefinitionScanner   : Identified candidate component class: file [A:\library-management\target\classes\com\example\library_management\controller\RentalController.class]
2025-05-08T20:06:30.201+03:00 DEBUG 3976 --- [library-management] [           main] o.s.c.a.ClassPathBeanDefinitionScanner   : Identified candidate component class: file [A:\library-management\target\classes\com\example\library_management\controller\UserController.class]
2025-05-08T20:06:30.201+03:00 DEBUG 3976 --- [library-management] [           main] o.s.c.a.ClassPathBeanDefinitionScanner   : Identified candidate component class: file [A:\library-management\target\classes\com\example\library_management\dao\AuditLogDAO.class]
2025-05-08T20:06:30.201+03:00 DEBUG 3976 --- [library-management] [           main] o.s.c.a.ClassPathBeanDefinitionScanner   : Identified candidate component class: file [A:\library-management\target\classes\com\example\library_management\dao\BookInfoDAO.class]
2025-05-08T20:06:30.201+03:00 DEBUG 3976 --- [library-management] [           main] o.s.c.a.ClassPathBeanDefinitionScanner   : Identified candidate component class: file [A:\library-management\target\classes\com\example\library_management\dao\CategoryDAO.class]
2025-05-08T20:06:30.201+03:00 DEBUG 3976 --- [library-management] [           main] o.s.c.a.ClassPathBeanDefinitionScanner   : Identified candidate component class: file [A:\library-management\target\classes\com\example\library_management\dao\LibraryBookDAO.class]
2025-05-08T20:06:30.201+03:00 DEBUG 3976 --- [library-management] [           main] o.s.c.a.ClassPathBeanDefinitionScanner   : Identified candidate component class: file [A:\library-management\target\classes\com\example\library_management\dao\RentalDAO.class]
2025-05-08T20:06:30.201+03:00 DEBUG 3976 --- [library-management] [           main] o.s.c.a.ClassPathBeanDefinitionScanner   : Identified candidate component class: file [A:\library-management\target\classes\com\example\library_management\dao\RoleDAO.class]
2025-05-08T20:06:30.201+03:00 DEBUG 3976 --- [library-management] [           main] o.s.c.a.ClassPathBeanDefinitionScanner   : Identified candidate component class: file [A:\library-management\target\classes\com\example\library_management\dao\UserDAO.class]
2025-05-08T20:06:30.201+03:00 DEBUG 3976 --- [library-management] [           main] o.s.c.a.ClassPathBeanDefinitionScanner   : Identified candidate component class: file [A:\library-management\target\classes\com\example\library_management\dao\UserRoleDAO.class]
2025-05-08T20:06:30.202+03:00 DEBUG 3976 --- [library-management] [           main] o.s.c.a.ClassPathBeanDefinitionScanner   : Identified candidate component class: file [A:\library-management\target\classes\com\example\library_management\exception\GlobalExceptionHandler.class]
2025-05-08T20:06:30.202+03:00 DEBUG 3976 --- [library-management] [           main] o.s.c.a.ClassPathBeanDefinitionScanner   : Identified candidate component class: file [A:\library-management\target\classes\com\example\library_management\launch\Main.class]
2025-05-08T20:06:30.202+03:00 DEBUG 3976 --- [library-management] [           main] o.s.c.a.ClassPathBeanDefinitionScanner   : Identified candidate component class: file [A:\library-management\target\classes\com\example\library_management\mapper\AuditMapper.class]
2025-05-08T20:06:30.202+03:00 DEBUG 3976 --- [library-management] [           main] o.s.c.a.ClassPathBeanDefinitionScanner   : Identified candidate component class: file [A:\library-management\target\classes\com\example\library_management\mapper\LibraryBookMapper.class]
2025-05-08T20:06:30.202+03:00 DEBUG 3976 --- [library-management] [           main] o.s.c.a.ClassPathBeanDefinitionScanner   : Identified candidate component class: file [A:\library-management\target\classes\com\example\library_management\mapper\MapperConfig.class]
2025-05-08T20:06:30.202+03:00 DEBUG 3976 --- [library-management] [           main] o.s.c.a.ClassPathBeanDefinitionScanner   : Identified candidate component class: file [A:\library-management\target\classes\com\example\library_management\mapper\RentalMapper.class]
2025-05-08T20:06:30.202+03:00 DEBUG 3976 --- [library-management] [           main] o.s.c.a.ClassPathBeanDefinitionScanner   : Identified candidate component class: file [A:\library-management\target\classes\com\example\library_management\mapper\UserMapperImpl.class]
2025-05-08T20:06:30.202+03:00 DEBUG 3976 --- [library-management] [           main] o.s.c.a.ClassPathBeanDefinitionScanner   : Identified candidate component class: file [A:\library-management\target\classes\com\example\library_management\security\JwtAuthenticationFilter.class]
2025-05-08T20:06:30.202+03:00 DEBUG 3976 --- [library-management] [           main] o.s.c.a.ClassPathBeanDefinitionScanner   : Identified candidate component class: file [A:\library-management\target\classes\com\example\library_management\security\JwtAuthorizationFilter.class]
2025-05-08T20:06:30.202+03:00 DEBUG 3976 --- [library-management] [           main] o.s.c.a.ClassPathBeanDefinitionScanner   : Identified candidate component class: file [A:\library-management\target\classes\com\example\library_management\security\JwtConfig.class]
2025-05-08T20:06:30.202+03:00 DEBUG 3976 --- [library-management] [           main] o.s.c.a.ClassPathBeanDefinitionScanner   : Identified candidate component class: file [A:\library-management\target\classes\com\example\library_management\security\JwtUtil.class]
2025-05-08T20:06:30.202+03:00 DEBUG 3976 --- [library-management] [           main] o.s.c.a.ClassPathBeanDefinitionScanner   : Identified candidate component class: file [A:\library-management\target\classes\com\example\library_management\security\SecurityConfig.class]
2025-05-08T20:06:30.202+03:00 DEBUG 3976 --- [library-management] [           main] o.s.c.a.ClassPathBeanDefinitionScanner   : Identified candidate component class: file [A:\library-management\target\classes\com\example\library_management\service\AuditService.class]
2025-05-08T20:06:30.202+03:00 DEBUG 3976 --- [library-management] [           main] o.s.c.a.ClassPathBeanDefinitionScanner   : Identified candidate component class: file [A:\library-management\target\classes\com\example\library_management\service\CategoryService.class]
2025-05-08T20:06:30.202+03:00 DEBUG 3976 --- [library-management] [           main] o.s.c.a.ClassPathBeanDefinitionScanner   : Identified candidate component class: file [A:\library-management\target\classes\com\example\library_management\service\LibraryBookService.class]
2025-05-08T20:06:30.202+03:00 DEBUG 3976 --- [library-management] [           main] o.s.c.a.ClassPathBeanDefinitionScanner   : Identified candidate component class: file [A:\library-management\target\classes\com\example\library_management\service\RentalService.class]
2025-05-08T20:06:30.203+03:00 DEBUG 3976 --- [library-management] [           main] o.s.c.a.ClassPathBeanDefinitionScanner   : Identified candidate component class: file [A:\library-management\target\classes\com\example\library_management\service\UserService.class]
2025-05-08T20:06:30.539+03:00 DEBUG 3976 --- [library-management] [           main] o.s.b.f.s.DefaultListableBeanFactory     : Creating shared instance of singleton bean 'org.springframework.boot.test.context.ImportsContextCustomizer$ImportsCleanupPostProcessor'
2025-05-08T20:06:30.540+03:00 DEBUG 3976 --- [library-management] [           main] o.s.b.f.s.DefaultListableBeanFactory     : Creating shared instance of singleton bean 'springSecurityHandlerMappingIntrospectorBeanDefinitionRegistryPostProcessor'
2025-05-08T20:06:30.543+03:00 DEBUG 3976 --- [library-management] [           main] o.s.b.f.s.DefaultListableBeanFactory     : Creating shared instance of singleton bean 'propertySourcesPlaceholderConfigurer'
2025-05-08T20:06:30.545+03:00 DEBUG 3976 --- [library-management] [           main] o.s.b.f.s.DefaultListableBeanFactory     : Creating shared instance of singleton bean 'org.springframework.boot.test.mock.mockito.MockitoPostProcessor'
2025-05-08T20:06:30.545+03:00 DEBUG 3976 --- [library-management] [           main] o.s.b.f.s.DefaultListableBeanFactory     : Creating shared instance of singleton bean 'org.springframework.boot.sql.init.dependency.DatabaseInitializationDependencyConfigurer$DependsOnDatabaseInitializationPostProcessor'
2025-05-08T20:06:30.558+03:00 DEBUG 3976 --- [library-management] [           main] o.s.b.f.s.DefaultListableBeanFactory     : Creating shared instance of singleton bean 'org.springframework.context.event.internalEventListenerProcessor'
2025-05-08T20:06:30.559+03:00 DEBUG 3976 --- [library-management] [           main] o.s.b.f.s.DefaultListableBeanFactory     : Creating shared instance of singleton bean 'conversionServicePostProcessor'
2025-05-08T20:06:30.559+03:00 DEBUG 3976 --- [library-management] [           main] o.s.b.f.s.DefaultListableBeanFactory     : Creating shared instance of singleton bean 'preserveErrorControllerTargetClassPostProcessor'
2025-05-08T20:06:30.559+03:00 DEBUG 3976 --- [library-management] [           main] o.s.b.f.s.DefaultListableBeanFactory     : Creating shared instance of singleton bean 'forceAutoProxyCreatorToUseClassProxying'
2025-05-08T20:06:30.559+03:00 DEBUG 3976 --- [library-management] [           main] o.s.b.f.s.DefaultListableBeanFactory     : Creating shared instance of singleton bean 'org.springframework.context.event.internalEventListenerFactory'
2025-05-08T20:06:30.559+03:00 DEBUG 3976 --- [library-management] [           main] o.s.b.f.s.DefaultListableBeanFactory     : Creating shared instance of singleton bean 'org.springframework.transaction.config.internalTransactionalEventListenerFactory'
2025-05-08T20:06:30.561+03:00 DEBUG 3976 --- [library-management] [           main] o.s.b.f.s.DefaultListableBeanFactory     : Creating shared instance of singleton bean 'org.springframework.context.annotation.internalAutowiredAnnotationProcessor'
2025-05-08T20:06:30.561+03:00 DEBUG 3976 --- [library-management] [           main] o.s.b.f.s.DefaultListableBeanFactory     : Creating shared instance of singleton bean 'org.springframework.context.annotation.internalCommonAnnotationProcessor'
2025-05-08T20:06:30.561+03:00 DEBUG 3976 --- [library-management] [           main] o.s.b.f.s.DefaultListableBeanFactory     : Creating shared instance of singleton bean 'org.springframework.context.annotation.internalPersistenceAnnotationProcessor'
2025-05-08T20:06:30.562+03:00 DEBUG 3976 --- [library-management] [           main] o.s.b.f.s.DefaultListableBeanFactory     : Creating shared instance of singleton bean 'org.springframework.boot.test.mock.mockito.MockitoPostProcessor$SpyPostProcessor'
2025-05-08T20:06:30.562+03:00 DEBUG 3976 --- [library-management] [           main] o.s.b.f.s.DefaultListableBeanFactory     : Creating shared instance of singleton bean 'org.springframework.boot.context.properties.ConfigurationPropertiesBindingPostProcessor'
2025-05-08T20:06:30.562+03:00 DEBUG 3976 --- [library-management] [           main] o.s.b.f.s.DefaultListableBeanFactory     : Creating shared instance of singleton bean 'org.springframework.boot.context.internalConfigurationPropertiesBinder'
2025-05-08T20:06:30.563+03:00 DEBUG 3976 --- [library-management] [           main] o.s.b.f.s.DefaultListableBeanFactory     : Creating shared instance of singleton bean 'org.springframework.aop.config.internalAutoProxyCreator'
2025-05-08T20:06:30.564+03:00 DEBUG 3976 --- [library-management] [           main] o.s.b.f.s.DefaultListableBeanFactory     : Creating shared instance of singleton bean 'methodValidationPostProcessor'
2025-05-08T20:06:30.565+03:00 DEBUG 3976 --- [library-management] [           main] o.s.b.f.s.DefaultListableBeanFactory     : Autowiring by type from bean name 'methodValidationPostProcessor' via factory method to bean named 'environment'
2025-05-08T20:06:30.565+03:00 DEBUG 3976 --- [library-management] [           main] o.s.b.f.s.DefaultListableBeanFactory     : Creating shared instance of singleton bean 'org.springframework.boot.context.properties.EnableConfigurationPropertiesRegistrar.methodValidationExcludeFilter'
2025-05-08T20:06:30.567+03:00 DEBUG 3976 --- [library-management] [           main] o.s.b.f.s.DefaultListableBeanFactory     : Creating shared instance of singleton bean 'persistenceExceptionTranslationPostProcessor'
2025-05-08T20:06:30.567+03:00 DEBUG 3976 --- [library-management] [           main] o.s.b.f.s.DefaultListableBeanFactory     : Autowiring by type from bean name 'persistenceExceptionTranslationPostProcessor' via factory method to bean named 'environment'
2025-05-08T20:06:30.568+03:00 DEBUG 3976 --- [library-management] [           main] o.s.b.f.s.DefaultListableBeanFactory     : Creating shared instance of singleton bean 'webServerFactoryCustomizerBeanPostProcessor'
2025-05-08T20:06:30.568+03:00 DEBUG 3976 --- [library-management] [           main] o.s.b.f.s.DefaultListableBeanFactory     : Creating shared instance of singleton bean 'errorPageRegistrarBeanPostProcessor'
2025-05-08T20:06:30.568+03:00 DEBUG 3976 --- [library-management] [           main] o.s.u.c.s.UiApplicationContextUtils      : Unable to locate ThemeSource with name 'themeSource': using default [org.springframework.ui.context.support.ResourceBundleThemeSource@5de769c8]
2025-05-08T20:06:30.569+03:00 DEBUG 3976 --- [library-management] [           main] o.s.b.f.s.DefaultListableBeanFactory     : Creating shared instance of singleton bean 'org.springframework.test.context.support.internalDynamicPropertyRegistrarBeanInitializer'
2025-05-08T20:06:30.569+03:00 DEBUG 3976 --- [library-management] [           main] o.s.b.f.s.DefaultListableBeanFactory     : Creating shared instance of singleton bean 'org.springframework.transaction.config.internalTransactionAdvisor'
2025-05-08T20:06:30.569+03:00 DEBUG 3976 --- [library-management] [           main] o.s.b.f.s.DefaultListableBeanFactory     : Creating shared instance of singleton bean 'org.springframework.transaction.annotation.ProxyTransactionManagementConfiguration'
2025-05-08T20:06:30.571+03:00 DEBUG 3976 --- [library-management] [           main] o.s.b.f.s.DefaultListableBeanFactory     : Creating shared instance of singleton bean 'preFilterAuthorizationAdvisor'
2025-05-08T20:06:30.571+03:00 DEBUG 3976 --- [library-management] [           main] o.s.b.f.s.DefaultListableBeanFactory     : Creating shared instance of singleton bean 'preFilterAuthorizationMethodInterceptor'
2025-05-08T20:06:30.572+03:00 DEBUG 3976 --- [library-management] [           main] o.s.b.f.s.DefaultListableBeanFactory     : Creating shared instance of singleton bean 'preAuthorizeAuthorizationAdvisor'
2025-05-08T20:06:30.573+03:00 DEBUG 3976 --- [library-management] [           main] o.s.b.f.s.DefaultListableBeanFactory     : Creating shared instance of singleton bean 'preAuthorizeAuthorizationMethodInterceptor'
2025-05-08T20:06:30.574+03:00 DEBUG 3976 --- [library-management] [           main] o.s.b.f.s.DefaultListableBeanFactory     : Creating shared instance of singleton bean 'postFilterAuthorizationAdvisor'
2025-05-08T20:06:30.574+03:00 DEBUG 3976 --- [library-management] [           main] o.s.b.f.s.DefaultListableBeanFactory     : Creating shared instance of singleton bean 'postFilterAuthorizationMethodInterceptor'
2025-05-08T20:06:30.575+03:00 DEBUG 3976 --- [library-management] [           main] o.s.b.f.s.DefaultListableBeanFactory     : Creating shared instance of singleton bean 'postAuthorizeAuthorizationAdvisor'
2025-05-08T20:06:30.575+03:00 DEBUG 3976 --- [library-management] [           main] o.s.b.f.s.DefaultListableBeanFactory     : Creating shared instance of singleton bean 'postAuthorizeAuthorizationMethodInterceptor'
2025-05-08T20:06:30.575+03:00 DEBUG 3976 --- [library-management] [           main] o.s.b.f.s.DefaultListableBeanFactory     : Creating shared instance of singleton bean 'authorizeReturnObjectAdvisor'
2025-05-08T20:06:30.575+03:00 DEBUG 3976 --- [library-management] [           main] o.s.b.f.s.DefaultListableBeanFactory     : Creating shared instance of singleton bean 'authorizeReturnObjectMethodInterceptor'
2025-05-08T20:06:30.576+03:00 DEBUG 3976 --- [library-management] [           main] o.s.b.f.s.DefaultListableBeanFactory     : Creating shared instance of singleton bean 'authorizationProxyFactory'
2025-05-08T20:06:30.577+03:00 DEBUG 3976 --- [library-management] [           main] o.s.b.f.s.DefaultListableBeanFactory     : Autowiring by type from bean name 'authorizeReturnObjectMethodInterceptor' via factory method to bean named 'authorizationProxyFactory'
2025-05-08T20:06:30.579+03:00 DEBUG 3976 --- [library-management] [           main] o.s.b.f.s.DefaultListableBeanFactory     : Creating shared instance of singleton bean 'transactionAttributeSource'
2025-05-08T20:06:30.580+03:00 DEBUG 3976 --- [library-management] [           main] o.s.b.f.s.DefaultListableBeanFactory     : Creating shared instance of singleton bean 'transactionInterceptor'
2025-05-08T20:06:30.581+03:00 DEBUG 3976 --- [library-management] [           main] o.s.b.f.s.DefaultListableBeanFactory     : Autowiring by type from bean name 'transactionInterceptor' via factory method to bean named 'transactionAttributeSource'
2025-05-08T20:06:30.581+03:00 DEBUG 3976 --- [library-management] [           main] o.s.b.f.s.DefaultListableBeanFactory     : Autowiring by type from bean name 'org.springframework.transaction.config.internalTransactionAdvisor' via factory method to bean named 'transactionAttributeSource'
2025-05-08T20:06:30.581+03:00 DEBUG 3976 --- [library-management] [           main] o.s.b.f.s.DefaultListableBeanFactory     : Autowiring by type from bean name 'org.springframework.transaction.config.internalTransactionAdvisor' via factory method to bean named 'transactionInterceptor'
2025-05-08T20:06:30.584+03:00 DEBUG 3976 --- [library-management] [           main] o.s.b.f.s.DefaultListableBeanFactory     : Creating shared instance of singleton bean 'dataSourceScriptDatabaseInitializer'
2025-05-08T20:06:30.584+03:00 DEBUG 3976 --- [library-management] [           main] o.s.b.f.s.DefaultListableBeanFactory     : Creating shared instance of singleton bean 'org.springframework.boot.autoconfigure.sql.init.DataSourceInitializationConfiguration'
2025-05-08T20:06:30.585+03:00 DEBUG 3976 --- [library-management] [           main] o.s.b.f.s.DefaultListableBeanFactory     : Creating shared instance of singleton bean 'dataSource'
2025-05-08T20:06:30.585+03:00 DEBUG 3976 --- [library-management] [           main] o.s.b.f.s.DefaultListableBeanFactory     : Creating shared instance of singleton bean 'dataConfig'
2025-05-08T20:06:30.586+03:00 DEBUG 3976 --- [library-management] [           main] o.s.b.f.s.DefaultListableBeanFactory     : Autowiring by type from bean name 'dataConfig' via constructor to bean named 'environment'
2025-05-08T20:06:30.587+03:00 DEBUG 3976 --- [library-management] [           main] o.s.j.d.DriverManagerDataSource          : Loaded JDBC driver: org.postgresql.Driver
2025-05-08T20:06:30.590+03:00 DEBUG 3976 --- [library-management] [           main] o.s.b.f.s.DefaultListableBeanFactory     : Creating shared instance of singleton bean 'spring.sql.init-org.springframework.boot.autoconfigure.sql.init.SqlInitializationProperties'
2025-05-08T20:06:30.591+03:00 DEBUG 3976 --- [library-management] [           main] o.s.b.f.s.DefaultListableBeanFactory     : Creating shared instance of singleton bean 'org.springframework.boot.context.properties.BoundConfigurationProperties'
2025-05-08T20:06:30.595+03:00 DEBUG 3976 --- [library-management] [           main] o.s.b.f.s.DefaultListableBeanFactory     : Autowiring by type from bean name 'dataSourceScriptDatabaseInitializer' via factory method to bean named 'dataSource'
2025-05-08T20:06:30.596+03:00 DEBUG 3976 --- [library-management] [           main] o.s.b.f.s.DefaultListableBeanFactory     : Autowiring by type from bean name 'dataSourceScriptDatabaseInitializer' via factory method to bean named 'spring.sql.init-org.springframework.boot.autoconfigure.sql.init.SqlInitializationProperties'
2025-05-08T20:06:30.598+03:00 DEBUG 3976 --- [library-management] [           main] o.s.b.f.s.DefaultListableBeanFactory     : Creating shared instance of singleton bean 'entityManagerFactory'
2025-05-08T20:06:30.598+03:00 DEBUG 3976 --- [library-management] [           main] ySourcesPropertyResolver$DefaultResolver : Found key 'spring.jpa.properties.hibernate.format_sql' in PropertySource 'Config resource 'class path resource [application.properties]' via location 'optional:classpath:/'' with value of type String
2025-05-08T20:06:30.600+03:00 DEBUG 3976 --- [library-management] [           main] .i.s.PathMatchingResourcePatternResolver : Skipping search for files matching pattern [**/*.class]: directory [A:\library-management\target\test-classes\com\example\library_management\model] does not exist
2025-05-08T20:06:30.602+03:00 DEBUG 3976 --- [library-management] [           main] j.LocalContainerEntityManagerFactoryBean : Building JPA container EntityManagerFactory for persistence unit 'default'
2025-05-08T20:06:30.602+03:00  INFO 3976 --- [library-management] [           main] o.hibernate.jpa.internal.util.LogHelper  : HHH000204: Processing PersistenceUnitInfo [name: default]
2025-05-08T20:06:30.607+03:00  INFO 3976 --- [library-management] [           main] o.h.c.internal.RegionFactoryInitiator    : HHH000026: Second-level cache disabled
2025-05-08T20:06:30.627+03:00  INFO 3976 --- [library-management] [           main] o.s.o.j.p.SpringPersistenceUnitInfo      : No LoadTimeWeaver setup: ignoring JPA class transformer
2025-05-08T20:06:30.629+03:00 DEBUG 3976 --- [library-management] [           main] o.s.j.d.DriverManagerDataSource          : Creating new JDBC DriverManager Connection to [jdbc:postgresql://localhost:5432/library_db]
2025-05-08T20:06:30.714+03:00  WARN 3976 --- [library-management] [           main] org.hibernate.orm.deprecation            : HHH90000025: PostgreSQLDialect does not need to be specified explicitly using 'hibernate.dialect' (remove the property setting and it will be selected by default)
2025-05-08T20:06:30.716+03:00 DEBUG 3976 --- [library-management] [           main] o.h.t.d.sql.spi.DdlTypeRegistry          : addDescriptor(2003, org.hibernate.type.descriptor.sql.internal.ArrayDdlTypeImpl@549fc0b3) replaced previous registration(org.hibernate.type.descriptor.sql.internal.ArrayDdlTypeImpl@4f091800)
2025-05-08T20:06:30.717+03:00 DEBUG 3976 --- [library-management] [           main] o.h.t.d.sql.spi.DdlTypeRegistry          : addDescriptor(6, org.hibernate.type.descriptor.sql.internal.CapacityDependentDdlType@3d8d926f) replaced previous registration(org.hibernate.type.descriptor.sql.internal.DdlTypeImpl@73daf6a6)
2025-05-08T20:06:30.938+03:00  INFO 3976 --- [library-management] [           main] o.h.e.t.j.p.i.JtaPlatformInitiator       : HHH000489: No JTA platform available (set 'hibernate.transaction.jta.platform' to enable JTA platform integration)
2025-05-08T20:06:30.939+03:00 DEBUG 3976 --- [library-management] [           main] o.s.j.d.DriverManagerDataSource          : Creating new JDBC DriverManager Connection to [jdbc:postgresql://localhost:5432/library_db]
2025-05-08T20:06:32.103+03:00  INFO 3976 --- [library-management] [           main] j.LocalContainerEntityManagerFactoryBean : Initialized JPA EntityManagerFactory for persistence unit 'default'
2025-05-08T20:06:32.107+03:00 DEBUG 3976 --- [library-management] [           main] o.s.b.f.s.DefaultListableBeanFactory     : Creating shared instance of singleton bean 'main'
2025-05-08T20:06:32.108+03:00 DEBUG 3976 --- [library-management] [           main] o.s.b.f.s.DefaultListableBeanFactory     : Creating shared instance of singleton bean 'testConfig'
2025-05-08T20:06:32.109+03:00 DEBUG 3976 --- [library-management] [           main] o.s.b.f.s.DefaultListableBeanFactory     : Creating shared instance of singleton bean 'auditController'
2025-05-08T20:06:32.110+03:00 DEBUG 3976 --- [library-management] [           main] o.s.b.f.s.DefaultListableBeanFactory     : Creating shared instance of singleton bean 'auditService'
2025-05-08T20:06:32.112+03:00 DEBUG 3976 --- [library-management] [           main] o.s.b.f.s.DefaultListableBeanFactory     : Creating shared instance of singleton bean 'userService'
2025-05-08T20:06:32.113+03:00 DEBUG 3976 --- [library-management] [           main] o.s.b.f.s.DefaultListableBeanFactory     : Creating shared instance of singleton bean 'auditMapper'
2025-05-08T20:06:32.114+03:00 DEBUG 3976 --- [library-management] [           main] o.s.b.f.s.DefaultListableBeanFactory     : Autowiring by type from bean name 'auditController' via constructor to bean named 'auditService'
2025-05-08T20:06:32.114+03:00 DEBUG 3976 --- [library-management] [           main] o.s.b.f.s.DefaultListableBeanFactory     : Autowiring by type from bean name 'auditController' via constructor to bean named 'userService'
2025-05-08T20:06:32.114+03:00 DEBUG 3976 --- [library-management] [           main] o.s.b.f.s.DefaultListableBeanFactory     : Autowiring by type from bean name 'auditController' via constructor to bean named 'auditMapper'
2025-05-08T20:06:32.115+03:00 DEBUG 3976 --- [library-management] [           main] o.s.b.f.s.DefaultListableBeanFactory     : Creating shared instance of singleton bean 'categoryController'
2025-05-08T20:06:32.115+03:00 DEBUG 3976 --- [library-management] [           main] o.s.b.f.s.DefaultListableBeanFactory     : Creating shared instance of singleton bean 'categoryService'
2025-05-08T20:06:32.117+03:00 DEBUG 3976 --- [library-management] [           main] o.s.b.f.s.DefaultListableBeanFactory     : Autowiring by type from bean name 'categoryController' via constructor to bean named 'categoryService'
2025-05-08T20:06:32.118+03:00 DEBUG 3976 --- [library-management] [           main] o.s.b.f.s.DefaultListableBeanFactory     : Creating shared instance of singleton bean 'libraryBookController'
2025-05-08T20:06:32.119+03:00 DEBUG 3976 --- [library-management] [           main] o.s.b.f.s.DefaultListableBeanFactory     : Creating shared instance of singleton bean 'libraryBookService'
2025-05-08T20:06:32.120+03:00 DEBUG 3976 --- [library-management] [           main] o.s.b.f.s.DefaultListableBeanFactory     : Autowiring by type from bean name 'libraryBookController' via constructor to bean named 'libraryBookService'
2025-05-08T20:06:32.121+03:00 DEBUG 3976 --- [library-management] [           main] o.s.b.f.s.DefaultListableBeanFactory     : Creating shared instance of singleton bean 'rentalController'
2025-05-08T20:06:32.122+03:00 DEBUG 3976 --- [library-management] [           main] o.s.b.f.s.DefaultListableBeanFactory     : Creating shared instance of singleton bean 'rentalService'
2025-05-08T20:06:32.123+03:00 DEBUG 3976 --- [library-management] [           main] o.s.b.f.s.DefaultListableBeanFactory     : Creating shared instance of singleton bean 'rentalMapper'
2025-05-08T20:06:32.124+03:00 DEBUG 3976 --- [library-management] [           main] o.s.b.f.s.DefaultListableBeanFactory     : Autowiring by type from bean name 'rentalController' via constructor to bean named 'rentalService'
2025-05-08T20:06:32.124+03:00 DEBUG 3976 --- [library-management] [           main] o.s.b.f.s.DefaultListableBeanFactory     : Autowiring by type from bean name 'rentalController' via constructor to bean named 'userService'
2025-05-08T20:06:32.124+03:00 DEBUG 3976 --- [library-management] [           main] o.s.b.f.s.DefaultListableBeanFactory     : Autowiring by type from bean name 'rentalController' via constructor to bean named 'rentalMapper'
2025-05-08T20:06:32.125+03:00 DEBUG 3976 --- [library-management] [           main] o.s.b.f.s.DefaultListableBeanFactory     : Creating shared instance of singleton bean 'userController'
2025-05-08T20:06:32.125+03:00 DEBUG 3976 --- [library-management] [           main] o.s.b.f.s.DefaultListableBeanFactory     : Creating shared instance of singleton bean 'userMapper'
2025-05-08T20:06:32.125+03:00 DEBUG 3976 --- [library-management] [           main] o.s.b.f.s.DefaultListableBeanFactory     : Creating shared instance of singleton bean 'mapperConfig'
2025-05-08T20:06:32.126+03:00 DEBUG 3976 --- [library-management] [           main] o.s.b.f.s.DefaultListableBeanFactory     : Autowiring by type from bean name 'userController' via constructor to bean named 'userService'
2025-05-08T20:06:32.126+03:00 DEBUG 3976 --- [library-management] [           main] o.s.b.f.s.DefaultListableBeanFactory     : Autowiring by type from bean name 'userController' via constructor to bean named 'userMapper'
2025-05-08T20:06:32.127+03:00 DEBUG 3976 --- [library-management] [           main] o.s.b.f.s.DefaultListableBeanFactory     : Creating shared instance of singleton bean 'auditLogDAO'
2025-05-08T20:06:32.130+03:00 DEBUG 3976 --- [library-management] [           main] o.s.b.f.s.DefaultListableBeanFactory     : Creating shared instance of singleton bean 'bookInfoDAO'
2025-05-08T20:06:32.132+03:00 DEBUG 3976 --- [library-management] [           main] o.s.b.f.s.DefaultListableBeanFactory     : Creating shared instance of singleton bean 'categoryDAO'
2025-05-08T20:06:32.134+03:00 DEBUG 3976 --- [library-management] [           main] o.s.b.f.s.DefaultListableBeanFactory     : Creating shared instance of singleton bean 'libraryBookDAO'
2025-05-08T20:06:32.135+03:00 DEBUG 3976 --- [library-management] [           main] o.s.b.f.s.DefaultListableBeanFactory     : Creating shared instance of singleton bean 'rentalDAO'
2025-05-08T20:06:32.137+03:00 DEBUG 3976 --- [library-management] [           main] o.s.b.f.s.DefaultListableBeanFactory     : Creating shared instance of singleton bean 'roleDAO'
2025-05-08T20:06:32.138+03:00 DEBUG 3976 --- [library-management] [           main] o.s.b.f.s.DefaultListableBeanFactory     : Creating shared instance of singleton bean 'userDAO'
2025-05-08T20:06:32.139+03:00 DEBUG 3976 --- [library-management] [           main] o.s.b.f.s.DefaultListableBeanFactory     : Creating shared instance of singleton bean 'userRoleDAO'
2025-05-08T20:06:32.140+03:00 DEBUG 3976 --- [library-management] [           main] o.s.b.f.s.DefaultListableBeanFactory     : Creating shared instance of singleton bean 'globalExceptionHandler'
2025-05-08T20:06:32.141+03:00 DEBUG 3976 --- [library-management] [           main] o.s.b.f.s.DefaultListableBeanFactory     : Creating shared instance of singleton bean 'libraryBookMapper'
2025-05-08T20:06:32.141+03:00 DEBUG 3976 --- [library-management] [           main] o.s.b.f.s.DefaultListableBeanFactory     : Creating shared instance of singleton bean 'userMapperImpl'
2025-05-08T20:06:32.141+03:00 DEBUG 3976 --- [library-management] [           main] o.s.b.f.s.DefaultListableBeanFactory     : Creating shared instance of singleton bean 'jwtAuthenticationFilter'
2025-05-08T20:06:32.142+03:00 DEBUG 3976 --- [library-management] [           main] o.s.b.f.s.DefaultListableBeanFactory     : Creating shared instance of singleton bean 'jwtUtil'
2025-05-08T20:06:32.142+03:00 DEBUG 3976 --- [library-management] [           main] o.s.b.f.s.DefaultListableBeanFactory     : Creating shared instance of singleton bean 'jwtSecretоKey'
2025-05-08T20:06:32.142+03:00 DEBUG 3976 --- [library-management] [           main] o.s.b.f.s.DefaultListableBeanFactory     : Creating shared instance of singleton bean 'jwtConfig'
2025-05-08T20:06:32.144+03:00 DEBUG 3976 --- [library-management] [           main] o.s.b.f.s.DefaultListableBeanFactory     : Autowiring by type from bean name 'jwtUtil' via constructor to bean named 'jwtSecretоKey'
2025-05-08T20:06:32.145+03:00 DEBUG 3976 --- [library-management] [           main] o.s.b.f.s.DefaultListableBeanFactory     : Autowiring by type from bean name 'jwtAuthenticationFilter' via constructor to bean named 'jwtUtil'
2025-05-08T20:06:32.145+03:00 DEBUG 3976 --- [library-management] [           main] o.s.b.f.s.DefaultListableBeanFactory     : Autowiring by type from bean name 'jwtAuthenticationFilter' via constructor to bean named 'userService'
2025-05-08T20:06:32.147+03:00 DEBUG 3976 --- [library-management] [           main] o.s.b.f.s.DefaultListableBeanFactory     : Creating shared instance of singleton bean 'jwtAuthorizationFilter'
2025-05-08T20:06:32.147+03:00 DEBUG 3976 --- [library-management] [           main] o.s.b.f.s.DefaultListableBeanFactory     : Autowiring by type from bean name 'jwtAuthorizationFilter' via constructor to bean named 'jwtUtil'
2025-05-08T20:06:32.150+03:00 DEBUG 3976 --- [library-management] [           main] o.s.b.f.s.DefaultListableBeanFactory     : Creating shared instance of singleton bean 'securityConfig'
2025-05-08T20:06:32.152+03:00 DEBUG 3976 --- [library-management] [           main] o.s.b.f.s.DefaultListableBeanFactory     : Creating shared instance of singleton bean 'transactionManager'
2025-05-08T20:06:32.152+03:00 DEBUG 3976 --- [library-management] [           main] o.s.b.f.s.DefaultListableBeanFactory     : Autowiring by type from bean name 'transactionManager' via factory method to bean named 'entityManagerFactory'
2025-05-08T20:06:32.155+03:00 DEBUG 3976 --- [library-management] [           main] o.s.b.f.s.DefaultListableBeanFactory     : Creating shared instance of singleton bean 'org.springframework.security.config.annotation.configuration.ObjectPostProcessorConfiguration'
2025-05-08T20:06:32.156+03:00 DEBUG 3976 --- [library-management] [           main] o.s.b.f.s.DefaultListableBeanFactory     : Creating shared instance of singleton bean 'objectPostProcessor'
2025-05-08T20:06:32.156+03:00 DEBUG 3976 --- [library-management] [           main] o.s.b.f.s.DefaultListableBeanFactory     : Autowiring by type from bean name 'objectPostProcessor' via factory method to bean named 'org.springframework.beans.factory.support.DefaultListableBeanFactory@7cfb255'
2025-05-08T20:06:32.157+03:00 DEBUG 3976 --- [library-management] [           main] o.s.b.f.s.DefaultListableBeanFactory     : Creating shared instance of singleton bean 'org.springframework.security.config.annotation.authentication.configuration.AuthenticationConfiguration'
2025-05-08T20:06:32.160+03:00 DEBUG 3976 --- [library-management] [           main] o.s.b.f.s.DefaultListableBeanFactory     : Creating shared instance of singleton bean 'enableGlobalAuthenticationAutowiredConfigurer'
2025-05-08T20:06:32.160+03:00 DEBUG 3976 --- [library-management] [           main] o.s.b.f.s.DefaultListableBeanFactory     : Autowiring by type from bean name 'enableGlobalAuthenticationAutowiredConfigurer' via factory method to bean named 'org.springframework.web.context.support.GenericWebApplicationContext@7b2adbde'
2025-05-08T20:06:32.161+03:00 DEBUG 3976 --- [library-management] [           main] o.s.b.f.s.DefaultListableBeanFactory     : Creating shared instance of singleton bean 'initializeUserDetailsBeanManagerConfigurer'
2025-05-08T20:06:32.161+03:00 DEBUG 3976 --- [library-management] [           main] o.s.b.f.s.DefaultListableBeanFactory     : Autowiring by type from bean name 'initializeUserDetailsBeanManagerConfigurer' via factory method to bean named 'org.springframework.web.context.support.GenericWebApplicationContext@7b2adbde'
2025-05-08T20:06:32.162+03:00 DEBUG 3976 --- [library-management] [           main] o.s.b.f.s.DefaultListableBeanFactory     : Creating shared instance of singleton bean 'initializeAuthenticationProviderBeanManagerConfigurer'
2025-05-08T20:06:32.162+03:00 DEBUG 3976 --- [library-management] [           main] o.s.b.f.s.DefaultListableBeanFactory     : Autowiring by type from bean name 'initializeAuthenticationProviderBeanManagerConfigurer' via factory method to bean named 'org.springframework.web.context.support.GenericWebApplicationContext@7b2adbde'
2025-05-08T20:06:32.164+03:00 DEBUG 3976 --- [library-management] [           main] o.s.b.f.s.DefaultListableBeanFactory     : Creating shared instance of singleton bean 'authenticationManagerBuilder'
2025-05-08T20:06:32.164+03:00 DEBUG 3976 --- [library-management] [           main] o.s.b.f.s.DefaultListableBeanFactory     : Autowiring by type from bean name 'authenticationManagerBuilder' via factory method to bean named 'objectPostProcessor'
2025-05-08T20:06:32.164+03:00 DEBUG 3976 --- [library-management] [           main] o.s.b.f.s.DefaultListableBeanFactory     : Autowiring by type from bean name 'authenticationManagerBuilder' via factory method to bean named 'org.springframework.web.context.support.GenericWebApplicationContext@7b2adbde'
2025-05-08T20:06:32.164+03:00 DEBUG 3976 --- [library-management] [           main] o.s.b.f.s.DefaultListableBeanFactory     : Creating shared instance of singleton bean 'authenticationEventPublisher'
2025-05-08T20:06:32.165+03:00 DEBUG 3976 --- [library-management] [           main] o.s.b.f.s.DefaultListableBeanFactory     : Creating shared instance of singleton bean 'org.springframework.boot.autoconfigure.security.servlet.SecurityAutoConfiguration'
2025-05-08T20:06:32.165+03:00 DEBUG 3976 --- [library-management] [           main] o.s.b.f.s.DefaultListableBeanFactory     : Autowiring by type from bean name 'authenticationEventPublisher' via factory method to bean named 'org.springframework.web.context.support.GenericWebApplicationContext@7b2adbde'
2025-05-08T20:06:32.169+03:00 DEBUG 3976 --- [library-management] [           main] o.s.b.f.s.DefaultListableBeanFactory     : Creating shared instance of singleton bean 'org.springframework.security.config.annotation.web.configuration.WebSecurityConfiguration'
2025-05-08T20:06:32.172+03:00 DEBUG 3976 --- [library-management] [           main] o.s.b.f.s.DefaultListableBeanFactory     : Creating shared instance of singleton bean 'org.springframework.security.config.annotation.web.configuration.HttpSecurityConfiguration'
2025-05-08T20:06:32.174+03:00 DEBUG 3976 --- [library-management] [           main] o.s.b.f.s.DefaultListableBeanFactory     : Creating shared instance of singleton bean 'mvcContentNegotiationManager'
2025-05-08T20:06:32.174+03:00 DEBUG 3976 --- [library-management] [           main] o.s.b.f.s.DefaultListableBeanFactory     : Creating shared instance of singleton bean 'org.springframework.boot.autoconfigure.web.servlet.WebMvcAutoConfiguration$EnableWebMvcConfiguration'
2025-05-08T20:06:32.175+03:00 DEBUG 3976 --- [library-management] [           main] o.s.b.f.s.DefaultListableBeanFactory     : Creating shared instance of singleton bean 'spring.mvc-org.springframework.boot.autoconfigure.web.servlet.WebMvcProperties'
2025-05-08T20:06:32.179+03:00 DEBUG 3976 --- [library-management] [           main] o.s.b.f.s.DefaultListableBeanFactory     : Creating shared instance of singleton bean 'spring.web-org.springframework.boot.autoconfigure.web.WebProperties'
2025-05-08T20:06:32.181+03:00 DEBUG 3976 --- [library-management] [           main] o.s.b.f.s.DefaultListableBeanFactory     : Autowiring by type from bean name 'org.springframework.boot.autoconfigure.web.servlet.WebMvcAutoConfiguration$EnableWebMvcConfiguration' via constructor to bean named 'spring.mvc-org.springframework.boot.autoconfigure.web.servlet.WebMvcProperties'
2025-05-08T20:06:32.181+03:00 DEBUG 3976 --- [library-management] [           main] o.s.b.f.s.DefaultListableBeanFactory     : Autowiring by type from bean name 'org.springframework.boot.autoconfigure.web.servlet.WebMvcAutoConfiguration$EnableWebMvcConfiguration' via constructor to bean named 'spring.web-org.springframework.boot.autoconfigure.web.WebProperties'
2025-05-08T20:06:32.181+03:00 DEBUG 3976 --- [library-management] [           main] o.s.b.f.s.DefaultListableBeanFactory     : Autowiring by type from bean name 'org.springframework.boot.autoconfigure.web.servlet.WebMvcAutoConfiguration$EnableWebMvcConfiguration' via constructor to bean named 'org.springframework.beans.factory.support.DefaultListableBeanFactory@7cfb255'
2025-05-08T20:06:32.184+03:00 DEBUG 3976 --- [library-management] [           main] o.s.b.f.s.DefaultListableBeanFactory     : Creating shared instance of singleton bean 'org.springframework.security.config.annotation.web.configuration.WebMvcSecurityConfiguration'
2025-05-08T20:06:32.186+03:00 DEBUG 3976 --- [library-management] [           main] o.s.b.f.s.DefaultListableBeanFactory     : Creating shared instance of singleton bean 'org.springframework.boot.autoconfigure.web.servlet.WebMvcAutoConfiguration$WebMvcAutoConfigurationAdapter'
2025-05-08T20:06:32.187+03:00 DEBUG 3976 --- [library-management] [           main] o.s.b.f.s.DefaultListableBeanFactory     : Autowiring by type from bean name 'org.springframework.boot.autoconfigure.web.servlet.WebMvcAutoConfiguration$WebMvcAutoConfigurationAdapter' via constructor to bean named 'spring.web-org.springframework.boot.autoconfigure.web.WebProperties'
2025-05-08T20:06:32.187+03:00 DEBUG 3976 --- [library-management] [           main] o.s.b.f.s.DefaultListableBeanFactory     : Autowiring by type from bean name 'org.springframework.boot.autoconfigure.web.servlet.WebMvcAutoConfiguration$WebMvcAutoConfigurationAdapter' via constructor to bean named 'spring.mvc-org.springframework.boot.autoconfigure.web.servlet.WebMvcProperties'
2025-05-08T20:06:32.187+03:00 DEBUG 3976 --- [library-management] [           main] o.s.b.f.s.DefaultListableBeanFactory     : Autowiring by type from bean name 'org.springframework.boot.autoconfigure.web.servlet.WebMvcAutoConfiguration$WebMvcAutoConfigurationAdapter' via constructor to bean named 'org.springframework.beans.factory.support.DefaultListableBeanFactory@7cfb255'
2025-05-08T20:06:32.190+03:00 DEBUG 3976 --- [library-management] [           main] o.s.b.f.s.DefaultListableBeanFactory     : Creating shared instance of singleton bean 'openEntityManagerInViewInterceptorConfigurer'
2025-05-08T20:06:32.190+03:00 DEBUG 3976 --- [library-management] [           main] o.s.b.f.s.DefaultListableBeanFactory     : Creating shared instance of singleton bean 'org.springframework.boot.autoconfigure.orm.jpa.JpaBaseConfiguration$JpaWebConfiguration'
2025-05-08T20:06:32.190+03:00 DEBUG 3976 --- [library-management] [           main] o.s.b.f.s.DefaultListableBeanFactory     : Creating shared instance of singleton bean 'spring.jpa-org.springframework.boot.autoconfigure.orm.jpa.JpaProperties'
2025-05-08T20:06:32.194+03:00 DEBUG 3976 --- [library-management] [           main] o.s.b.f.s.DefaultListableBeanFactory     : Autowiring by type from bean name 'org.springframework.boot.autoconfigure.orm.jpa.JpaBaseConfiguration$JpaWebConfiguration' via constructor to bean named 'spring.jpa-org.springframework.boot.autoconfigure.orm.jpa.JpaProperties'
2025-05-08T20:06:32.195+03:00 DEBUG 3976 --- [library-management] [           main] o.s.b.f.s.DefaultListableBeanFactory     : Creating shared instance of singleton bean 'openEntityManagerInViewInterceptor'
2025-05-08T20:06:32.195+03:00  WARN 3976 --- [library-management] [           main] JpaBaseConfiguration$JpaWebConfiguration : spring.jpa.open-in-view is enabled by default. Therefore, database queries may be performed during view rendering. Explicitly configure spring.jpa.open-in-view to disable this warning
2025-05-08T20:06:32.196+03:00 DEBUG 3976 --- [library-management] [           main] o.s.b.f.s.DefaultListableBeanFactory     : Autowiring by type from bean name 'openEntityManagerInViewInterceptorConfigurer' via factory method to bean named 'openEntityManagerInViewInterceptor'
2025-05-08T20:06:32.209+03:00 DEBUG 3976 --- [library-management] [           main] o.s.b.f.s.DefaultListableBeanFactory     : Creating shared instance of singleton bean 'passwordEncoder'
2025-05-08T20:06:32.211+03:00  INFO 3976 --- [library-management] [           main] r$InitializeUserDetailsManagerConfigurer : Global AuthenticationManager configured with UserDetailsService bean with name userService
2025-05-08T20:06:32.220+03:00 DEBUG 3976 --- [library-management] [           main] o.s.b.f.s.DefaultListableBeanFactory     : Creating shared instance of singleton bean 'filterChainDecoratorPostProcessor'
2025-05-08T20:06:32.221+03:00 DEBUG 3976 --- [library-management] [           main] o.s.b.f.s.DefaultListableBeanFactory     : Creating shared instance of singleton bean 'mvcHandlerMappingIntrospectorRequestTransformer'
2025-05-08T20:06:32.221+03:00 DEBUG 3976 --- [library-management] [           main] o.s.b.f.s.DefaultListableBeanFactory     : Creating shared instance of singleton bean 'mvcHandlerMappingIntrospector'
2025-05-08T20:06:32.222+03:00 DEBUG 3976 --- [library-management] [           main] o.s.b.f.s.DefaultListableBeanFactory     : Creating shared instance of singleton bean 'welcomePageHandlerMapping'
2025-05-08T20:06:32.222+03:00 DEBUG 3976 --- [library-management] [           main] o.s.b.f.s.DefaultListableBeanFactory     : Creating shared instance of singleton bean 'mvcConversionService'
2025-05-08T20:06:32.226+03:00 DEBUG 3976 --- [library-management] [           main] o.s.b.f.s.DefaultListableBeanFactory     : Creating shared instance of singleton bean 'mvcResourceUrlProvider'
2025-05-08T20:06:32.227+03:00 DEBUG 3976 --- [library-management] [           main] o.s.b.f.s.DefaultListableBeanFactory     : Autowiring by type from bean name 'welcomePageHandlerMapping' via factory method to bean named 'org.springframework.web.context.support.GenericWebApplicationContext@7b2adbde'
2025-05-08T20:06:32.227+03:00 DEBUG 3976 --- [library-management] [           main] o.s.b.f.s.DefaultListableBeanFactory     : Autowiring by type from bean name 'welcomePageHandlerMapping' via factory method to bean named 'mvcConversionService'
2025-05-08T20:06:32.227+03:00 DEBUG 3976 --- [library-management] [           main] o.s.b.f.s.DefaultListableBeanFactory     : Autowiring by type from bean name 'welcomePageHandlerMapping' via factory method to bean named 'mvcResourceUrlProvider'
2025-05-08T20:06:32.235+03:00 DEBUG 3976 --- [library-management] [           main] o.s.b.f.s.DefaultListableBeanFactory     : Creating shared instance of singleton bean 'welcomePageNotAcceptableHandlerMapping'
2025-05-08T20:06:32.236+03:00 DEBUG 3976 --- [library-management] [           main] o.s.b.f.s.DefaultListableBeanFactory     : Autowiring by type from bean name 'welcomePageNotAcceptableHandlerMapping' via factory method to bean named 'org.springframework.web.context.support.GenericWebApplicationContext@7b2adbde'
2025-05-08T20:06:32.236+03:00 DEBUG 3976 --- [library-management] [           main] o.s.b.f.s.DefaultListableBeanFactory     : Autowiring by type from bean name 'welcomePageNotAcceptableHandlerMapping' via factory method to bean named 'mvcConversionService'
2025-05-08T20:06:32.236+03:00 DEBUG 3976 --- [library-management] [           main] o.s.b.f.s.DefaultListableBeanFactory     : Autowiring by type from bean name 'welcomePageNotAcceptableHandlerMapping' via factory method to bean named 'mvcResourceUrlProvider'
2025-05-08T20:06:32.243+03:00 DEBUG 3976 --- [library-management] [           main] o.s.b.f.s.DefaultListableBeanFactory     : Creating shared instance of singleton bean 'requestMappingHandlerMapping'
2025-05-08T20:06:32.244+03:00 DEBUG 3976 --- [library-management] [           main] o.s.b.f.s.DefaultListableBeanFactory     : Autowiring by type from bean name 'requestMappingHandlerMapping' via factory method to bean named 'mvcContentNegotiationManager'
2025-05-08T20:06:32.244+03:00 DEBUG 3976 --- [library-management] [           main] o.s.b.f.s.DefaultListableBeanFactory     : Autowiring by type from bean name 'requestMappingHandlerMapping' via factory method to bean named 'mvcConversionService'
2025-05-08T20:06:32.244+03:00 DEBUG 3976 --- [library-management] [           main] o.s.b.f.s.DefaultListableBeanFactory     : Autowiring by type from bean name 'requestMappingHandlerMapping' via factory method to bean named 'mvcResourceUrlProvider'
2025-05-08T20:06:32.259+03:00 DEBUG 3976 --- [library-management] [           main] s.w.s.m.m.a.RequestMappingHandlerMapping : 25 mappings in 'requestMappingHandlerMapping'
2025-05-08T20:06:32.269+03:00 DEBUG 3976 --- [library-management] [           main] o.s.b.f.s.DefaultListableBeanFactory     : Creating shared instance of singleton bean 'viewControllerHandlerMapping'
2025-05-08T20:06:32.269+03:00 DEBUG 3976 --- [library-management] [           main] o.s.b.f.s.DefaultListableBeanFactory     : Autowiring by type from bean name 'viewControllerHandlerMapping' via factory method to bean named 'mvcConversionService'
2025-05-08T20:06:32.270+03:00 DEBUG 3976 --- [library-management] [           main] o.s.b.f.s.DefaultListableBeanFactory     : Autowiring by type from bean name 'viewControllerHandlerMapping' via factory method to bean named 'mvcResourceUrlProvider'
2025-05-08T20:06:32.270+03:00 DEBUG 3976 --- [library-management] [           main] o.s.b.f.s.DefaultListableBeanFactory     : Creating shared instance of singleton bean 'beanNameHandlerMapping'
2025-05-08T20:06:32.270+03:00 DEBUG 3976 --- [library-management] [           main] o.s.b.f.s.DefaultListableBeanFactory     : Autowiring by type from bean name 'beanNameHandlerMapping' via factory method to bean named 'mvcConversionService'
2025-05-08T20:06:32.270+03:00 DEBUG 3976 --- [library-management] [           main] o.s.b.f.s.DefaultListableBeanFactory     : Autowiring by type from bean name 'beanNameHandlerMapping' via factory method to bean named 'mvcResourceUrlProvider'
2025-05-08T20:06:32.306+03:00 DEBUG 3976 --- [library-management] [           main] o.s.b.f.s.DefaultListableBeanFactory     : Creating shared instance of singleton bean 'routerFunctionMapping'
2025-05-08T20:06:32.307+03:00 DEBUG 3976 --- [library-management] [           main] o.s.b.f.s.DefaultListableBeanFactory     : Autowiring by type from bean name 'routerFunctionMapping' via factory method to bean named 'mvcConversionService'
2025-05-08T20:06:32.307+03:00 DEBUG 3976 --- [library-management] [           main] o.s.b.f.s.DefaultListableBeanFactory     : Autowiring by type from bean name 'routerFunctionMapping' via factory method to bean named 'mvcResourceUrlProvider'
2025-05-08T20:06:32.308+03:00 DEBUG 3976 --- [library-management] [           main] o.s.b.f.s.DefaultListableBeanFactory     : Creating shared instance of singleton bean 'messageConverters'
2025-05-08T20:06:32.308+03:00 DEBUG 3976 --- [library-management] [           main] o.s.b.f.s.DefaultListableBeanFactory     : Creating shared instance of singleton bean 'org.springframework.boot.autoconfigure.http.HttpMessageConvertersAutoConfiguration'
2025-05-08T20:06:32.309+03:00 DEBUG 3976 --- [library-management] [           main] o.s.b.f.s.DefaultListableBeanFactory     : Creating shared instance of singleton bean 'stringHttpMessageConverter'
2025-05-08T20:06:32.309+03:00 DEBUG 3976 --- [library-management] [           main] o.s.b.f.s.DefaultListableBeanFactory     : Creating shared instance of singleton bean 'org.springframework.boot.autoconfigure.http.HttpMessageConvertersAutoConfiguration$StringHttpMessageConverterConfiguration'
2025-05-08T20:06:32.309+03:00 DEBUG 3976 --- [library-management] [           main] o.s.b.f.s.DefaultListableBeanFactory     : Autowiring by type from bean name 'stringHttpMessageConverter' via factory method to bean named 'environment'
2025-05-08T20:06:32.313+03:00 DEBUG 3976 --- [library-management] [           main] o.s.b.f.s.DefaultListableBeanFactory     : Creating shared instance of singleton bean 'mappingJackson2HttpMessageConverter'
2025-05-08T20:06:32.313+03:00 DEBUG 3976 --- [library-management] [           main] o.s.b.f.s.DefaultListableBeanFactory     : Creating shared instance of singleton bean 'org.springframework.boot.autoconfigure.http.JacksonHttpMessageConvertersConfiguration$MappingJackson2HttpMessageConverterConfiguration'
2025-05-08T20:06:32.313+03:00 DEBUG 3976 --- [library-management] [           main] o.s.b.f.s.DefaultListableBeanFactory     : Creating shared instance of singleton bean 'objectMapper'
2025-05-08T20:06:32.322+03:00 DEBUG 3976 --- [library-management] [           main] o.s.b.f.s.DefaultListableBeanFactory     : Autowiring by type from bean name 'mappingJackson2HttpMessageConverter' via factory method to bean named 'objectMapper'
2025-05-08T20:06:32.334+03:00 DEBUG 3976 --- [library-management] [           main] o.s.b.f.s.DefaultListableBeanFactory     : Creating shared instance of singleton bean 'resourceHandlerMapping'
2025-05-08T20:06:32.335+03:00 DEBUG 3976 --- [library-management] [           main] o.s.b.f.s.DefaultListableBeanFactory     : Autowiring by type from bean name 'resourceHandlerMapping' via factory method to bean named 'mvcContentNegotiationManager'
2025-05-08T20:06:32.335+03:00 DEBUG 3976 --- [library-management] [           main] o.s.b.f.s.DefaultListableBeanFactory     : Autowiring by type from bean name 'resourceHandlerMapping' via factory method to bean named 'mvcConversionService'
2025-05-08T20:06:32.335+03:00 DEBUG 3976 --- [library-management] [           main] o.s.b.f.s.DefaultListableBeanFactory     : Autowiring by type from bean name 'resourceHandlerMapping' via factory method to bean named 'mvcResourceUrlProvider'
2025-05-08T20:06:32.339+03:00 DEBUG 3976 --- [library-management] [           main] o.s.w.s.handler.SimpleUrlHandlerMapping  : Patterns [/webjars/**, /**] in 'resourceHandlerMapping'
2025-05-08T20:06:32.352+03:00 DEBUG 3976 --- [library-management] [           main] o.s.b.f.s.DefaultListableBeanFactory     : Creating shared instance of singleton bean 'defaultServletHandlerMapping'
2025-05-08T20:06:32.356+03:00 DEBUG 3976 --- [library-management] [           main] o.s.b.f.s.DefaultListableBeanFactory     : Creating shared instance of singleton bean 'securityFilterChain'
2025-05-08T20:06:32.356+03:00 DEBUG 3976 --- [library-management] [           main] o.s.b.f.s.DefaultListableBeanFactory     : Autowiring by type from bean name 'securityFilterChain' via factory method to bean named 'org.springframework.security.config.annotation.web.configuration.HttpSecurityConfiguration.httpSecurity'
2025-05-08T20:06:32.357+03:00 DEBUG 3976 --- [library-management] [           main] o.s.b.f.s.DefaultListableBeanFactory     : Autowiring by type from bean name 'securityFilterChain' via factory method to bean named 'jwtAuthenticationFilter'
2025-05-08T20:06:32.357+03:00 DEBUG 3976 --- [library-management] [           main] o.s.b.f.s.DefaultListableBeanFactory     : Autowiring by type from bean name 'securityFilterChain' via factory method to bean named 'jwtAuthorizationFilter'
2025-05-08T20:06:32.358+03:00 DEBUG 3976 --- [library-management] [           main] o.s.b.f.s.DefaultListableBeanFactory     : Creating shared instance of singleton bean 'webAuthorizationManagerPostProcessor'
2025-05-08T20:06:32.363+03:00 DEBUG 3976 --- [library-management] [           main] o.s.b.f.s.DefaultListableBeanFactory     : Creating shared instance of singleton bean 'authenticationManagerPostProcessor'
2025-05-08T20:06:32.380+03:00 DEBUG 3976 --- [library-management] [           main] o.s.s.web.DefaultSecurityFilterChain     : Will secure any request with filters: DisableEncodeUrlFilter, WebAsyncManagerIntegrationFilter, SecurityContextHolderFilter, HeaderWriterFilter, LogoutFilter, JwtAuthenticationFilter, JwtAuthorizationFilter, RequestCacheAwareFilter, SecurityContextHolderAwareRequestFilter, AnonymousAuthenticationFilter, SessionManagementFilter, ExceptionTranslationFilter, AuthorizationFilter
2025-05-08T20:06:32.382+03:00 DEBUG 3976 --- [library-management] [           main] o.s.b.f.s.DefaultListableBeanFactory     : Creating shared instance of singleton bean 'delegatingApplicationListener'
2025-05-08T20:06:32.385+03:00 DEBUG 3976 --- [library-management] [           main] o.s.b.f.s.DefaultListableBeanFactory     : Creating shared instance of singleton bean 'springSecurityFilterChain'
2025-05-08T20:06:32.402+03:00 DEBUG 3976 --- [library-management] [           main] o.s.b.f.s.DefaultListableBeanFactory     : Creating shared instance of singleton bean 'webSecurityExpressionHandler'
2025-05-08T20:06:32.402+03:00 DEBUG 3976 --- [library-management] [           main] o.s.b.f.s.DefaultListableBeanFactory     : Creating shared instance of singleton bean 'privilegeEvaluator'
2025-05-08T20:06:32.403+03:00 DEBUG 3976 --- [library-management] [           main] o.s.b.f.s.DefaultListableBeanFactory     : Creating shared instance of singleton bean 'requestDataValueProcessor'
2025-05-08T20:06:32.404+03:00 DEBUG 3976 --- [library-management] [           main] o.s.b.f.s.DefaultListableBeanFactory     : Creating shared instance of singleton bean 'org.springframework.security.config.annotation.web.configuration.ObservationConfiguration'
2025-05-08T20:06:32.405+03:00 DEBUG 3976 --- [library-management] [           main] o.s.b.f.s.DefaultListableBeanFactory     : Creating shared instance of singleton bean '_prePostMethodSecurityConfiguration'
2025-05-08T20:06:32.406+03:00 DEBUG 3976 --- [library-management] [           main] o.s.b.f.s.DefaultListableBeanFactory     : Creating shared instance of singleton bean 'methodAuthorizationManagerPostProcessor'
2025-05-08T20:06:32.407+03:00 DEBUG 3976 --- [library-management] [           main] o.s.b.f.s.DefaultListableBeanFactory     : Creating shared instance of singleton bean 'methodResultAuthorizationManagerPostProcessor'
2025-05-08T20:06:32.410+03:00 DEBUG 3976 --- [library-management] [           main] o.s.b.f.s.DefaultListableBeanFactory     : Creating shared instance of singleton bean 'prePostAuthorizeExpressionHintsRegistrar'
2025-05-08T20:06:32.410+03:00 DEBUG 3976 --- [library-management] [           main] o.s.b.f.s.DefaultListableBeanFactory     : Creating shared instance of singleton bean 'org.springframework.security.config.annotation.method.configuration.AuthorizationProxyConfiguration'
2025-05-08T20:06:32.410+03:00 DEBUG 3976 --- [library-management] [           main] o.s.b.f.s.DefaultListableBeanFactory     : Creating shared instance of singleton bean 'authorizeReturnObjectHintsRegistrar'
2025-05-08T20:06:32.411+03:00 DEBUG 3976 --- [library-management] [           main] o.s.b.f.s.DefaultListableBeanFactory     : Autowiring by type from bean name 'authorizeReturnObjectHintsRegistrar' via factory method to bean named 'authorizationProxyFactory'
2025-05-08T20:06:32.411+03:00 DEBUG 3976 --- [library-management] [           main] o.s.b.f.s.DefaultListableBeanFactory     : Creating shared instance of singleton bean 'org.springframework.security.config.annotation.method.configuration.MethodObservationConfiguration'
2025-05-08T20:06:32.412+03:00 DEBUG 3976 --- [library-management] [           main] o.s.b.f.s.DefaultListableBeanFactory     : Creating shared instance of singleton bean 'authenticationManager'
2025-05-08T20:06:32.412+03:00 DEBUG 3976 --- [library-management] [           main] o.s.b.f.s.DefaultListableBeanFactory     : Autowiring by type from bean name 'authenticationManager' via factory method to bean named 'userService'
2025-05-08T20:06:32.412+03:00 DEBUG 3976 --- [library-management] [           main] o.s.b.f.s.DefaultListableBeanFactory     : Autowiring by type from bean name 'authenticationManager' via factory method to bean named 'passwordEncoder'
2025-05-08T20:06:32.413+03:00 DEBUG 3976 --- [library-management] [           main] o.s.b.f.s.DefaultListableBeanFactory     : Creating shared instance of singleton bean 'org.springframework.boot.autoconfigure.AutoConfigurationPackages'
2025-05-08T20:06:32.413+03:00 DEBUG 3976 --- [library-management] [           main] o.s.b.f.s.DefaultListableBeanFactory     : Creating shared instance of singleton bean 'mockUserMapper'
2025-05-08T20:06:32.414+03:00 DEBUG 3976 --- [library-management] [           main] o.s.b.f.s.DefaultListableBeanFactory     : Creating shared instance of singleton bean 'org.springframework.boot.autoconfigure.context.PropertyPlaceholderAutoConfiguration'
2025-05-08T20:06:32.415+03:00 DEBUG 3976 --- [library-management] [           main] o.s.b.f.s.DefaultListableBeanFactory     : Creating shared instance of singleton bean 'org.springframework.boot.autoconfigure.ssl.SslAutoConfiguration'
2025-05-08T20:06:32.417+03:00 DEBUG 3976 --- [library-management] [           main] o.s.b.f.s.DefaultListableBeanFactory     : Creating shared instance of singleton bean 'spring.ssl-org.springframework.boot.autoconfigure.ssl.SslProperties'
2025-05-08T20:06:32.418+03:00 DEBUG 3976 --- [library-management] [           main] o.s.b.f.s.DefaultListableBeanFactory     : Autowiring by type from bean name 'org.springframework.boot.autoconfigure.ssl.SslAutoConfiguration' via constructor to bean named 'org.springframework.web.context.support.GenericWebApplicationContext@7b2adbde'
2025-05-08T20:06:32.418+03:00 DEBUG 3976 --- [library-management] [           main] o.s.b.f.s.DefaultListableBeanFactory     : Autowiring by type from bean name 'org.springframework.boot.autoconfigure.ssl.SslAutoConfiguration' via constructor to bean named 'spring.ssl-org.springframework.boot.autoconfigure.ssl.SslProperties'
2025-05-08T20:06:32.419+03:00 DEBUG 3976 --- [library-management] [           main] o.s.b.f.s.DefaultListableBeanFactory     : Creating shared instance of singleton bean 'fileWatcher'
2025-05-08T20:06:32.419+03:00 DEBUG 3976 --- [library-management] [           main] o.s.b.f.s.DefaultListableBeanFactory     : Creating shared instance of singleton bean 'sslPropertiesSslBundleRegistrar'
2025-05-08T20:06:32.420+03:00 DEBUG 3976 --- [library-management] [           main] o.s.b.f.s.DefaultListableBeanFactory     : Autowiring by type from bean name 'sslPropertiesSslBundleRegistrar' via factory method to bean named 'fileWatcher'
2025-05-08T20:06:32.420+03:00 DEBUG 3976 --- [library-management] [           main] o.s.b.f.s.DefaultListableBeanFactory     : Creating shared instance of singleton bean 'sslBundleRegistry'
2025-05-08T20:06:32.422+03:00 DEBUG 3976 --- [library-management] [           main] o.s.b.f.s.DefaultListableBeanFactory     : Creating shared instance of singleton bean 'org.springframework.boot.autoconfigure.websocket.servlet.WebSocketServletAutoConfiguration$TomcatWebSocketConfiguration'
2025-05-08T20:06:32.422+03:00 DEBUG 3976 --- [library-management] [           main] o.s.b.f.s.DefaultListableBeanFactory     : Creating shared instance of singleton bean 'websocketServletWebServerCustomizer'
2025-05-08T20:06:32.423+03:00 DEBUG 3976 --- [library-management] [           main] o.s.b.f.s.DefaultListableBeanFactory     : Creating shared instance of singleton bean 'org.springframework.boot.autoconfigure.websocket.servlet.WebSocketServletAutoConfiguration'
2025-05-08T20:06:32.423+03:00 DEBUG 3976 --- [library-management] [           main] o.s.b.f.s.DefaultListableBeanFactory     : Creating shared instance of singleton bean 'org.springframework.boot.autoconfigure.web.servlet.ServletWebServerFactoryConfiguration$EmbeddedTomcat'
2025-05-08T20:06:32.423+03:00 DEBUG 3976 --- [library-management] [           main] o.s.b.f.s.DefaultListableBeanFactory     : Creating shared instance of singleton bean 'tomcatServletWebServerFactory'
2025-05-08T20:06:32.426+03:00 DEBUG 3976 --- [library-management] [           main] o.s.b.f.s.DefaultListableBeanFactory     : Creating shared instance of singleton bean 'servletWebServerFactoryCustomizer'
2025-05-08T20:06:32.426+03:00 DEBUG 3976 --- [library-management] [           main] o.s.b.f.s.DefaultListableBeanFactory     : Creating shared instance of singleton bean 'org.springframework.boot.autoconfigure.web.servlet.ServletWebServerFactoryAutoConfiguration'
2025-05-08T20:06:32.427+03:00 DEBUG 3976 --- [library-management] [           main] o.s.b.f.s.DefaultListableBeanFactory     : Creating shared instance of singleton bean 'server-org.springframework.boot.autoconfigure.web.ServerProperties'
2025-05-08T20:06:32.436+03:00 DEBUG 3976 --- [library-management] [           main] o.s.b.f.s.DefaultListableBeanFactory     : Autowiring by type from bean name 'servletWebServerFactoryCustomizer' via factory method to bean named 'server-org.springframework.boot.autoconfigure.web.ServerProperties'
[...]
2025-05-08T20:06:33.339+03:00 DEBUG 3976 --- [library-management] [           main] o.s.test.util.ReflectionTestUtils        : Getting field 'securityContextRepository' from target object [org.springframework.security.web.context.SecurityContextHolderFilter@11501f90] or target class [class org.springframework.security.web.context.SecurityContextHolderFilter]
2025-05-08T20:06:33.339+03:00 DEBUG 3976 --- [library-management] [           main] o.s.security.web.FilterChainProxy        : Securing PUT /api/categories/5
2025-05-08T20:06:33.339+03:00 DEBUG 3976 --- [library-management] [           main] o.s.security.web.FilterChainProxy        : Secured PUT /api/categories/5
2025-05-08T20:06:33.340+03:00 DEBUG 3976 --- [library-management] [           main] o.s.t.web.servlet.TestDispatcherServlet  : PUT "/api/categories/5", parameters={}
2025-05-08T20:06:33.340+03:00 DEBUG 3976 --- [library-management] [           main] s.w.s.m.m.a.RequestMappingHandlerMapping : Mapped to com.example.library_management.controller.CategoryController#updateCategory(Long, CategoryDTO)
2025-05-08T20:06:33.340+03:00 DEBUG 3976 --- [library-management] [           main] o.j.s.OpenEntityManagerInViewInterceptor : Opening JPA EntityManager in OpenEntityManagerInViewInterceptor
2025-05-08T20:06:33.342+03:00 DEBUG 3976 --- [library-management] [           main] m.m.a.RequestResponseBodyMethodProcessor : Read "application/json;charset=UTF-8" to [com.example.library_management.dto.CategoryDTO@24a29d8]
2025-05-08T20:06:33.343+03:00 DEBUG 3976 --- [library-management] [           main] horizationManagerBeforeMethodInterceptor : Authorizing method invocation ReflectiveMethodInvocation: public org.springframework.http.ResponseEntity com.example.library_management.controller.CategoryController.updateCategory(java.lang.Long,com.example.library_management.dto.CategoryDTO); target is of class [com.example.library_management.controller.CategoryController]
2025-05-08T20:06:33.343+03:00 DEBUG 3976 --- [library-management] [           main] horizationManagerBeforeMethodInterceptor : Authorized method invocation ReflectiveMethodInvocation: public org.springframework.http.ResponseEntity com.example.library_management.controller.CategoryController.updateCategory(java.lang.Long,com.example.library_management.dto.CategoryDTO); target is of class [com.example.library_management.controller.CategoryController]
2025-05-08T20:06:33.344+03:00 DEBUG 3976 --- [library-management] [           main] o.s.orm.jpa.JpaTransactionManager        : Found thread-bound EntityManager [SessionImpl(660980732<open>)] for JPA transaction
2025-05-08T20:06:33.344+03:00 DEBUG 3976 --- [library-management] [           main] o.s.orm.jpa.JpaTransactionManager        : Creating new transaction with name [com.example.library_management.service.CategoryService.updateCategory]: PROPAGATION_REQUIRED,ISOLATION_DEFAULT
2025-05-08T20:06:33.344+03:00 DEBUG 3976 --- [library-management] [           main] o.s.j.d.DriverManagerDataSource          : Creating new JDBC DriverManager Connection to [jdbc:postgresql://localhost:5432/library_db]
2025-05-08T20:06:33.445+03:00 DEBUG 3976 --- [library-management] [           main] o.s.orm.jpa.JpaTransactionManager        : Exposing JPA transaction as JDBC [org.springframework.orm.jpa.vendor.HibernateJpaDialect$HibernateConnectionHandle@52f2d8e8]
2025-05-08T20:06:33.445+03:00 DEBUG 3976 --- [library-management] [           main] o.s.orm.jpa.JpaTransactionManager        : Initiating transaction commit
2025-05-08T20:06:33.445+03:00 DEBUG 3976 --- [library-management] [           main] o.s.orm.jpa.JpaTransactionManager        : Committing JPA transaction on EntityManager [SessionImpl(660980732<open>)]
2025-05-08T20:06:33.445+03:00 DEBUG 3976 --- [library-management] [           main] o.s.orm.jpa.JpaTransactionManager        : Not closing pre-bound JPA EntityManager after transaction
2025-05-08T20:06:33.446+03:00 DEBUG 3976 --- [library-management] [           main] o.s.w.s.m.m.a.HttpEntityMethodProcessor  : Using 'text/plain', given [*/*] and supported [text/plain, */*, application/json, application/*+json]
2025-05-08T20:06:33.446+03:00 DEBUG 3976 --- [library-management] [           main] o.s.w.s.m.m.a.HttpEntityMethodProcessor  : Writing ["Категория успешно обновлена"]
2025-05-08T20:06:33.446+03:00 DEBUG 3976 --- [library-management] [           main] o.j.s.OpenEntityManagerInViewInterceptor : Closing JPA EntityManager in OpenEntityManagerInViewInterceptor
2025-05-08T20:06:33.447+03:00 DEBUG 3976 --- [library-management] [           main] o.s.t.web.servlet.TestDispatcherServlet  : Completed 200 OK
2025-05-08T20:06:33.448+03:00 DEBUG 3976 --- [library-management] [           main] o.s.orm.jpa.JpaTransactionManager        : Creating new transaction with name [com.example.library_management.service.CategoryService.updateCategory]: PROPAGATION_REQUIRED,ISOLATION_DEFAULT
2025-05-08T20:06:33.448+03:00 DEBUG 3976 --- [library-management] [           main] o.s.orm.jpa.JpaTransactionManager        : Opened new EntityManager [SessionImpl(1586413785<open>)] for JPA transaction
2025-05-08T20:06:33.448+03:00 DEBUG 3976 --- [library-management] [           main] o.s.j.d.DriverManagerDataSource          : Creating new JDBC DriverManager Connection to [jdbc:postgresql://localhost:5432/library_db]
2025-05-08T20:06:33.524+03:00 DEBUG 3976 --- [library-management] [           main] o.s.orm.jpa.JpaTransactionManager        : Exposing JPA transaction as JDBC [org.springframework.orm.jpa.vendor.HibernateJpaDialect$HibernateConnectionHandle@1a7f6678]
2025-05-08T20:06:33.525+03:00 DEBUG 3976 --- [library-management] [           main] o.s.orm.jpa.JpaTransactionManager        : Initiating transaction commit
2025-05-08T20:06:33.525+03:00 DEBUG 3976 --- [library-management] [           main] o.s.orm.jpa.JpaTransactionManager        : Committing JPA transaction on EntityManager [SessionImpl(1586413785<open>)]
2025-05-08T20:06:33.525+03:00 DEBUG 3976 --- [library-management] [           main] o.s.orm.jpa.JpaTransactionManager        : Closing JPA EntityManager [SessionImpl(1586413785<open>)] after transaction
2025-05-08T20:06:33.525+03:00 DEBUG 3976 --- [library-management] [           main] org.springframework.test.context.cache   : Spring test ApplicationContext cache statistics: [DefaultContextCache@4c131823 size = 1, maxSize = 32, parentContextCount = 0, hitCount = 163, missCount = 2, failureCount = 0]
2025-05-08T20:06:33.526+03:00 DEBUG 3976 --- [library-management] [           main] org.springframework.test.context.cache   : Spring test ApplicationContext cache statistics: [DefaultContextCache@4c131823 size = 1, maxSize = 32, parentContextCount = 0, hitCount = 164, missCount = 2, failureCount = 0]
2025-05-08T20:06:33.526+03:00 DEBUG 3976 --- [library-management] [           main] org.springframework.test.context.cache   : Spring test ApplicationContext cache statistics: [DefaultContextCache@4c131823 size = 1, maxSize = 32, parentContextCount = 0, hitCount = 165, missCount = 2, failureCount = 0]
2025-05-08T20:06:33.527+03:00 DEBUG 3976 --- [library-management] [           main] org.springframework.test.context.cache   : Spring test ApplicationContext cache statistics: [DefaultContextCache@4c131823 size = 1, maxSize = 32, parentContextCount = 0, hitCount = 166, missCount = 2, failureCount = 0]
2025-05-08T20:06:33.527+03:00 DEBUG 3976 --- [library-management] [           main] org.springframework.test.context.cache   : Spring test ApplicationContext cache statistics: [DefaultContextCache@4c131823 size = 1, maxSize = 32, parentContextCount = 0, hitCount = 167, missCount = 2, failureCount = 0]
2025-05-08T20:06:33.527+03:00 DEBUG 3976 --- [library-management] [           main] org.springframework.test.context.cache   : Spring test ApplicationContext cache statistics: [DefaultContextCache@4c131823 size = 1, maxSize = 32, parentContextCount = 0, hitCount = 168, missCount = 2, failureCount = 0]
2025-05-08T20:06:33.528+03:00 DEBUG 3976 --- [library-management] [           main] org.springframework.test.context.cache   : Spring test ApplicationContext cache statistics: [DefaultContextCache@4c131823 size = 1, maxSize = 32, parentContextCount = 0, hitCount = 169, missCount = 2, failureCount = 0]
2025-05-08T20:06:33.528+03:00 DEBUG 3976 --- [library-management] [           main] org.springframework.test.context.cache   : Spring test ApplicationContext cache statistics: [DefaultContextCache@4c131823 size = 1, maxSize = 32, parentContextCount = 0, hitCount = 170, missCount = 2, failureCount = 0]
2025-05-08T20:06:33.528+03:00 DEBUG 3976 --- [library-management] [           main] .c.s.DirtiesContextTestExecutionListener : After test method: class [CategoryControllerTest], method [updateCategory_shouldReturnSuccessMessage], class annotated with @DirtiesContext [true] with mode [AFTER_CLASS], method annotated with @DirtiesContext [false] with mode [null]
2025-05-08T20:06:33.528+03:00 DEBUG 3976 --- [library-management] [           main] o.s.t.c.w.ServletTestExecutionListener   : Resetting RequestContextHolder for test class com.example.library_management.controller.CategoryControllerTest
]]></system-out>
  </testcase>
  <testcase name="getSubcategories_shouldReturnList" classname="com.example.library_management.controller.CategoryControllerTest" time="0.011">
    <system-out><![CDATA[2025-05-08T20:06:33.529+03:00 DEBUG 3976 --- [library-management] [           main] org.springframework.test.context.cache   : Spring test ApplicationContext cache statistics: [DefaultContextCache@4c131823 size = 1, maxSize = 32, parentContextCount = 0, hitCount = 171, missCount = 2, failureCount = 0]
2025-05-08T20:06:33.529+03:00 DEBUG 3976 --- [library-management] [           main] o.s.t.c.w.ServletTestExecutionListener   : Setting up MockHttpServletRequest, MockHttpServletResponse, ServletWebRequest, and RequestContextHolder for test class com.example.library_management.controller.CategoryControllerTest
2025-05-08T20:06:33.529+03:00 DEBUG 3976 --- [library-management] [           main] DependencyInjectionTestExecutionListener : Performing dependency injection for test class com.example.library_management.controller.CategoryControllerTest
2025-05-08T20:06:33.529+03:00 DEBUG 3976 --- [library-management] [           main] org.springframework.test.context.cache   : Spring test ApplicationContext cache statistics: [DefaultContextCache@4c131823 size = 1, maxSize = 32, parentContextCount = 0, hitCount = 172, missCount = 2, failureCount = 0]
2025-05-08T20:06:33.529+03:00 DEBUG 3976 --- [library-management] [           main] org.springframework.test.context.cache   : Spring test ApplicationContext cache statistics: [DefaultContextCache@4c131823 size = 1, maxSize = 32, parentContextCount = 0, hitCount = 173, missCount = 2, failureCount = 0]
2025-05-08T20:06:33.530+03:00 DEBUG 3976 --- [library-management] [           main] sContextBeforeModesTestExecutionListener : Before test method: class [CategoryControllerTest], method [getSubcategories_shouldReturnList], class annotated with @DirtiesContext [true] with mode [AFTER_CLASS], method annotated with @DirtiesContext [false] with mode [null]
2025-05-08T20:06:33.530+03:00 DEBUG 3976 --- [library-management] [           main] org.springframework.test.context.cache   : Spring test ApplicationContext cache statistics: [DefaultContextCache@4c131823 size = 1, maxSize = 32, parentContextCount = 0, hitCount = 174, missCount = 2, failureCount = 0]
2025-05-08T20:06:33.530+03:00 DEBUG 3976 --- [library-management] [           main] org.springframework.test.context.cache   : Spring test ApplicationContext cache statistics: [DefaultContextCache@4c131823 size = 1, maxSize = 32, parentContextCount = 0, hitCount = 175, missCount = 2, failureCount = 0]
2025-05-08T20:06:33.530+03:00 DEBUG 3976 --- [library-management] [           main] org.springframework.test.context.cache   : Spring test ApplicationContext cache statistics: [DefaultContextCache@4c131823 size = 1, maxSize = 32, parentContextCount = 0, hitCount = 176, missCount = 2, failureCount = 0]
2025-05-08T20:06:33.531+03:00 DEBUG 3976 --- [library-management] [           main] org.springframework.test.context.cache   : Spring test ApplicationContext cache statistics: [DefaultContextCache@4c131823 size = 1, maxSize = 32, parentContextCount = 0, hitCount = 177, missCount = 2, failureCount = 0]
2025-05-08T20:06:33.531+03:00 DEBUG 3976 --- [library-management] [           main] org.springframework.test.context.cache   : Spring test ApplicationContext cache statistics: [DefaultContextCache@4c131823 size = 1, maxSize = 32, parentContextCount = 0, hitCount = 178, missCount = 2, failureCount = 0]
2025-05-08T20:06:33.532+03:00 DEBUG 3976 --- [library-management] [           main] org.springframework.test.context.cache   : Spring test ApplicationContext cache statistics: [DefaultContextCache@4c131823 size = 1, maxSize = 32, parentContextCount = 0, hitCount = 179, missCount = 2, failureCount = 0]
2025-05-08T20:06:33.533+03:00 DEBUG 3976 --- [library-management] [           main] o.s.test.util.ReflectionTestUtils        : Invoking method 'getFilters' on target object [FilterChainProxy[Filter Chains: null]] or target class [null] with arguments {org.springframework.mock.web.MockHttpServletRequest@9e2946}
2025-05-08T20:06:33.533+03:00 DEBUG 3976 --- [library-management] [           main] o.s.test.util.ReflectionTestUtils        : Invoking method 'getFilters' on target object [FilterChainProxy[Filter Chains: null]] or target class [null] with arguments {org.springframework.mock.web.MockHttpServletRequest@9e2946}
2025-05-08T20:06:33.533+03:00 DEBUG 3976 --- [library-management] [           main] o.s.test.util.ReflectionTestUtils        : Getting field 'securityContextRepository' from target object [org.springframework.security.web.context.SecurityContextHolderFilter@11501f90] or target class [class org.springframework.security.web.context.SecurityContextHolderFilter]
2025-05-08T20:06:33.534+03:00 DEBUG 3976 --- [library-management] [           main] o.s.security.web.FilterChainProxy        : Securing GET /api/categories/1/subcategories
2025-05-08T20:06:33.534+03:00 DEBUG 3976 --- [library-management] [           main] o.s.security.web.FilterChainProxy        : Secured GET /api/categories/1/subcategories
2025-05-08T20:06:33.534+03:00 DEBUG 3976 --- [library-management] [           main] o.s.t.web.servlet.TestDispatcherServlet  : GET "/api/categories/1/subcategories", parameters={}
2025-05-08T20:06:33.535+03:00 DEBUG 3976 --- [library-management] [           main] s.w.s.m.m.a.RequestMappingHandlerMapping : Mapped to com.example.library_management.controller.CategoryController#getSubcategories(Long)
2025-05-08T20:06:33.535+03:00 DEBUG 3976 --- [library-management] [           main] o.j.s.OpenEntityManagerInViewInterceptor : Opening JPA EntityManager in OpenEntityManagerInViewInterceptor
2025-05-08T20:06:33.535+03:00 DEBUG 3976 --- [library-management] [           main] horizationManagerBeforeMethodInterceptor : Authorizing method invocation ReflectiveMethodInvocation: public org.springframework.http.ResponseEntity com.example.library_management.controller.CategoryController.getSubcategories(java.lang.Long); target is of class [com.example.library_management.controller.CategoryController]
2025-05-08T20:06:33.536+03:00 DEBUG 3976 --- [library-management] [           main] horizationManagerBeforeMethodInterceptor : Authorized method invocation ReflectiveMethodInvocation: public org.springframework.http.ResponseEntity com.example.library_management.controller.CategoryController.getSubcategories(java.lang.Long); target is of class [com.example.library_management.controller.CategoryController]
2025-05-08T20:06:33.536+03:00  INFO 3976 --- [library-management] [           main] c.e.l.controller.CategoryController      : Получено 1 подкатегорий для родителя с ID 1
2025-05-08T20:06:33.536+03:00 DEBUG 3976 --- [library-management] [           main] o.s.w.s.m.m.a.HttpEntityMethodProcessor  : Using 'application/json', given [*/*] and supported [application/json, application/*+json]
2025-05-08T20:06:33.537+03:00 DEBUG 3976 --- [library-management] [           main] o.s.w.s.m.m.a.HttpEntityMethodProcessor  : Writing [[com.example.library_management.model.Category@2a9eb44d]]
2025-05-08T20:06:33.537+03:00 DEBUG 3976 --- [library-management] [           main] o.j.s.OpenEntityManagerInViewInterceptor : Closing JPA EntityManager in OpenEntityManagerInViewInterceptor
2025-05-08T20:06:33.537+03:00 DEBUG 3976 --- [library-management] [           main] o.s.t.web.servlet.TestDispatcherServlet  : Completed 200 OK
2025-05-08T20:06:33.538+03:00 DEBUG 3976 --- [library-management] [           main] org.springframework.test.context.cache   : Spring test ApplicationContext cache statistics: [DefaultContextCache@4c131823 size = 1, maxSize = 32, parentContextCount = 0, hitCount = 180, missCount = 2, failureCount = 0]
2025-05-08T20:06:33.538+03:00 DEBUG 3976 --- [library-management] [           main] org.springframework.test.context.cache   : Spring test ApplicationContext cache statistics: [DefaultContextCache@4c131823 size = 1, maxSize = 32, parentContextCount = 0, hitCount = 181, missCount = 2, failureCount = 0]
2025-05-08T20:06:33.539+03:00 DEBUG 3976 --- [library-management] [           main] org.springframework.test.context.cache   : Spring test ApplicationContext cache statistics: [DefaultContextCache@4c131823 size = 1, maxSize = 32, parentContextCount = 0, hitCount = 182, missCount = 2, failureCount = 0]
2025-05-08T20:06:33.539+03:00 DEBUG 3976 --- [library-management] [           main] org.springframework.test.context.cache   : Spring test ApplicationContext cache statistics: [DefaultContextCache@4c131823 size = 1, maxSize = 32, parentContextCount = 0, hitCount = 183, missCount = 2, failureCount = 0]
2025-05-08T20:06:33.539+03:00 DEBUG 3976 --- [library-management] [           main] org.springframework.test.context.cache   : Spring test ApplicationContext cache statistics: [DefaultContextCache@4c131823 size = 1, maxSize = 32, parentContextCount = 0, hitCount = 184, missCount = 2, failureCount = 0]
2025-05-08T20:06:33.539+03:00 DEBUG 3976 --- [library-management] [           main] org.springframework.test.context.cache   : Spring test ApplicationContext cache statistics: [DefaultContextCache@4c131823 size = 1, maxSize = 32, parentContextCount = 0, hitCount = 185, missCount = 2, failureCount = 0]
2025-05-08T20:06:33.540+03:00 DEBUG 3976 --- [library-management] [           main] org.springframework.test.context.cache   : Spring test ApplicationContext cache statistics: [DefaultContextCache@4c131823 size = 1, maxSize = 32, parentContextCount = 0, hitCount = 186, missCount = 2, failureCount = 0]
2025-05-08T20:06:33.540+03:00 DEBUG 3976 --- [library-management] [           main] org.springframework.test.context.cache   : Spring test ApplicationContext cache statistics: [DefaultContextCache@4c131823 size = 1, maxSize = 32, parentContextCount = 0, hitCount = 187, missCount = 2, failureCount = 0]
2025-05-08T20:06:33.540+03:00 DEBUG 3976 --- [library-management] [           main] .c.s.DirtiesContextTestExecutionListener : After test method: class [CategoryControllerTest], method [getSubcategories_shouldReturnList], class annotated with @DirtiesContext [true] with mode [AFTER_CLASS], method annotated with @DirtiesContext [false] with mode [null]
2025-05-08T20:06:33.540+03:00 DEBUG 3976 --- [library-management] [           main] o.s.t.c.w.ServletTestExecutionListener   : Resetting RequestContextHolder for test class com.example.library_management.controller.CategoryControllerTest
]]></system-out>
  </testcase>
</testsuite>