<?xml version="1.0" encoding="UTF-8"?>
<testsuite xmlns:xsi="http://www.w3.org/2001/XMLSchema-instance" xsi:noNamespaceSchemaLocation="https://maven.apache.org/surefire/maven-surefire-plugin/xsd/surefire-test-report-3.0.xsd" version="3.0" name="com.example.library_management.controller.LibraryBookControllerTest" time="2.871" tests="5" errors="0" skipped="0" failures="0">
  <properties>
[...]
</properties>
  <testcase name="addNewBook_returnsSuccessMessage" classname="com.example.library_management.controller.LibraryBookControllerTest" time="0.158">
    <system-out><![CDATA[2025-05-08T20:06:33.548+03:00 DEBUG 3976 --- [library-management] [           main] o.s.t.c.support.AbstractContextLoader    : Could not detect default resource locations for test class [com.example.library_management.controller.LibraryBookControllerTest]: no resource found for suffixes {-context.xml, Context.groovy}.
2025-05-08T20:06:33.548+03:00 DEBUG 3976 --- [library-management] [           main] .b.t.c.SpringBootTestContextBootstrapper : Using ContextCustomizerFactory implementations for test class [LibraryBookControllerTest]: [ImportsContextCustomizerFactory, ExcludeFilterContextCustomizerFactory, HttpGraphQlTesterContextCustomizerFactory, DuplicateJsonObjectContextCustomizerFactory, MockitoContextCustomizerFactory, TestRestTemplateContextCustomizerFactory, WebTestClientContextCustomizerFactory, DisableReactorResourceFactoryGlobalResourcesContextCustomizerFactory, OnFailureConditionReportContextCustomizerFactory, OverrideAutoConfigurationContextCustomizerFactory, ObservabilityContextCustomizerFactory, TypeExcludeFiltersContextCustomizerFactory, PropertyMappingContextCustomizerFactory, WebDriverContextCustomizerFactory, BeanOverrideContextCustomizerFactory, MockServerContainerContextCustomizerFactory, DynamicPropertiesContextCustomizerFactory]
2025-05-08T20:06:33.551+03:00 DEBUG 3976 --- [library-management] [           main] .b.t.c.SpringBootTestContextBootstrapper : Using ContextCustomizers for test class [LibraryBookControllerTest]: [ImportsContextCustomizer, ExcludeFilterContextCustomizer, DuplicateJsonObjectContextCustomizer, MockitoContextCustomizer, TestRestTemplateContextCustomizer, DisableReactorResourceFactoryGlobalResourcesContextCustomizerCustomizer, OnFailureConditionReportContextCustomizer, DisableObservabilityContextCustomizer, PropertyMappingContextCustomizer, WebDriverContextCustomizer, DynamicPropertiesContextCustomizer]
2025-05-08T20:06:33.553+03:00 DEBUG 3976 --- [library-management] [           main] .s.t.c.u.TestContextSpringFactoriesUtils : Skipping candidate TestExecutionListener [org.springframework.test.context.observation.MicrometerObservationRegistryTestExecutionListener] due to a missing dependency. Specify custom TestExecutionListener classes or make the default TestExecutionListener classes and their required dependencies available. Offending class: io.micrometer.context.ThreadLocalAccessor. MicrometerObservationRegistryTestExecutionListener requires io.micrometer:micrometer-observation:1.10.8 or higher and io.micrometer:context-propagation:1.0.3 or higher.
2025-05-08T20:06:33.553+03:00 DEBUG 3976 --- [library-management] [           main] .b.t.c.SpringBootTestContextBootstrapper : Using TestExecutionListeners for test class [LibraryBookControllerTest]: [ServletTestExecutionListener, DirtiesContextBeforeModesTestExecutionListener, ApplicationEventsTestExecutionListener, MockitoTestExecutionListener, BeanOverrideTestExecutionListener, DependencyInjectionTestExecutionListener, DirtiesContextTestExecutionListener, CommonCachesTestExecutionListener, TransactionalTestExecutionListener, SqlScriptsTestExecutionListener, EventPublishingTestExecutionListener, WithSecurityContextTestExecutionListener, ReactorContextTestExecutionListener, ResetMocksTestExecutionListener, RestDocsTestExecutionListener, MockRestServiceServerResetTestExecutionListener, MockMvcPrintOnlyOnFailureTestExecutionListener, WebDriverTestExecutionListener, MockWebServiceServerTestExecutionListener, MockitoResetTestExecutionListener]
2025-05-08T20:06:33.554+03:00 DEBUG 3976 --- [library-management] [           main] sContextBeforeModesTestExecutionListener : Before test class: class [LibraryBookControllerTest], class annotated with @DirtiesContext [true] with mode [AFTER_CLASS]
2025-05-08T20:06:33.556+03:00  INFO 3976 --- [library-management] [           main] o.s.b.d.r.RestartApplicationListener     : Restart disabled due to context in which it is running

  .   ____          _            __ _ _
 /\\ / ___'_ __ _ _(_)_ __  __ _ \ \ \ \
( ( )\___ | '_ | '_| | '_ \/ _` | \ \ \ \
 \\/  ___)| |_)| | | | | || (_| |  ) ) ) )
  '  |____| .__|_| |_|_| |_\__, | / / / /
 =========|_|==============|___/=/_/_/_/

 :: Spring Boot ::                (v3.4.4)

2025-05-08T20:06:33.586+03:00  INFO 3976 --- [library-management] [           main] c.e.l.c.LibraryBookControllerTest        : Starting LibraryBookControllerTest using Java 17.0.14 with PID 3976 (started by Noname in A:\library-management)
2025-05-08T20:06:33.586+03:00  INFO 3976 --- [library-management] [           main] c.e.l.c.LibraryBookControllerTest        : The following 1 profile is active: "library-book-test"
2025-05-08T20:06:33.586+03:00 DEBUG 3976 --- [library-management] [           main] o.s.boot.SpringApplication               : Loading source class com.example.library_management.launch.Main,class com.example.library_management.controller.TestConfig
2025-05-08T20:06:33.591+03:00 DEBUG 3976 --- [library-management] [           main] o.s.w.c.s.GenericWebApplicationContext   : Refreshing org.springframework.web.context.support.GenericWebApplicationContext@3118a
2025-05-08T20:06:33.592+03:00 DEBUG 3976 --- [library-management] [           main] o.s.b.f.s.DefaultListableBeanFactory     : Creating shared instance of singleton bean 'org.springframework.context.annotation.internalConfigurationAnnotationProcessor'
2025-05-08T20:06:33.592+03:00 DEBUG 3976 --- [library-management] [           main] o.s.b.f.s.DefaultListableBeanFactory     : Creating shared instance of singleton bean 'org.springframework.boot.autoconfigure.internalCachingMetadataReaderFactory'
2025-05-08T20:06:33.616+03:00 DEBUG 3976 --- [library-management] [           main] o.s.c.a.ClassPathBeanDefinitionScanner   : Identified candidate component class: file [A:\library-management\target\test-classes\com\example\library_management\controller\TestConfig.class]
2025-05-08T20:06:33.621+03:00 DEBUG 3976 --- [library-management] [           main] o.s.c.a.ClassPathBeanDefinitionScanner   : Identified candidate component class: file [A:\library-management\target\classes\com\example\library_management\config\DataConfig.class]
2025-05-08T20:06:33.622+03:00 DEBUG 3976 --- [library-management] [           main] o.s.c.a.ClassPathBeanDefinitionScanner   : Identified candidate component class: file [A:\library-management\target\classes\com\example\library_management\controller\AuditController.class]
2025-05-08T20:06:33.624+03:00 DEBUG 3976 --- [library-management] [           main] o.s.c.a.ClassPathBeanDefinitionScanner   : Identified candidate component class: file [A:\library-management\target\classes\com\example\library_management\controller\CategoryController.class]
2025-05-08T20:06:33.624+03:00 DEBUG 3976 --- [library-management] [           main] o.s.c.a.ClassPathBeanDefinitionScanner   : Identified candidate component class: file [A:\library-management\target\classes\com\example\library_management\controller\LibraryBookController.class]
2025-05-08T20:06:33.626+03:00 DEBUG 3976 --- [library-management] [           main] o.s.c.a.ClassPathBeanDefinitionScanner   : Identified candidate component class: file [A:\library-management\target\classes\com\example\library_management\controller\RentalController.class]
2025-05-08T20:06:33.627+03:00 DEBUG 3976 --- [library-management] [           main] o.s.c.a.ClassPathBeanDefinitionScanner   : Identified candidate component class: file [A:\library-management\target\classes\com\example\library_management\controller\UserController.class]
2025-05-08T20:06:33.628+03:00 DEBUG 3976 --- [library-management] [           main] o.s.c.a.ClassPathBeanDefinitionScanner   : Identified candidate component class: file [A:\library-management\target\classes\com\example\library_management\dao\AuditLogDAO.class]
2025-05-08T20:06:33.629+03:00 DEBUG 3976 --- [library-management] [           main] o.s.c.a.ClassPathBeanDefinitionScanner   : Identified candidate component class: file [A:\library-management\target\classes\com\example\library_management\dao\BookInfoDAO.class]
2025-05-08T20:06:33.629+03:00 DEBUG 3976 --- [library-management] [           main] o.s.c.a.ClassPathBeanDefinitionScanner   : Identified candidate component class: file [A:\library-management\target\classes\com\example\library_management\dao\CategoryDAO.class]
2025-05-08T20:06:33.630+03:00 DEBUG 3976 --- [library-management] [           main] o.s.c.a.ClassPathBeanDefinitionScanner   : Identified candidate component class: file [A:\library-management\target\classes\com\example\library_management\dao\LibraryBookDAO.class]
2025-05-08T20:06:33.631+03:00 DEBUG 3976 --- [library-management] [           main] o.s.c.a.ClassPathBeanDefinitionScanner   : Identified candidate component class: file [A:\library-management\target\classes\com\example\library_management\dao\RentalDAO.class]
2025-05-08T20:06:33.631+03:00 DEBUG 3976 --- [library-management] [           main] o.s.c.a.ClassPathBeanDefinitionScanner   : Identified candidate component class: file [A:\library-management\target\classes\com\example\library_management\dao\RoleDAO.class]
2025-05-08T20:06:33.631+03:00 DEBUG 3976 --- [library-management] [           main] o.s.c.a.ClassPathBeanDefinitionScanner   : Identified candidate component class: file [A:\library-management\target\classes\com\example\library_management\dao\UserDAO.class]
2025-05-08T20:06:33.632+03:00 DEBUG 3976 --- [library-management] [           main] o.s.c.a.ClassPathBeanDefinitionScanner   : Identified candidate component class: file [A:\library-management\target\classes\com\example\library_management\dao\UserRoleDAO.class]
2025-05-08T20:06:33.639+03:00 DEBUG 3976 --- [library-management] [           main] o.s.c.a.ClassPathBeanDefinitionScanner   : Identified candidate component class: file [A:\library-management\target\classes\com\example\library_management\exception\GlobalExceptionHandler.class]
2025-05-08T20:06:33.640+03:00 DEBUG 3976 --- [library-management] [           main] o.s.c.a.ClassPathBeanDefinitionScanner   : Identified candidate component class: file [A:\library-management\target\classes\com\example\library_management\mapper\AuditMapper.class]
2025-05-08T20:06:33.640+03:00 DEBUG 3976 --- [library-management] [           main] o.s.c.a.ClassPathBeanDefinitionScanner   : Identified candidate component class: file [A:\library-management\target\classes\com\example\library_management\mapper\LibraryBookMapper.class]
2025-05-08T20:06:33.641+03:00 DEBUG 3976 --- [library-management] [           main] o.s.c.a.ClassPathBeanDefinitionScanner   : Identified candidate component class: file [A:\library-management\target\classes\com\example\library_management\mapper\MapperConfig.class]
2025-05-08T20:06:33.641+03:00 DEBUG 3976 --- [library-management] [           main] o.s.c.a.ClassPathBeanDefinitionScanner   : Identified candidate component class: file [A:\library-management\target\classes\com\example\library_management\mapper\RentalMapper.class]
2025-05-08T20:06:33.642+03:00 DEBUG 3976 --- [library-management] [           main] o.s.c.a.ClassPathBeanDefinitionScanner   : Identified candidate component class: file [A:\library-management\target\classes\com\example\library_management\mapper\UserMapperImpl.class]
2025-05-08T20:06:33.647+03:00 DEBUG 3976 --- [library-management] [           main] o.s.c.a.ClassPathBeanDefinitionScanner   : Identified candidate component class: file [A:\library-management\target\classes\com\example\library_management\security\JwtAuthenticationFilter.class]
2025-05-08T20:06:33.648+03:00 DEBUG 3976 --- [library-management] [           main] o.s.c.a.ClassPathBeanDefinitionScanner   : Identified candidate component class: file [A:\library-management\target\classes\com\example\library_management\security\JwtAuthorizationFilter.class]
2025-05-08T20:06:33.648+03:00 DEBUG 3976 --- [library-management] [           main] o.s.c.a.ClassPathBeanDefinitionScanner   : Identified candidate component class: file [A:\library-management\target\classes\com\example\library_management\security\JwtConfig.class]
2025-05-08T20:06:33.649+03:00 DEBUG 3976 --- [library-management] [           main] o.s.c.a.ClassPathBeanDefinitionScanner   : Identified candidate component class: file [A:\library-management\target\classes\com\example\library_management\security\JwtUtil.class]
2025-05-08T20:06:33.649+03:00 DEBUG 3976 --- [library-management] [           main] o.s.c.a.ClassPathBeanDefinitionScanner   : Identified candidate component class: file [A:\library-management\target\classes\com\example\library_management\security\SecurityConfig.class]
2025-05-08T20:06:33.651+03:00 DEBUG 3976 --- [library-management] [           main] o.s.c.a.ClassPathBeanDefinitionScanner   : Identified candidate component class: file [A:\library-management\target\classes\com\example\library_management\service\AuditService.class]
2025-05-08T20:06:33.651+03:00 DEBUG 3976 --- [library-management] [           main] o.s.c.a.ClassPathBeanDefinitionScanner   : Identified candidate component class: file [A:\library-management\target\classes\com\example\library_management\service\CategoryService.class]
2025-05-08T20:06:33.652+03:00 DEBUG 3976 --- [library-management] [           main] o.s.c.a.ClassPathBeanDefinitionScanner   : Identified candidate component class: file [A:\library-management\target\classes\com\example\library_management\service\LibraryBookService.class]
2025-05-08T20:06:33.652+03:00 DEBUG 3976 --- [library-management] [           main] o.s.c.a.ClassPathBeanDefinitionScanner   : Identified candidate component class: file [A:\library-management\target\classes\com\example\library_management\service\RentalService.class]
2025-05-08T20:06:33.653+03:00 DEBUG 3976 --- [library-management] [           main] o.s.c.a.ClassPathBeanDefinitionScanner   : Identified candidate component class: file [A:\library-management\target\classes\com\example\library_management\service\UserService.class]
2025-05-08T20:06:33.666+03:00 DEBUG 3976 --- [library-management] [           main] o.s.c.a.ClassPathBeanDefinitionScanner   : Identified candidate component class: file [A:\library-management\target\test-classes\com\example\library_management\controller\TestConfig.class]
2025-05-08T20:06:33.666+03:00 DEBUG 3976 --- [library-management] [           main] o.s.c.a.ClassPathBeanDefinitionScanner   : Identified candidate component class: file [A:\library-management\target\classes\com\example\library_management\controller\AuditController.class]
2025-05-08T20:06:33.666+03:00 DEBUG 3976 --- [library-management] [           main] o.s.c.a.ClassPathBeanDefinitionScanner   : Identified candidate component class: file [A:\library-management\target\classes\com\example\library_management\controller\CategoryController.class]
2025-05-08T20:06:33.666+03:00 DEBUG 3976 --- [library-management] [           main] o.s.c.a.ClassPathBeanDefinitionScanner   : Identified candidate component class: file [A:\library-management\target\classes\com\example\library_management\controller\LibraryBookController.class]
2025-05-08T20:06:33.666+03:00 DEBUG 3976 --- [library-management] [           main] o.s.c.a.ClassPathBeanDefinitionScanner   : Identified candidate component class: file [A:\library-management\target\classes\com\example\library_management\controller\RentalController.class]
2025-05-08T20:06:33.666+03:00 DEBUG 3976 --- [library-management] [           main] o.s.c.a.ClassPathBeanDefinitionScanner   : Identified candidate component class: file [A:\library-management\target\classes\com\example\library_management\controller\UserController.class]
2025-05-08T20:06:33.666+03:00 DEBUG 3976 --- [library-management] [           main] o.s.c.a.ClassPathBeanDefinitionScanner   : Identified candidate component class: file [A:\library-management\target\classes\com\example\library_management\dao\AuditLogDAO.class]
2025-05-08T20:06:33.666+03:00 DEBUG 3976 --- [library-management] [           main] o.s.c.a.ClassPathBeanDefinitionScanner   : Identified candidate component class: file [A:\library-management\target\classes\com\example\library_management\dao\BookInfoDAO.class]
2025-05-08T20:06:33.666+03:00 DEBUG 3976 --- [library-management] [           main] o.s.c.a.ClassPathBeanDefinitionScanner   : Identified candidate component class: file [A:\library-management\target\classes\com\example\library_management\dao\CategoryDAO.class]
2025-05-08T20:06:33.666+03:00 DEBUG 3976 --- [library-management] [           main] o.s.c.a.ClassPathBeanDefinitionScanner   : Identified candidate component class: file [A:\library-management\target\classes\com\example\library_management\dao\LibraryBookDAO.class]
2025-05-08T20:06:33.666+03:00 DEBUG 3976 --- [library-management] [           main] o.s.c.a.ClassPathBeanDefinitionScanner   : Identified candidate component class: file [A:\library-management\target\classes\com\example\library_management\dao\RentalDAO.class]
2025-05-08T20:06:33.666+03:00 DEBUG 3976 --- [library-management] [           main] o.s.c.a.ClassPathBeanDefinitionScanner   : Identified candidate component class: file [A:\library-management\target\classes\com\example\library_management\dao\RoleDAO.class]
2025-05-08T20:06:33.666+03:00 DEBUG 3976 --- [library-management] [           main] o.s.c.a.ClassPathBeanDefinitionScanner   : Identified candidate component class: file [A:\library-management\target\classes\com\example\library_management\dao\UserDAO.class]
2025-05-08T20:06:33.666+03:00 DEBUG 3976 --- [library-management] [           main] o.s.c.a.ClassPathBeanDefinitionScanner   : Identified candidate component class: file [A:\library-management\target\classes\com\example\library_management\dao\UserRoleDAO.class]
2025-05-08T20:06:33.666+03:00 DEBUG 3976 --- [library-management] [           main] o.s.c.a.ClassPathBeanDefinitionScanner   : Identified candidate component class: file [A:\library-management\target\classes\com\example\library_management\exception\GlobalExceptionHandler.class]
2025-05-08T20:06:33.666+03:00 DEBUG 3976 --- [library-management] [           main] o.s.c.a.ClassPathBeanDefinitionScanner   : Identified candidate component class: file [A:\library-management\target\classes\com\example\library_management\launch\Main.class]
2025-05-08T20:06:33.666+03:00 DEBUG 3976 --- [library-management] [           main] o.s.c.a.ClassPathBeanDefinitionScanner   : Identified candidate component class: file [A:\library-management\target\classes\com\example\library_management\mapper\AuditMapper.class]
2025-05-08T20:06:33.666+03:00 DEBUG 3976 --- [library-management] [           main] o.s.c.a.ClassPathBeanDefinitionScanner   : Identified candidate component class: file [A:\library-management\target\classes\com\example\library_management\mapper\LibraryBookMapper.class]
2025-05-08T20:06:33.666+03:00 DEBUG 3976 --- [library-management] [           main] o.s.c.a.ClassPathBeanDefinitionScanner   : Identified candidate component class: file [A:\library-management\target\classes\com\example\library_management\mapper\MapperConfig.class]
2025-05-08T20:06:33.666+03:00 DEBUG 3976 --- [library-management] [           main] o.s.c.a.ClassPathBeanDefinitionScanner   : Identified candidate component class: file [A:\library-management\target\classes\com\example\library_management\mapper\RentalMapper.class]
2025-05-08T20:06:33.666+03:00 DEBUG 3976 --- [library-management] [           main] o.s.c.a.ClassPathBeanDefinitionScanner   : Identified candidate component class: file [A:\library-management\target\classes\com\example\library_management\mapper\UserMapperImpl.class]
2025-05-08T20:06:33.667+03:00 DEBUG 3976 --- [library-management] [           main] o.s.c.a.ClassPathBeanDefinitionScanner   : Identified candidate component class: file [A:\library-management\target\classes\com\example\library_management\security\JwtAuthenticationFilter.class]
2025-05-08T20:06:33.667+03:00 DEBUG 3976 --- [library-management] [           main] o.s.c.a.ClassPathBeanDefinitionScanner   : Identified candidate component class: file [A:\library-management\target\classes\com\example\library_management\security\JwtAuthorizationFilter.class]
2025-05-08T20:06:33.667+03:00 DEBUG 3976 --- [library-management] [           main] o.s.c.a.ClassPathBeanDefinitionScanner   : Identified candidate component class: file [A:\library-management\target\classes\com\example\library_management\security\JwtConfig.class]
2025-05-08T20:06:33.667+03:00 DEBUG 3976 --- [library-management] [           main] o.s.c.a.ClassPathBeanDefinitionScanner   : Identified candidate component class: file [A:\library-management\target\classes\com\example\library_management\security\JwtUtil.class]
2025-05-08T20:06:33.667+03:00 DEBUG 3976 --- [library-management] [           main] o.s.c.a.ClassPathBeanDefinitionScanner   : Identified candidate component class: file [A:\library-management\target\classes\com\example\library_management\security\SecurityConfig.class]
2025-05-08T20:06:33.667+03:00 DEBUG 3976 --- [library-management] [           main] o.s.c.a.ClassPathBeanDefinitionScanner   : Identified candidate component class: file [A:\library-management\target\classes\com\example\library_management\service\AuditService.class]
2025-05-08T20:06:33.667+03:00 DEBUG 3976 --- [library-management] [           main] o.s.c.a.ClassPathBeanDefinitionScanner   : Identified candidate component class: file [A:\library-management\target\classes\com\example\library_management\service\CategoryService.class]
2025-05-08T20:06:33.667+03:00 DEBUG 3976 --- [library-management] [           main] o.s.c.a.ClassPathBeanDefinitionScanner   : Identified candidate component class: file [A:\library-management\target\classes\com\example\library_management\service\LibraryBookService.class]
2025-05-08T20:06:33.667+03:00 DEBUG 3976 --- [library-management] [           main] o.s.c.a.ClassPathBeanDefinitionScanner   : Identified candidate component class: file [A:\library-management\target\classes\com\example\library_management\service\RentalService.class]
2025-05-08T20:06:33.668+03:00 DEBUG 3976 --- [library-management] [           main] o.s.c.a.ClassPathBeanDefinitionScanner   : Identified candidate component class: file [A:\library-management\target\classes\com\example\library_management\service\UserService.class]
2025-05-08T20:06:33.941+03:00 DEBUG 3976 --- [library-management] [           main] o.s.b.f.s.DefaultListableBeanFactory     : Creating shared instance of singleton bean 'org.springframework.boot.test.context.ImportsContextCustomizer$ImportsCleanupPostProcessor'
2025-05-08T20:06:33.941+03:00 DEBUG 3976 --- [library-management] [           main] o.s.b.f.s.DefaultListableBeanFactory     : Creating shared instance of singleton bean 'springSecurityHandlerMappingIntrospectorBeanDefinitionRegistryPostProcessor'
2025-05-08T20:06:33.943+03:00 DEBUG 3976 --- [library-management] [           main] o.s.b.f.s.DefaultListableBeanFactory     : Creating shared instance of singleton bean 'propertySourcesPlaceholderConfigurer'
2025-05-08T20:06:33.944+03:00 DEBUG 3976 --- [library-management] [           main] o.s.b.f.s.DefaultListableBeanFactory     : Creating shared instance of singleton bean 'org.springframework.boot.test.mock.mockito.MockitoPostProcessor'
2025-05-08T20:06:33.945+03:00 DEBUG 3976 --- [library-management] [           main] o.s.b.f.s.DefaultListableBeanFactory     : Creating shared instance of singleton bean 'org.springframework.boot.sql.init.dependency.DatabaseInitializationDependencyConfigurer$DependsOnDatabaseInitializationPostProcessor'
2025-05-08T20:06:33.952+03:00 DEBUG 3976 --- [library-management] [           main] o.s.b.f.s.DefaultListableBeanFactory     : Creating shared instance of singleton bean 'org.springframework.context.event.internalEventListenerProcessor'
2025-05-08T20:06:33.952+03:00 DEBUG 3976 --- [library-management] [           main] o.s.b.f.s.DefaultListableBeanFactory     : Creating shared instance of singleton bean 'conversionServicePostProcessor'
2025-05-08T20:06:33.952+03:00 DEBUG 3976 --- [library-management] [           main] o.s.b.f.s.DefaultListableBeanFactory     : Creating shared instance of singleton bean 'preserveErrorControllerTargetClassPostProcessor'
2025-05-08T20:06:33.952+03:00 DEBUG 3976 --- [library-management] [           main] o.s.b.f.s.DefaultListableBeanFactory     : Creating shared instance of singleton bean 'forceAutoProxyCreatorToUseClassProxying'
2025-05-08T20:06:33.952+03:00 DEBUG 3976 --- [library-management] [           main] o.s.b.f.s.DefaultListableBeanFactory     : Creating shared instance of singleton bean 'org.springframework.context.event.internalEventListenerFactory'
2025-05-08T20:06:33.953+03:00 DEBUG 3976 --- [library-management] [           main] o.s.b.f.s.DefaultListableBeanFactory     : Creating shared instance of singleton bean 'org.springframework.transaction.config.internalTransactionalEventListenerFactory'
2025-05-08T20:06:33.954+03:00 DEBUG 3976 --- [library-management] [           main] o.s.b.f.s.DefaultListableBeanFactory     : Creating shared instance of singleton bean 'org.springframework.context.annotation.internalAutowiredAnnotationProcessor'
2025-05-08T20:06:33.954+03:00 DEBUG 3976 --- [library-management] [           main] o.s.b.f.s.DefaultListableBeanFactory     : Creating shared instance of singleton bean 'org.springframework.context.annotation.internalCommonAnnotationProcessor'
2025-05-08T20:06:33.955+03:00 DEBUG 3976 --- [library-management] [           main] o.s.b.f.s.DefaultListableBeanFactory     : Creating shared instance of singleton bean 'org.springframework.context.annotation.internalPersistenceAnnotationProcessor'
2025-05-08T20:06:33.955+03:00 DEBUG 3976 --- [library-management] [           main] o.s.b.f.s.DefaultListableBeanFactory     : Creating shared instance of singleton bean 'org.springframework.boot.test.mock.mockito.MockitoPostProcessor$SpyPostProcessor'
2025-05-08T20:06:33.955+03:00 DEBUG 3976 --- [library-management] [           main] o.s.b.f.s.DefaultListableBeanFactory     : Creating shared instance of singleton bean 'org.springframework.boot.context.properties.ConfigurationPropertiesBindingPostProcessor'
2025-05-08T20:06:33.955+03:00 DEBUG 3976 --- [library-management] [           main] o.s.b.f.s.DefaultListableBeanFactory     : Creating shared instance of singleton bean 'org.springframework.boot.context.internalConfigurationPropertiesBinder'
2025-05-08T20:06:33.955+03:00 DEBUG 3976 --- [library-management] [           main] o.s.b.f.s.DefaultListableBeanFactory     : Creating shared instance of singleton bean 'org.springframework.aop.config.internalAutoProxyCreator'
2025-05-08T20:06:33.956+03:00 DEBUG 3976 --- [library-management] [           main] o.s.b.f.s.DefaultListableBeanFactory     : Creating shared instance of singleton bean 'methodValidationPostProcessor'
2025-05-08T20:06:33.957+03:00 DEBUG 3976 --- [library-management] [           main] o.s.b.f.s.DefaultListableBeanFactory     : Autowiring by type from bean name 'methodValidationPostProcessor' via factory method to bean named 'environment'
2025-05-08T20:06:33.957+03:00 DEBUG 3976 --- [library-management] [           main] o.s.b.f.s.DefaultListableBeanFactory     : Creating shared instance of singleton bean 'org.springframework.boot.context.properties.EnableConfigurationPropertiesRegistrar.methodValidationExcludeFilter'
2025-05-08T20:06:33.958+03:00 DEBUG 3976 --- [library-management] [           main] o.s.b.f.s.DefaultListableBeanFactory     : Creating shared instance of singleton bean 'persistenceExceptionTranslationPostProcessor'
2025-05-08T20:06:33.958+03:00 DEBUG 3976 --- [library-management] [           main] o.s.b.f.s.DefaultListableBeanFactory     : Autowiring by type from bean name 'persistenceExceptionTranslationPostProcessor' via factory method to bean named 'environment'
2025-05-08T20:06:33.959+03:00 DEBUG 3976 --- [library-management] [           main] o.s.b.f.s.DefaultListableBeanFactory     : Creating shared instance of singleton bean 'webServerFactoryCustomizerBeanPostProcessor'
2025-05-08T20:06:33.959+03:00 DEBUG 3976 --- [library-management] [           main] o.s.b.f.s.DefaultListableBeanFactory     : Creating shared instance of singleton bean 'errorPageRegistrarBeanPostProcessor'
2025-05-08T20:06:33.959+03:00 DEBUG 3976 --- [library-management] [           main] o.s.u.c.s.UiApplicationContextUtils      : Unable to locate ThemeSource with name 'themeSource': using default [org.springframework.ui.context.support.ResourceBundleThemeSource@1f7b7ac4]
2025-05-08T20:06:33.960+03:00 DEBUG 3976 --- [library-management] [           main] o.s.b.f.s.DefaultListableBeanFactory     : Creating shared instance of singleton bean 'org.springframework.test.context.support.internalDynamicPropertyRegistrarBeanInitializer'
2025-05-08T20:06:33.960+03:00 DEBUG 3976 --- [library-management] [           main] o.s.b.f.s.DefaultListableBeanFactory     : Creating shared instance of singleton bean 'org.springframework.transaction.config.internalTransactionAdvisor'
2025-05-08T20:06:33.960+03:00 DEBUG 3976 --- [library-management] [           main] o.s.b.f.s.DefaultListableBeanFactory     : Creating shared instance of singleton bean 'org.springframework.transaction.annotation.ProxyTransactionManagementConfiguration'
2025-05-08T20:06:33.962+03:00 DEBUG 3976 --- [library-management] [           main] o.s.b.f.s.DefaultListableBeanFactory     : Creating shared instance of singleton bean 'preFilterAuthorizationAdvisor'
2025-05-08T20:06:33.962+03:00 DEBUG 3976 --- [library-management] [           main] o.s.b.f.s.DefaultListableBeanFactory     : Creating shared instance of singleton bean 'preFilterAuthorizationMethodInterceptor'
2025-05-08T20:06:33.963+03:00 DEBUG 3976 --- [library-management] [           main] o.s.b.f.s.DefaultListableBeanFactory     : Creating shared instance of singleton bean 'preAuthorizeAuthorizationAdvisor'
2025-05-08T20:06:33.963+03:00 DEBUG 3976 --- [library-management] [           main] o.s.b.f.s.DefaultListableBeanFactory     : Creating shared instance of singleton bean 'preAuthorizeAuthorizationMethodInterceptor'
2025-05-08T20:06:33.964+03:00 DEBUG 3976 --- [library-management] [           main] o.s.b.f.s.DefaultListableBeanFactory     : Creating shared instance of singleton bean 'postFilterAuthorizationAdvisor'
2025-05-08T20:06:33.964+03:00 DEBUG 3976 --- [library-management] [           main] o.s.b.f.s.DefaultListableBeanFactory     : Creating shared instance of singleton bean 'postFilterAuthorizationMethodInterceptor'
2025-05-08T20:06:33.964+03:00 DEBUG 3976 --- [library-management] [           main] o.s.b.f.s.DefaultListableBeanFactory     : Creating shared instance of singleton bean 'postAuthorizeAuthorizationAdvisor'
2025-05-08T20:06:33.964+03:00 DEBUG 3976 --- [library-management] [           main] o.s.b.f.s.DefaultListableBeanFactory     : Creating shared instance of singleton bean 'postAuthorizeAuthorizationMethodInterceptor'
2025-05-08T20:06:33.964+03:00 DEBUG 3976 --- [library-management] [           main] o.s.b.f.s.DefaultListableBeanFactory     : Creating shared instance of singleton bean 'authorizeReturnObjectAdvisor'
2025-05-08T20:06:33.964+03:00 DEBUG 3976 --- [library-management] [           main] o.s.b.f.s.DefaultListableBeanFactory     : Creating shared instance of singleton bean 'authorizeReturnObjectMethodInterceptor'
2025-05-08T20:06:33.965+03:00 DEBUG 3976 --- [library-management] [           main] o.s.b.f.s.DefaultListableBeanFactory     : Creating shared instance of singleton bean 'authorizationProxyFactory'
2025-05-08T20:06:33.965+03:00 DEBUG 3976 --- [library-management] [           main] o.s.b.f.s.DefaultListableBeanFactory     : Autowiring by type from bean name 'authorizeReturnObjectMethodInterceptor' via factory method to bean named 'authorizationProxyFactory'
2025-05-08T20:06:33.968+03:00 DEBUG 3976 --- [library-management] [           main] o.s.b.f.s.DefaultListableBeanFactory     : Creating shared instance of singleton bean 'transactionAttributeSource'
2025-05-08T20:06:33.969+03:00 DEBUG 3976 --- [library-management] [           main] o.s.b.f.s.DefaultListableBeanFactory     : Creating shared instance of singleton bean 'transactionInterceptor'
2025-05-08T20:06:33.970+03:00 DEBUG 3976 --- [library-management] [           main] o.s.b.f.s.DefaultListableBeanFactory     : Autowiring by type from bean name 'transactionInterceptor' via factory method to bean named 'transactionAttributeSource'
2025-05-08T20:06:33.970+03:00 DEBUG 3976 --- [library-management] [           main] o.s.b.f.s.DefaultListableBeanFactory     : Autowiring by type from bean name 'org.springframework.transaction.config.internalTransactionAdvisor' via factory method to bean named 'transactionAttributeSource'
2025-05-08T20:06:33.970+03:00 DEBUG 3976 --- [library-management] [           main] o.s.b.f.s.DefaultListableBeanFactory     : Autowiring by type from bean name 'org.springframework.transaction.config.internalTransactionAdvisor' via factory method to bean named 'transactionInterceptor'
2025-05-08T20:06:33.971+03:00 DEBUG 3976 --- [library-management] [           main] o.s.b.f.s.DefaultListableBeanFactory     : Creating shared instance of singleton bean 'dataSourceScriptDatabaseInitializer'
2025-05-08T20:06:33.971+03:00 DEBUG 3976 --- [library-management] [           main] o.s.b.f.s.DefaultListableBeanFactory     : Creating shared instance of singleton bean 'org.springframework.boot.autoconfigure.sql.init.DataSourceInitializationConfiguration'
2025-05-08T20:06:33.972+03:00 DEBUG 3976 --- [library-management] [           main] o.s.b.f.s.DefaultListableBeanFactory     : Creating shared instance of singleton bean 'dataSource'
2025-05-08T20:06:33.972+03:00 DEBUG 3976 --- [library-management] [           main] o.s.b.f.s.DefaultListableBeanFactory     : Creating shared instance of singleton bean 'dataConfig'
2025-05-08T20:06:33.972+03:00 DEBUG 3976 --- [library-management] [           main] o.s.b.f.s.DefaultListableBeanFactory     : Autowiring by type from bean name 'dataConfig' via constructor to bean named 'environment'
2025-05-08T20:06:33.974+03:00 DEBUG 3976 --- [library-management] [           main] o.s.j.d.DriverManagerDataSource          : Loaded JDBC driver: org.postgresql.Driver
2025-05-08T20:06:33.976+03:00 DEBUG 3976 --- [library-management] [           main] o.s.b.f.s.DefaultListableBeanFactory     : Creating shared instance of singleton bean 'spring.sql.init-org.springframework.boot.autoconfigure.sql.init.SqlInitializationProperties'
2025-05-08T20:06:33.976+03:00 DEBUG 3976 --- [library-management] [           main] o.s.b.f.s.DefaultListableBeanFactory     : Creating shared instance of singleton bean 'org.springframework.boot.context.properties.BoundConfigurationProperties'
2025-05-08T20:06:33.980+03:00 DEBUG 3976 --- [library-management] [           main] o.s.b.f.s.DefaultListableBeanFactory     : Autowiring by type from bean name 'dataSourceScriptDatabaseInitializer' via factory method to bean named 'dataSource'
2025-05-08T20:06:33.980+03:00 DEBUG 3976 --- [library-management] [           main] o.s.b.f.s.DefaultListableBeanFactory     : Autowiring by type from bean name 'dataSourceScriptDatabaseInitializer' via factory method to bean named 'spring.sql.init-org.springframework.boot.autoconfigure.sql.init.SqlInitializationProperties'
2025-05-08T20:06:33.982+03:00 DEBUG 3976 --- [library-management] [           main] o.s.b.f.s.DefaultListableBeanFactory     : Creating shared instance of singleton bean 'entityManagerFactory'
2025-05-08T20:06:33.983+03:00 DEBUG 3976 --- [library-management] [           main] ySourcesPropertyResolver$DefaultResolver : Found key 'spring.jpa.properties.hibernate.format_sql' in PropertySource 'Config resource 'class path resource [application.properties]' via location 'optional:classpath:/'' with value of type String
2025-05-08T20:06:33.984+03:00 DEBUG 3976 --- [library-management] [           main] .i.s.PathMatchingResourcePatternResolver : Skipping search for files matching pattern [**/*.class]: directory [A:\library-management\target\test-classes\com\example\library_management\model] does not exist
2025-05-08T20:06:33.986+03:00 DEBUG 3976 --- [library-management] [           main] j.LocalContainerEntityManagerFactoryBean : Building JPA container EntityManagerFactory for persistence unit 'default'
2025-05-08T20:06:33.986+03:00  INFO 3976 --- [library-management] [           main] o.hibernate.jpa.internal.util.LogHelper  : HHH000204: Processing PersistenceUnitInfo [name: default]
2025-05-08T20:06:33.990+03:00  INFO 3976 --- [library-management] [           main] o.h.c.internal.RegionFactoryInitiator    : HHH000026: Second-level cache disabled
2025-05-08T20:06:34.006+03:00  INFO 3976 --- [library-management] [           main] o.s.o.j.p.SpringPersistenceUnitInfo      : No LoadTimeWeaver setup: ignoring JPA class transformer
2025-05-08T20:06:34.007+03:00 DEBUG 3976 --- [library-management] [           main] o.s.j.d.DriverManagerDataSource          : Creating new JDBC DriverManager Connection to [jdbc:postgresql://localhost:5432/library_db]
2025-05-08T20:06:34.098+03:00  WARN 3976 --- [library-management] [           main] org.hibernate.orm.deprecation            : HHH90000025: PostgreSQLDialect does not need to be specified explicitly using 'hibernate.dialect' (remove the property setting and it will be selected by default)
2025-05-08T20:06:34.099+03:00 DEBUG 3976 --- [library-management] [           main] o.h.t.d.sql.spi.DdlTypeRegistry          : addDescriptor(2003, org.hibernate.type.descriptor.sql.internal.ArrayDdlTypeImpl@6ee7c941) replaced previous registration(org.hibernate.type.descriptor.sql.internal.ArrayDdlTypeImpl@6ebdd981)
2025-05-08T20:06:34.100+03:00 DEBUG 3976 --- [library-management] [           main] o.h.t.d.sql.spi.DdlTypeRegistry          : addDescriptor(6, org.hibernate.type.descriptor.sql.internal.CapacityDependentDdlType@5ecd22e7) replaced previous registration(org.hibernate.type.descriptor.sql.internal.DdlTypeImpl@4b2be6f8)
2025-05-08T20:06:34.241+03:00  INFO 3976 --- [library-management] [           main] o.h.e.t.j.p.i.JtaPlatformInitiator       : HHH000489: No JTA platform available (set 'hibernate.transaction.jta.platform' to enable JTA platform integration)
2025-05-08T20:06:34.241+03:00 DEBUG 3976 --- [library-management] [           main] o.s.j.d.DriverManagerDataSource          : Creating new JDBC DriverManager Connection to [jdbc:postgresql://localhost:5432/library_db]
2025-05-08T20:06:35.270+03:00  INFO 3976 --- [library-management] [           main] j.LocalContainerEntityManagerFactoryBean : Initialized JPA EntityManagerFactory for persistence unit 'default'
2025-05-08T20:06:35.273+03:00 DEBUG 3976 --- [library-management] [           main] o.s.b.f.s.DefaultListableBeanFactory     : Creating shared instance of singleton bean 'main'
2025-05-08T20:06:35.274+03:00 DEBUG 3976 --- [library-management] [           main] o.s.b.f.s.DefaultListableBeanFactory     : Creating shared instance of singleton bean 'testConfig'
2025-05-08T20:06:35.274+03:00 DEBUG 3976 --- [library-management] [           main] o.s.b.f.s.DefaultListableBeanFactory     : Creating shared instance of singleton bean 'auditController'
2025-05-08T20:06:35.275+03:00 DEBUG 3976 --- [library-management] [           main] o.s.b.f.s.DefaultListableBeanFactory     : Creating shared instance of singleton bean 'auditService'
2025-05-08T20:06:35.276+03:00 DEBUG 3976 --- [library-management] [           main] o.s.b.f.s.DefaultListableBeanFactory     : Creating shared instance of singleton bean 'userService'
2025-05-08T20:06:35.277+03:00 DEBUG 3976 --- [library-management] [           main] o.s.b.f.s.DefaultListableBeanFactory     : Creating shared instance of singleton bean 'auditMapper'
2025-05-08T20:06:35.278+03:00 DEBUG 3976 --- [library-management] [           main] o.s.b.f.s.DefaultListableBeanFactory     : Autowiring by type from bean name 'auditController' via constructor to bean named 'auditService'
2025-05-08T20:06:35.278+03:00 DEBUG 3976 --- [library-management] [           main] o.s.b.f.s.DefaultListableBeanFactory     : Autowiring by type from bean name 'auditController' via constructor to bean named 'userService'
2025-05-08T20:06:35.278+03:00 DEBUG 3976 --- [library-management] [           main] o.s.b.f.s.DefaultListableBeanFactory     : Autowiring by type from bean name 'auditController' via constructor to bean named 'auditMapper'
2025-05-08T20:06:35.279+03:00 DEBUG 3976 --- [library-management] [           main] o.s.b.f.s.DefaultListableBeanFactory     : Creating shared instance of singleton bean 'categoryController'
2025-05-08T20:06:35.279+03:00 DEBUG 3976 --- [library-management] [           main] o.s.b.f.s.DefaultListableBeanFactory     : Creating shared instance of singleton bean 'categoryService'
2025-05-08T20:06:35.280+03:00 DEBUG 3976 --- [library-management] [           main] o.s.b.f.s.DefaultListableBeanFactory     : Autowiring by type from bean name 'categoryController' via constructor to bean named 'categoryService'
2025-05-08T20:06:35.281+03:00 DEBUG 3976 --- [library-management] [           main] o.s.b.f.s.DefaultListableBeanFactory     : Creating shared instance of singleton bean 'libraryBookController'
2025-05-08T20:06:35.282+03:00 DEBUG 3976 --- [library-management] [           main] o.s.b.f.s.DefaultListableBeanFactory     : Creating shared instance of singleton bean 'libraryBookService'
2025-05-08T20:06:35.283+03:00 DEBUG 3976 --- [library-management] [           main] o.s.b.f.s.DefaultListableBeanFactory     : Autowiring by type from bean name 'libraryBookController' via constructor to bean named 'libraryBookService'
2025-05-08T20:06:35.284+03:00 DEBUG 3976 --- [library-management] [           main] o.s.b.f.s.DefaultListableBeanFactory     : Creating shared instance of singleton bean 'rentalController'
2025-05-08T20:06:35.284+03:00 DEBUG 3976 --- [library-management] [           main] o.s.b.f.s.DefaultListableBeanFactory     : Creating shared instance of singleton bean 'rentalService'
2025-05-08T20:06:35.286+03:00 DEBUG 3976 --- [library-management] [           main] o.s.b.f.s.DefaultListableBeanFactory     : Creating shared instance of singleton bean 'rentalMapper'
2025-05-08T20:06:35.286+03:00 DEBUG 3976 --- [library-management] [           main] o.s.b.f.s.DefaultListableBeanFactory     : Autowiring by type from bean name 'rentalController' via constructor to bean named 'rentalService'
2025-05-08T20:06:35.286+03:00 DEBUG 3976 --- [library-management] [           main] o.s.b.f.s.DefaultListableBeanFactory     : Autowiring by type from bean name 'rentalController' via constructor to bean named 'userService'
2025-05-08T20:06:35.286+03:00 DEBUG 3976 --- [library-management] [           main] o.s.b.f.s.DefaultListableBeanFactory     : Autowiring by type from bean name 'rentalController' via constructor to bean named 'rentalMapper'
2025-05-08T20:06:35.287+03:00 DEBUG 3976 --- [library-management] [           main] o.s.b.f.s.DefaultListableBeanFactory     : Creating shared instance of singleton bean 'userController'
2025-05-08T20:06:35.287+03:00 DEBUG 3976 --- [library-management] [           main] o.s.b.f.s.DefaultListableBeanFactory     : Creating shared instance of singleton bean 'userMapper'
2025-05-08T20:06:35.287+03:00 DEBUG 3976 --- [library-management] [           main] o.s.b.f.s.DefaultListableBeanFactory     : Creating shared instance of singleton bean 'mapperConfig'
2025-05-08T20:06:35.288+03:00 DEBUG 3976 --- [library-management] [           main] o.s.b.f.s.DefaultListableBeanFactory     : Autowiring by type from bean name 'userController' via constructor to bean named 'userService'
2025-05-08T20:06:35.288+03:00 DEBUG 3976 --- [library-management] [           main] o.s.b.f.s.DefaultListableBeanFactory     : Autowiring by type from bean name 'userController' via constructor to bean named 'userMapper'
2025-05-08T20:06:35.289+03:00 DEBUG 3976 --- [library-management] [           main] o.s.b.f.s.DefaultListableBeanFactory     : Creating shared instance of singleton bean 'auditLogDAO'
2025-05-08T20:06:35.291+03:00 DEBUG 3976 --- [library-management] [           main] o.s.b.f.s.DefaultListableBeanFactory     : Creating shared instance of singleton bean 'bookInfoDAO'
2025-05-08T20:06:35.292+03:00 DEBUG 3976 --- [library-management] [           main] o.s.b.f.s.DefaultListableBeanFactory     : Creating shared instance of singleton bean 'categoryDAO'
2025-05-08T20:06:35.293+03:00 DEBUG 3976 --- [library-management] [           main] o.s.b.f.s.DefaultListableBeanFactory     : Creating shared instance of singleton bean 'libraryBookDAO'
2025-05-08T20:06:35.294+03:00 DEBUG 3976 --- [library-management] [           main] o.s.b.f.s.DefaultListableBeanFactory     : Creating shared instance of singleton bean 'rentalDAO'
2025-05-08T20:06:35.295+03:00 DEBUG 3976 --- [library-management] [           main] o.s.b.f.s.DefaultListableBeanFactory     : Creating shared instance of singleton bean 'roleDAO'
2025-05-08T20:06:35.295+03:00 DEBUG 3976 --- [library-management] [           main] o.s.b.f.s.DefaultListableBeanFactory     : Creating shared instance of singleton bean 'userDAO'
2025-05-08T20:06:35.296+03:00 DEBUG 3976 --- [library-management] [           main] o.s.b.f.s.DefaultListableBeanFactory     : Creating shared instance of singleton bean 'userRoleDAO'
2025-05-08T20:06:35.297+03:00 DEBUG 3976 --- [library-management] [           main] o.s.b.f.s.DefaultListableBeanFactory     : Creating shared instance of singleton bean 'globalExceptionHandler'
2025-05-08T20:06:35.298+03:00 DEBUG 3976 --- [library-management] [           main] o.s.b.f.s.DefaultListableBeanFactory     : Creating shared instance of singleton bean 'libraryBookMapper'
2025-05-08T20:06:35.298+03:00 DEBUG 3976 --- [library-management] [           main] o.s.b.f.s.DefaultListableBeanFactory     : Creating shared instance of singleton bean 'userMapperImpl'
2025-05-08T20:06:35.298+03:00 DEBUG 3976 --- [library-management] [           main] o.s.b.f.s.DefaultListableBeanFactory     : Creating shared instance of singleton bean 'jwtAuthenticationFilter'
2025-05-08T20:06:35.299+03:00 DEBUG 3976 --- [library-management] [           main] o.s.b.f.s.DefaultListableBeanFactory     : Creating shared instance of singleton bean 'jwtUtil'
2025-05-08T20:06:35.299+03:00 DEBUG 3976 --- [library-management] [           main] o.s.b.f.s.DefaultListableBeanFactory     : Creating shared instance of singleton bean 'jwtSecretоKey'
2025-05-08T20:06:35.299+03:00 DEBUG 3976 --- [library-management] [           main] o.s.b.f.s.DefaultListableBeanFactory     : Creating shared instance of singleton bean 'jwtConfig'
2025-05-08T20:06:35.300+03:00 DEBUG 3976 --- [library-management] [           main] o.s.b.f.s.DefaultListableBeanFactory     : Autowiring by type from bean name 'jwtUtil' via constructor to bean named 'jwtSecretоKey'
2025-05-08T20:06:35.302+03:00 DEBUG 3976 --- [library-management] [           main] o.s.b.f.s.DefaultListableBeanFactory     : Autowiring by type from bean name 'jwtAuthenticationFilter' via constructor to bean named 'jwtUtil'
2025-05-08T20:06:35.302+03:00 DEBUG 3976 --- [library-management] [           main] o.s.b.f.s.DefaultListableBeanFactory     : Autowiring by type from bean name 'jwtAuthenticationFilter' via constructor to bean named 'userService'
2025-05-08T20:06:35.303+03:00 DEBUG 3976 --- [library-management] [           main] o.s.b.f.s.DefaultListableBeanFactory     : Creating shared instance of singleton bean 'jwtAuthorizationFilter'
2025-05-08T20:06:35.304+03:00 DEBUG 3976 --- [library-management] [           main] o.s.b.f.s.DefaultListableBeanFactory     : Autowiring by type from bean name 'jwtAuthorizationFilter' via constructor to bean named 'jwtUtil'
2025-05-08T20:06:35.305+03:00 DEBUG 3976 --- [library-management] [           main] o.s.b.f.s.DefaultListableBeanFactory     : Creating shared instance of singleton bean 'securityConfig'
2025-05-08T20:06:35.306+03:00 DEBUG 3976 --- [library-management] [           main] o.s.b.f.s.DefaultListableBeanFactory     : Creating shared instance of singleton bean 'transactionManager'
2025-05-08T20:06:35.307+03:00 DEBUG 3976 --- [library-management] [           main] o.s.b.f.s.DefaultListableBeanFactory     : Autowiring by type from bean name 'transactionManager' via factory method to bean named 'entityManagerFactory'
2025-05-08T20:06:35.315+03:00 DEBUG 3976 --- [library-management] [           main] o.s.b.f.s.DefaultListableBeanFactory     : Creating shared instance of singleton bean 'org.springframework.security.config.annotation.configuration.ObjectPostProcessorConfiguration'
2025-05-08T20:06:35.316+03:00 DEBUG 3976 --- [library-management] [           main] o.s.b.f.s.DefaultListableBeanFactory     : Creating shared instance of singleton bean 'objectPostProcessor'
2025-05-08T20:06:35.318+03:00 DEBUG 3976 --- [library-management] [           main] o.s.b.f.s.DefaultListableBeanFactory     : Autowiring by type from bean name 'objectPostProcessor' via factory method to bean named 'org.springframework.beans.factory.support.DefaultListableBeanFactory@562b791b'
2025-05-08T20:06:35.319+03:00 DEBUG 3976 --- [library-management] [           main] o.s.b.f.s.DefaultListableBeanFactory     : Creating shared instance of singleton bean 'org.springframework.security.config.annotation.authentication.configuration.AuthenticationConfiguration'
2025-05-08T20:06:35.323+03:00 DEBUG 3976 --- [library-management] [           main] o.s.b.f.s.DefaultListableBeanFactory     : Creating shared instance of singleton bean 'enableGlobalAuthenticationAutowiredConfigurer'
2025-05-08T20:06:35.324+03:00 DEBUG 3976 --- [library-management] [           main] o.s.b.f.s.DefaultListableBeanFactory     : Autowiring by type from bean name 'enableGlobalAuthenticationAutowiredConfigurer' via factory method to bean named 'org.springframework.web.context.support.GenericWebApplicationContext@3118a'
2025-05-08T20:06:35.335+03:00 DEBUG 3976 --- [library-management] [           main] o.s.b.f.s.DefaultListableBeanFactory     : Creating shared instance of singleton bean 'initializeUserDetailsBeanManagerConfigurer'
2025-05-08T20:06:35.335+03:00 DEBUG 3976 --- [library-management] [           main] o.s.b.f.s.DefaultListableBeanFactory     : Autowiring by type from bean name 'initializeUserDetailsBeanManagerConfigurer' via factory method to bean named 'org.springframework.web.context.support.GenericWebApplicationContext@3118a'
2025-05-08T20:06:35.336+03:00 DEBUG 3976 --- [library-management] [           main] o.s.b.f.s.DefaultListableBeanFactory     : Creating shared instance of singleton bean 'initializeAuthenticationProviderBeanManagerConfigurer'
2025-05-08T20:06:35.336+03:00 DEBUG 3976 --- [library-management] [           main] o.s.b.f.s.DefaultListableBeanFactory     : Autowiring by type from bean name 'initializeAuthenticationProviderBeanManagerConfigurer' via factory method to bean named 'org.springframework.web.context.support.GenericWebApplicationContext@3118a'
2025-05-08T20:06:35.337+03:00 DEBUG 3976 --- [library-management] [           main] o.s.b.f.s.DefaultListableBeanFactory     : Creating shared instance of singleton bean 'authenticationManagerBuilder'
2025-05-08T20:06:35.338+03:00 DEBUG 3976 --- [library-management] [           main] o.s.b.f.s.DefaultListableBeanFactory     : Autowiring by type from bean name 'authenticationManagerBuilder' via factory method to bean named 'objectPostProcessor'
2025-05-08T20:06:35.338+03:00 DEBUG 3976 --- [library-management] [           main] o.s.b.f.s.DefaultListableBeanFactory     : Autowiring by type from bean name 'authenticationManagerBuilder' via factory method to bean named 'org.springframework.web.context.support.GenericWebApplicationContext@3118a'
2025-05-08T20:06:35.338+03:00 DEBUG 3976 --- [library-management] [           main] o.s.b.f.s.DefaultListableBeanFactory     : Creating shared instance of singleton bean 'authenticationEventPublisher'
2025-05-08T20:06:35.338+03:00 DEBUG 3976 --- [library-management] [           main] o.s.b.f.s.DefaultListableBeanFactory     : Creating shared instance of singleton bean 'org.springframework.boot.autoconfigure.security.servlet.SecurityAutoConfiguration'
2025-05-08T20:06:35.341+03:00 DEBUG 3976 --- [library-management] [           main] o.s.b.f.s.DefaultListableBeanFactory     : Autowiring by type from bean name 'authenticationEventPublisher' via factory method to bean named 'org.springframework.web.context.support.GenericWebApplicationContext@3118a'
2025-05-08T20:06:35.343+03:00 DEBUG 3976 --- [library-management] [           main] o.s.b.f.s.DefaultListableBeanFactory     : Creating shared instance of singleton bean 'org.springframework.security.config.annotation.web.configuration.WebSecurityConfiguration'
2025-05-08T20:06:35.345+03:00 DEBUG 3976 --- [library-management] [           main] o.s.b.f.s.DefaultListableBeanFactory     : Creating shared instance of singleton bean 'org.springframework.security.config.annotation.web.configuration.HttpSecurityConfiguration'
2025-05-08T20:06:35.347+03:00 DEBUG 3976 --- [library-management] [           main] o.s.b.f.s.DefaultListableBeanFactory     : Creating shared instance of singleton bean 'mvcContentNegotiationManager'
2025-05-08T20:06:35.347+03:00 DEBUG 3976 --- [library-management] [           main] o.s.b.f.s.DefaultListableBeanFactory     : Creating shared instance of singleton bean 'org.springframework.boot.autoconfigure.web.servlet.WebMvcAutoConfiguration$EnableWebMvcConfiguration'
2025-05-08T20:06:35.348+03:00 DEBUG 3976 --- [library-management] [           main] o.s.b.f.s.DefaultListableBeanFactory     : Creating shared instance of singleton bean 'spring.mvc-org.springframework.boot.autoconfigure.web.servlet.WebMvcProperties'
2025-05-08T20:06:35.353+03:00 DEBUG 3976 --- [library-management] [           main] o.s.b.f.s.DefaultListableBeanFactory     : Creating shared instance of singleton bean 'spring.web-org.springframework.boot.autoconfigure.web.WebProperties'
2025-05-08T20:06:35.354+03:00 DEBUG 3976 --- [library-management] [           main] o.s.b.f.s.DefaultListableBeanFactory     : Autowiring by type from bean name 'org.springframework.boot.autoconfigure.web.servlet.WebMvcAutoConfiguration$EnableWebMvcConfiguration' via constructor to bean named 'spring.mvc-org.springframework.boot.autoconfigure.web.servlet.WebMvcProperties'
2025-05-08T20:06:35.355+03:00 DEBUG 3976 --- [library-management] [           main] o.s.b.f.s.DefaultListableBeanFactory     : Autowiring by type from bean name 'org.springframework.boot.autoconfigure.web.servlet.WebMvcAutoConfiguration$EnableWebMvcConfiguration' via constructor to bean named 'spring.web-org.springframework.boot.autoconfigure.web.WebProperties'
2025-05-08T20:06:35.355+03:00 DEBUG 3976 --- [library-management] [           main] o.s.b.f.s.DefaultListableBeanFactory     : Autowiring by type from bean name 'org.springframework.boot.autoconfigure.web.servlet.WebMvcAutoConfiguration$EnableWebMvcConfiguration' via constructor to bean named 'org.springframework.beans.factory.support.DefaultListableBeanFactory@562b791b'
2025-05-08T20:06:35.357+03:00 DEBUG 3976 --- [library-management] [           main] o.s.b.f.s.DefaultListableBeanFactory     : Creating shared instance of singleton bean 'org.springframework.security.config.annotation.web.configuration.WebMvcSecurityConfiguration'
2025-05-08T20:06:35.359+03:00 DEBUG 3976 --- [library-management] [           main] o.s.b.f.s.DefaultListableBeanFactory     : Creating shared instance of singleton bean 'org.springframework.boot.autoconfigure.web.servlet.WebMvcAutoConfiguration$WebMvcAutoConfigurationAdapter'
2025-05-08T20:06:35.359+03:00 DEBUG 3976 --- [library-management] [           main] o.s.b.f.s.DefaultListableBeanFactory     : Autowiring by type from bean name 'org.springframework.boot.autoconfigure.web.servlet.WebMvcAutoConfiguration$WebMvcAutoConfigurationAdapter' via constructor to bean named 'spring.web-org.springframework.boot.autoconfigure.web.WebProperties'
2025-05-08T20:06:35.359+03:00 DEBUG 3976 --- [library-management] [           main] o.s.b.f.s.DefaultListableBeanFactory     : Autowiring by type from bean name 'org.springframework.boot.autoconfigure.web.servlet.WebMvcAutoConfiguration$WebMvcAutoConfigurationAdapter' via constructor to bean named 'spring.mvc-org.springframework.boot.autoconfigure.web.servlet.WebMvcProperties'
2025-05-08T20:06:35.359+03:00 DEBUG 3976 --- [library-management] [           main] o.s.b.f.s.DefaultListableBeanFactory     : Autowiring by type from bean name 'org.springframework.boot.autoconfigure.web.servlet.WebMvcAutoConfiguration$WebMvcAutoConfigurationAdapter' via constructor to bean named 'org.springframework.beans.factory.support.DefaultListableBeanFactory@562b791b'
2025-05-08T20:06:35.361+03:00 DEBUG 3976 --- [library-management] [           main] o.s.b.f.s.DefaultListableBeanFactory     : Creating shared instance of singleton bean 'openEntityManagerInViewInterceptorConfigurer'
2025-05-08T20:06:35.362+03:00 DEBUG 3976 --- [library-management] [           main] o.s.b.f.s.DefaultListableBeanFactory     : Creating shared instance of singleton bean 'org.springframework.boot.autoconfigure.orm.jpa.JpaBaseConfiguration$JpaWebConfiguration'
2025-05-08T20:06:35.362+03:00 DEBUG 3976 --- [library-management] [           main] o.s.b.f.s.DefaultListableBeanFactory     : Creating shared instance of singleton bean 'spring.jpa-org.springframework.boot.autoconfigure.orm.jpa.JpaProperties'
2025-05-08T20:06:35.365+03:00 DEBUG 3976 --- [library-management] [           main] o.s.b.f.s.DefaultListableBeanFactory     : Autowiring by type from bean name 'org.springframework.boot.autoconfigure.orm.jpa.JpaBaseConfiguration$JpaWebConfiguration' via constructor to bean named 'spring.jpa-org.springframework.boot.autoconfigure.orm.jpa.JpaProperties'
2025-05-08T20:06:35.366+03:00 DEBUG 3976 --- [library-management] [           main] o.s.b.f.s.DefaultListableBeanFactory     : Creating shared instance of singleton bean 'openEntityManagerInViewInterceptor'
2025-05-08T20:06:35.366+03:00  WARN 3976 --- [library-management] [           main] JpaBaseConfiguration$JpaWebConfiguration : spring.jpa.open-in-view is enabled by default. Therefore, database queries may be performed during view rendering. Explicitly configure spring.jpa.open-in-view to disable this warning
2025-05-08T20:06:35.367+03:00 DEBUG 3976 --- [library-management] [           main] o.s.b.f.s.DefaultListableBeanFactory     : Autowiring by type from bean name 'openEntityManagerInViewInterceptorConfigurer' via factory method to bean named 'openEntityManagerInViewInterceptor'
2025-05-08T20:06:35.376+03:00 DEBUG 3976 --- [library-management] [           main] o.s.b.f.s.DefaultListableBeanFactory     : Creating shared instance of singleton bean 'passwordEncoder'
2025-05-08T20:06:35.377+03:00  INFO 3976 --- [library-management] [           main] r$InitializeUserDetailsManagerConfigurer : Global AuthenticationManager configured with UserDetailsService bean with name userService
2025-05-08T20:06:35.385+03:00 DEBUG 3976 --- [library-management] [           main] o.s.b.f.s.DefaultListableBeanFactory     : Creating shared instance of singleton bean 'filterChainDecoratorPostProcessor'
2025-05-08T20:06:35.386+03:00 DEBUG 3976 --- [library-management] [           main] o.s.b.f.s.DefaultListableBeanFactory     : Creating shared instance of singleton bean 'mvcHandlerMappingIntrospectorRequestTransformer'
2025-05-08T20:06:35.386+03:00 DEBUG 3976 --- [library-management] [           main] o.s.b.f.s.DefaultListableBeanFactory     : Creating shared instance of singleton bean 'mvcHandlerMappingIntrospector'
2025-05-08T20:06:35.387+03:00 DEBUG 3976 --- [library-management] [           main] o.s.b.f.s.DefaultListableBeanFactory     : Creating shared instance of singleton bean 'welcomePageHandlerMapping'
2025-05-08T20:06:35.387+03:00 DEBUG 3976 --- [library-management] [           main] o.s.b.f.s.DefaultListableBeanFactory     : Creating shared instance of singleton bean 'mvcConversionService'
2025-05-08T20:06:35.403+03:00 DEBUG 3976 --- [library-management] [           main] o.s.b.f.s.DefaultListableBeanFactory     : Creating shared instance of singleton bean 'mvcResourceUrlProvider'
2025-05-08T20:06:35.404+03:00 DEBUG 3976 --- [library-management] [           main] o.s.b.f.s.DefaultListableBeanFactory     : Autowiring by type from bean name 'welcomePageHandlerMapping' via factory method to bean named 'org.springframework.web.context.support.GenericWebApplicationContext@3118a'
2025-05-08T20:06:35.405+03:00 DEBUG 3976 --- [library-management] [           main] o.s.b.f.s.DefaultListableBeanFactory     : Autowiring by type from bean name 'welcomePageHandlerMapping' via factory method to bean named 'mvcConversionService'
2025-05-08T20:06:35.405+03:00 DEBUG 3976 --- [library-management] [           main] o.s.b.f.s.DefaultListableBeanFactory     : Autowiring by type from bean name 'welcomePageHandlerMapping' via factory method to bean named 'mvcResourceUrlProvider'
2025-05-08T20:06:35.424+03:00 DEBUG 3976 --- [library-management] [           main] o.s.b.f.s.DefaultListableBeanFactory     : Creating shared instance of singleton bean 'welcomePageNotAcceptableHandlerMapping'
2025-05-08T20:06:35.424+03:00 DEBUG 3976 --- [library-management] [           main] o.s.b.f.s.DefaultListableBeanFactory     : Autowiring by type from bean name 'welcomePageNotAcceptableHandlerMapping' via factory method to bean named 'org.springframework.web.context.support.GenericWebApplicationContext@3118a'
2025-05-08T20:06:35.424+03:00 DEBUG 3976 --- [library-management] [           main] o.s.b.f.s.DefaultListableBeanFactory     : Autowiring by type from bean name 'welcomePageNotAcceptableHandlerMapping' via factory method to bean named 'mvcConversionService'
2025-05-08T20:06:35.425+03:00 DEBUG 3976 --- [library-management] [           main] o.s.b.f.s.DefaultListableBeanFactory     : Autowiring by type from bean name 'welcomePageNotAcceptableHandlerMapping' via factory method to bean named 'mvcResourceUrlProvider'
2025-05-08T20:06:35.430+03:00 DEBUG 3976 --- [library-management] [           main] o.s.b.f.s.DefaultListableBeanFactory     : Creating shared instance of singleton bean 'requestMappingHandlerMapping'
2025-05-08T20:06:35.431+03:00 DEBUG 3976 --- [library-management] [           main] o.s.b.f.s.DefaultListableBeanFactory     : Autowiring by type from bean name 'requestMappingHandlerMapping' via factory method to bean named 'mvcContentNegotiationManager'
2025-05-08T20:06:35.431+03:00 DEBUG 3976 --- [library-management] [           main] o.s.b.f.s.DefaultListableBeanFactory     : Autowiring by type from bean name 'requestMappingHandlerMapping' via factory method to bean named 'mvcConversionService'
2025-05-08T20:06:35.431+03:00 DEBUG 3976 --- [library-management] [           main] o.s.b.f.s.DefaultListableBeanFactory     : Autowiring by type from bean name 'requestMappingHandlerMapping' via factory method to bean named 'mvcResourceUrlProvider'
2025-05-08T20:06:35.444+03:00 DEBUG 3976 --- [library-management] [           main] s.w.s.m.m.a.RequestMappingHandlerMapping : 25 mappings in 'requestMappingHandlerMapping'
2025-05-08T20:06:35.450+03:00 DEBUG 3976 --- [library-management] [           main] o.s.b.f.s.DefaultListableBeanFactory     : Creating shared instance of singleton bean 'viewControllerHandlerMapping'
2025-05-08T20:06:35.450+03:00 DEBUG 3976 --- [library-management] [           main] o.s.b.f.s.DefaultListableBeanFactory     : Autowiring by type from bean name 'viewControllerHandlerMapping' via factory method to bean named 'mvcConversionService'
2025-05-08T20:06:35.451+03:00 DEBUG 3976 --- [library-management] [           main] o.s.b.f.s.DefaultListableBeanFactory     : Autowiring by type from bean name 'viewControllerHandlerMapping' via factory method to bean named 'mvcResourceUrlProvider'
2025-05-08T20:06:35.451+03:00 DEBUG 3976 --- [library-management] [           main] o.s.b.f.s.DefaultListableBeanFactory     : Creating shared instance of singleton bean 'beanNameHandlerMapping'
2025-05-08T20:06:35.451+03:00 DEBUG 3976 --- [library-management] [           main] o.s.b.f.s.DefaultListableBeanFactory     : Autowiring by type from bean name 'beanNameHandlerMapping' via factory method to bean named 'mvcConversionService'
2025-05-08T20:06:35.451+03:00 DEBUG 3976 --- [library-management] [           main] o.s.b.f.s.DefaultListableBeanFactory     : Autowiring by type from bean name 'beanNameHandlerMapping' via factory method to bean named 'mvcResourceUrlProvider'
2025-05-08T20:06:35.456+03:00 DEBUG 3976 --- [library-management] [           main] o.s.b.f.s.DefaultListableBeanFactory     : Creating shared instance of singleton bean 'routerFunctionMapping'
2025-05-08T20:06:35.456+03:00 DEBUG 3976 --- [library-management] [           main] o.s.b.f.s.DefaultListableBeanFactory     : Autowiring by type from bean name 'routerFunctionMapping' via factory method to bean named 'mvcConversionService'
2025-05-08T20:06:35.456+03:00 DEBUG 3976 --- [library-management] [           main] o.s.b.f.s.DefaultListableBeanFactory     : Autowiring by type from bean name 'routerFunctionMapping' via factory method to bean named 'mvcResourceUrlProvider'
2025-05-08T20:06:35.457+03:00 DEBUG 3976 --- [library-management] [           main] o.s.b.f.s.DefaultListableBeanFactory     : Creating shared instance of singleton bean 'messageConverters'
2025-05-08T20:06:35.457+03:00 DEBUG 3976 --- [library-management] [           main] o.s.b.f.s.DefaultListableBeanFactory     : Creating shared instance of singleton bean 'org.springframework.boot.autoconfigure.http.HttpMessageConvertersAutoConfiguration'
2025-05-08T20:06:35.458+03:00 DEBUG 3976 --- [library-management] [           main] o.s.b.f.s.DefaultListableBeanFactory     : Creating shared instance of singleton bean 'stringHttpMessageConverter'
2025-05-08T20:06:35.458+03:00 DEBUG 3976 --- [library-management] [           main] o.s.b.f.s.DefaultListableBeanFactory     : Creating shared instance of singleton bean 'org.springframework.boot.autoconfigure.http.HttpMessageConvertersAutoConfiguration$StringHttpMessageConverterConfiguration'
2025-05-08T20:06:35.459+03:00 DEBUG 3976 --- [library-management] [           main] o.s.b.f.s.DefaultListableBeanFactory     : Autowiring by type from bean name 'stringHttpMessageConverter' via factory method to bean named 'environment'
2025-05-08T20:06:35.461+03:00 DEBUG 3976 --- [library-management] [           main] o.s.b.f.s.DefaultListableBeanFactory     : Creating shared instance of singleton bean 'mappingJackson2HttpMessageConverter'
2025-05-08T20:06:35.461+03:00 DEBUG 3976 --- [library-management] [           main] o.s.b.f.s.DefaultListableBeanFactory     : Creating shared instance of singleton bean 'org.springframework.boot.autoconfigure.http.JacksonHttpMessageConvertersConfiguration$MappingJackson2HttpMessageConverterConfiguration'
2025-05-08T20:06:35.462+03:00 DEBUG 3976 --- [library-management] [           main] o.s.b.f.s.DefaultListableBeanFactory     : Creating shared instance of singleton bean 'objectMapper'
2025-05-08T20:06:35.467+03:00 DEBUG 3976 --- [library-management] [           main] o.s.b.f.s.DefaultListableBeanFactory     : Autowiring by type from bean name 'mappingJackson2HttpMessageConverter' via factory method to bean named 'objectMapper'
2025-05-08T20:06:35.475+03:00 DEBUG 3976 --- [library-management] [           main] o.s.b.f.s.DefaultListableBeanFactory     : Creating shared instance of singleton bean 'resourceHandlerMapping'
2025-05-08T20:06:35.476+03:00 DEBUG 3976 --- [library-management] [           main] o.s.b.f.s.DefaultListableBeanFactory     : Autowiring by type from bean name 'resourceHandlerMapping' via factory method to bean named 'mvcContentNegotiationManager'
2025-05-08T20:06:35.476+03:00 DEBUG 3976 --- [library-management] [           main] o.s.b.f.s.DefaultListableBeanFactory     : Autowiring by type from bean name 'resourceHandlerMapping' via factory method to bean named 'mvcConversionService'
2025-05-08T20:06:35.476+03:00 DEBUG 3976 --- [library-management] [           main] o.s.b.f.s.DefaultListableBeanFactory     : Autowiring by type from bean name 'resourceHandlerMapping' via factory method to bean named 'mvcResourceUrlProvider'
2025-05-08T20:06:35.492+03:00 DEBUG 3976 --- [library-management] [           main] o.s.w.s.handler.SimpleUrlHandlerMapping  : Patterns [/webjars/**, /**] in 'resourceHandlerMapping'
2025-05-08T20:06:35.496+03:00 DEBUG 3976 --- [library-management] [           main] o.s.b.f.s.DefaultListableBeanFactory     : Creating shared instance of singleton bean 'defaultServletHandlerMapping'
2025-05-08T20:06:35.499+03:00 DEBUG 3976 --- [library-management] [           main] o.s.b.f.s.DefaultListableBeanFactory     : Creating shared instance of singleton bean 'securityFilterChain'
2025-05-08T20:06:35.500+03:00 DEBUG 3976 --- [library-management] [           main] o.s.b.f.s.DefaultListableBeanFactory     : Autowiring by type from bean name 'securityFilterChain' via factory method to bean named 'org.springframework.security.config.annotation.web.configuration.HttpSecurityConfiguration.httpSecurity'
2025-05-08T20:06:35.500+03:00 DEBUG 3976 --- [library-management] [           main] o.s.b.f.s.DefaultListableBeanFactory     : Autowiring by type from bean name 'securityFilterChain' via factory method to bean named 'jwtAuthenticationFilter'
2025-05-08T20:06:35.500+03:00 DEBUG 3976 --- [library-management] [           main] o.s.b.f.s.DefaultListableBeanFactory     : Autowiring by type from bean name 'securityFilterChain' via factory method to bean named 'jwtAuthorizationFilter'
2025-05-08T20:06:35.502+03:00 DEBUG 3976 --- [library-management] [           main] o.s.b.f.s.DefaultListableBeanFactory     : Creating shared instance of singleton bean 'webAuthorizationManagerPostProcessor'
2025-05-08T20:06:35.506+03:00 DEBUG 3976 --- [library-management] [           main] o.s.b.f.s.DefaultListableBeanFactory     : Creating shared instance of singleton bean 'authenticationManagerPostProcessor'
2025-05-08T20:06:35.517+03:00 DEBUG 3976 --- [library-management] [           main] o.s.s.web.DefaultSecurityFilterChain     : Will secure any request with filters: DisableEncodeUrlFilter, WebAsyncManagerIntegrationFilter, SecurityContextHolderFilter, HeaderWriterFilter, LogoutFilter, JwtAuthenticationFilter, JwtAuthorizationFilter, RequestCacheAwareFilter, SecurityContextHolderAwareRequestFilter, AnonymousAuthenticationFilter, SessionManagementFilter, ExceptionTranslationFilter, AuthorizationFilter
2025-05-08T20:06:35.519+03:00 DEBUG 3976 --- [library-management] [           main] o.s.b.f.s.DefaultListableBeanFactory     : Creating shared instance of singleton bean 'delegatingApplicationListener'
2025-05-08T20:06:35.519+03:00 DEBUG 3976 --- [library-management] [           main] o.s.b.f.s.DefaultListableBeanFactory     : Creating shared instance of singleton bean 'springSecurityFilterChain'
2025-05-08T20:06:35.524+03:00 DEBUG 3976 --- [library-management] [           main] o.s.b.f.s.DefaultListableBeanFactory     : Creating shared instance of singleton bean 'webSecurityExpressionHandler'
2025-05-08T20:06:35.525+03:00 DEBUG 3976 --- [library-management] [           main] o.s.b.f.s.DefaultListableBeanFactory     : Creating shared instance of singleton bean 'privilegeEvaluator'
2025-05-08T20:06:35.525+03:00 DEBUG 3976 --- [library-management] [           main] o.s.b.f.s.DefaultListableBeanFactory     : Creating shared instance of singleton bean 'requestDataValueProcessor'
2025-05-08T20:06:35.525+03:00 DEBUG 3976 --- [library-management] [           main] o.s.b.f.s.DefaultListableBeanFactory     : Creating shared instance of singleton bean 'org.springframework.security.config.annotation.web.configuration.ObservationConfiguration'
2025-05-08T20:06:35.526+03:00 DEBUG 3976 --- [library-management] [           main] o.s.b.f.s.DefaultListableBeanFactory     : Creating shared instance of singleton bean '_prePostMethodSecurityConfiguration'
2025-05-08T20:06:35.527+03:00 DEBUG 3976 --- [library-management] [           main] o.s.b.f.s.DefaultListableBeanFactory     : Creating shared instance of singleton bean 'methodAuthorizationManagerPostProcessor'
2025-05-08T20:06:35.527+03:00 DEBUG 3976 --- [library-management] [           main] o.s.b.f.s.DefaultListableBeanFactory     : Creating shared instance of singleton bean 'methodResultAuthorizationManagerPostProcessor'
2025-05-08T20:06:35.530+03:00 DEBUG 3976 --- [library-management] [           main] o.s.b.f.s.DefaultListableBeanFactory     : Creating shared instance of singleton bean 'prePostAuthorizeExpressionHintsRegistrar'
2025-05-08T20:06:35.531+03:00 DEBUG 3976 --- [library-management] [           main] o.s.b.f.s.DefaultListableBeanFactory     : Creating shared instance of singleton bean 'org.springframework.security.config.annotation.method.configuration.AuthorizationProxyConfiguration'
2025-05-08T20:06:35.531+03:00 DEBUG 3976 --- [library-management] [           main] o.s.b.f.s.DefaultListableBeanFactory     : Creating shared instance of singleton bean 'authorizeReturnObjectHintsRegistrar'
2025-05-08T20:06:35.531+03:00 DEBUG 3976 --- [library-management] [           main] o.s.b.f.s.DefaultListableBeanFactory     : Autowiring by type from bean name 'authorizeReturnObjectHintsRegistrar' via factory method to bean named 'authorizationProxyFactory'
2025-05-08T20:06:35.532+03:00 DEBUG 3976 --- [library-management] [           main] o.s.b.f.s.DefaultListableBeanFactory     : Creating shared instance of singleton bean 'org.springframework.security.config.annotation.method.configuration.MethodObservationConfiguration'
2025-05-08T20:06:35.533+03:00 DEBUG 3976 --- [library-management] [           main] o.s.b.f.s.DefaultListableBeanFactory     : Creating shared instance of singleton bean 'authenticationManager'
2025-05-08T20:06:35.533+03:00 DEBUG 3976 --- [library-management] [           main] o.s.b.f.s.DefaultListableBeanFactory     : Autowiring by type from bean name 'authenticationManager' via factory method to bean named 'userService'
2025-05-08T20:06:35.533+03:00 DEBUG 3976 --- [library-management] [           main] o.s.b.f.s.DefaultListableBeanFactory     : Autowiring by type from bean name 'authenticationManager' via factory method to bean named 'passwordEncoder'
2025-05-08T20:06:35.534+03:00 DEBUG 3976 --- [library-management] [           main] o.s.b.f.s.DefaultListableBeanFactory     : Creating shared instance of singleton bean 'org.springframework.boot.autoconfigure.AutoConfigurationPackages'
2025-05-08T20:06:35.535+03:00 DEBUG 3976 --- [library-management] [           main] o.s.b.f.s.DefaultListableBeanFactory     : Creating shared instance of singleton bean 'mockUserMapper'
2025-05-08T20:06:35.536+03:00 DEBUG 3976 --- [library-management] [           main] o.s.b.f.s.DefaultListableBeanFactory     : Creating shared instance of singleton bean 'org.springframework.boot.autoconfigure.context.PropertyPlaceholderAutoConfiguration'
2025-05-08T20:06:35.537+03:00 DEBUG 3976 --- [library-management] [           main] o.s.b.f.s.DefaultListableBeanFactory     : Creating shared instance of singleton bean 'org.springframework.boot.autoconfigure.ssl.SslAutoConfiguration'
2025-05-08T20:06:35.537+03:00 DEBUG 3976 --- [library-management] [           main] o.s.b.f.s.DefaultListableBeanFactory     : Creating shared instance of singleton bean 'spring.ssl-org.springframework.boot.autoconfigure.ssl.SslProperties'
2025-05-08T20:06:35.538+03:00 DEBUG 3976 --- [library-management] [           main] o.s.b.f.s.DefaultListableBeanFactory     : Autowiring by type from bean name 'org.springframework.boot.autoconfigure.ssl.SslAutoConfiguration' via constructor to bean named 'org.springframework.web.context.support.GenericWebApplicationContext@3118a'
2025-05-08T20:06:35.538+03:00 DEBUG 3976 --- [library-management] [           main] o.s.b.f.s.DefaultListableBeanFactory     : Autowiring by type from bean name 'org.springframework.boot.autoconfigure.ssl.SslAutoConfiguration' via constructor to bean named 'spring.ssl-org.springframework.boot.autoconfigure.ssl.SslProperties'
2025-05-08T20:06:35.539+03:00 DEBUG 3976 --- [library-management] [           main] o.s.b.f.s.DefaultListableBeanFactory     : Creating shared instance of singleton bean 'fileWatcher'
2025-05-08T20:06:35.539+03:00 DEBUG 3976 --- [library-management] [           main] o.s.b.f.s.DefaultListableBeanFactory     : Creating shared instance of singleton bean 'sslPropertiesSslBundleRegistrar'
2025-05-08T20:06:35.539+03:00 DEBUG 3976 --- [library-management] [           main] o.s.b.f.s.DefaultListableBeanFactory     : Autowiring by type from bean name 'sslPropertiesSslBundleRegistrar' via factory method to bean named 'fileWatcher'
2025-05-08T20:06:35.539+03:00 DEBUG 3976 --- [library-management] [           main] o.s.b.f.s.DefaultListableBeanFactory     : Creating shared instance of singleton bean 'sslBundleRegistry'
2025-05-08T20:06:35.540+03:00 DEBUG 3976 --- [library-management] [           main] o.s.b.f.s.DefaultListableBeanFactory     : Creating shared instance of singleton bean 'org.springframework.boot.autoconfigure.websocket.servlet.WebSocketServletAutoConfiguration$TomcatWebSocketConfiguration'
2025-05-08T20:06:35.541+03:00 DEBUG 3976 --- [library-management] [           main] o.s.b.f.s.DefaultListableBeanFactory     : Creating shared instance of singleton bean 'websocketServletWebServerCustomizer'
2025-05-08T20:06:35.541+03:00 DEBUG 3976 --- [library-management] [           main] o.s.b.f.s.DefaultListableBeanFactory     : Creating shared instance of singleton bean 'org.springframework.boot.autoconfigure.websocket.servlet.WebSocketServletAutoConfiguration'
2025-05-08T20:06:35.542+03:00 DEBUG 3976 --- [library-management] [           main] o.s.b.f.s.DefaultListableBeanFactory     : Creating shared instance of singleton bean 'org.springframework.boot.autoconfigure.web.servlet.ServletWebServerFactoryConfiguration$EmbeddedTomcat'
2025-05-08T20:06:35.542+03:00 DEBUG 3976 --- [library-management] [           main] o.s.b.f.s.DefaultListableBeanFactory     : Creating shared instance of singleton bean 'tomcatServletWebServerFactory'
2025-05-08T20:06:35.543+03:00 DEBUG 3976 --- [library-management] [           main] o.s.b.f.s.DefaultListableBeanFactory     : Creating shared instance of singleton bean 'servletWebServerFactoryCustomizer'
2025-05-08T20:06:35.543+03:00 DEBUG 3976 --- [library-management] [           main] o.s.b.f.s.DefaultListableBeanFactory     : Creating shared instance of singleton bean 'org.springframework.boot.autoconfigure.web.servlet.ServletWebServerFactoryAutoConfiguration'
2025-05-08T20:06:35.544+03:00 DEBUG 3976 --- [library-management] [           main] o.s.b.f.s.DefaultListableBeanFactory     : Creating shared instance of singleton bean 'server-org.springframework.boot.autoconfigure.web.ServerProperties'
2025-05-08T20:06:35.547+03:00 DEBUG 3976 --- [library-management] [           main] o.s.b.f.s.DefaultListableBeanFactory     : Autowiring by type from bean name 'servletWebServerFactoryCustomizer' via factory method to bean named 'server-org.springframework.boot.autoconfigure.web.ServerProperties'
[...]
2025-05-08T20:06:36.111+03:00 DEBUG 3976 --- [library-management] [           main] org.springframework.test.context.cache   : Spring test ApplicationContext cache statistics: [DefaultContextCache@4c131823 size = 1, maxSize = 32, parentContextCount = 0, hitCount = 246, missCount = 3, failureCount = 0]
2025-05-08T20:06:36.112+03:00 DEBUG 3976 --- [library-management] [           main] org.springframework.test.context.cache   : Spring test ApplicationContext cache statistics: [DefaultContextCache@4c131823 size = 1, maxSize = 32, parentContextCount = 0, hitCount = 247, missCount = 3, failureCount = 0]
2025-05-08T20:06:36.113+03:00 DEBUG 3976 --- [library-management] [           main] org.springframework.test.context.cache   : Spring test ApplicationContext cache statistics: [DefaultContextCache@4c131823 size = 1, maxSize = 32, parentContextCount = 0, hitCount = 248, missCount = 3, failureCount = 0]
2025-05-08T20:06:36.113+03:00 DEBUG 3976 --- [library-management] [           main] o.s.test.util.ReflectionTestUtils        : Invoking method 'getFilters' on target object [FilterChainProxy[Filter Chains: null]] or target class [null] with arguments {org.springframework.mock.web.MockHttpServletRequest@72988e0c}
2025-05-08T20:06:36.114+03:00 DEBUG 3976 --- [library-management] [           main] o.s.test.util.ReflectionTestUtils        : Invoking method 'getFilters' on target object [FilterChainProxy[Filter Chains: null]] or target class [null] with arguments {org.springframework.mock.web.MockHttpServletRequest@72988e0c}
2025-05-08T20:06:36.114+03:00 DEBUG 3976 --- [library-management] [           main] o.s.test.util.ReflectionTestUtils        : Getting field 'securityContextRepository' from target object [org.springframework.security.web.context.SecurityContextHolderFilter@7a54fc29] or target class [class org.springframework.security.web.context.SecurityContextHolderFilter]
2025-05-08T20:06:36.114+03:00 DEBUG 3976 --- [library-management] [           main] o.s.security.web.FilterChainProxy        : Securing GET /api/books/1
2025-05-08T20:06:36.114+03:00 DEBUG 3976 --- [library-management] [           main] o.s.security.web.FilterChainProxy        : Secured GET /api/books/1
2025-05-08T20:06:36.114+03:00 DEBUG 3976 --- [library-management] [           main] o.s.t.web.servlet.TestDispatcherServlet  : GET "/api/books/1", parameters={}
2025-05-08T20:06:36.114+03:00 DEBUG 3976 --- [library-management] [           main] s.w.s.m.m.a.RequestMappingHandlerMapping : Mapped to com.example.library_management.controller.LibraryBookController#getBookById(Long)
2025-05-08T20:06:36.114+03:00 DEBUG 3976 --- [library-management] [           main] o.j.s.OpenEntityManagerInViewInterceptor : Opening JPA EntityManager in OpenEntityManagerInViewInterceptor
2025-05-08T20:06:36.115+03:00 DEBUG 3976 --- [library-management] [           main] horizationManagerBeforeMethodInterceptor : Authorizing method invocation ReflectiveMethodInvocation: public org.springframework.http.ResponseEntity com.example.library_management.controller.LibraryBookController.getBookById(java.lang.Long); target is of class [com.example.library_management.controller.LibraryBookController]
2025-05-08T20:06:36.116+03:00 DEBUG 3976 --- [library-management] [           main] horizationManagerBeforeMethodInterceptor : Authorized method invocation ReflectiveMethodInvocation: public org.springframework.http.ResponseEntity com.example.library_management.controller.LibraryBookController.getBookById(java.lang.Long); target is of class [com.example.library_management.controller.LibraryBookController]
2025-05-08T20:06:36.118+03:00 DEBUG 3976 --- [library-management] [           main] o.s.w.s.m.m.a.HttpEntityMethodProcessor  : Using 'application/json', given [*/*] and supported [application/json, application/*+json]
2025-05-08T20:06:36.118+03:00 DEBUG 3976 --- [library-management] [           main] o.s.w.s.m.m.a.HttpEntityMethodProcessor  : Writing [com.example.library_management.dto.LibraryBookDTO@7f792c5a]
2025-05-08T20:06:36.118+03:00 DEBUG 3976 --- [library-management] [           main] o.j.s.OpenEntityManagerInViewInterceptor : Closing JPA EntityManager in OpenEntityManagerInViewInterceptor
2025-05-08T20:06:36.119+03:00 DEBUG 3976 --- [library-management] [           main] o.s.t.web.servlet.TestDispatcherServlet  : Completed 200 OK
2025-05-08T20:06:36.119+03:00 DEBUG 3976 --- [library-management] [           main] org.springframework.test.context.cache   : Spring test ApplicationContext cache statistics: [DefaultContextCache@4c131823 size = 1, maxSize = 32, parentContextCount = 0, hitCount = 249, missCount = 3, failureCount = 0]
2025-05-08T20:06:36.120+03:00 DEBUG 3976 --- [library-management] [           main] org.springframework.test.context.cache   : Spring test ApplicationContext cache statistics: [DefaultContextCache@4c131823 size = 1, maxSize = 32, parentContextCount = 0, hitCount = 250, missCount = 3, failureCount = 0]
2025-05-08T20:06:36.120+03:00 DEBUG 3976 --- [library-management] [           main] org.springframework.test.context.cache   : Spring test ApplicationContext cache statistics: [DefaultContextCache@4c131823 size = 1, maxSize = 32, parentContextCount = 0, hitCount = 251, missCount = 3, failureCount = 0]
2025-05-08T20:06:36.121+03:00 DEBUG 3976 --- [library-management] [           main] org.springframework.test.context.cache   : Spring test ApplicationContext cache statistics: [DefaultContextCache@4c131823 size = 1, maxSize = 32, parentContextCount = 0, hitCount = 252, missCount = 3, failureCount = 0]
2025-05-08T20:06:36.121+03:00 DEBUG 3976 --- [library-management] [           main] org.springframework.test.context.cache   : Spring test ApplicationContext cache statistics: [DefaultContextCache@4c131823 size = 1, maxSize = 32, parentContextCount = 0, hitCount = 253, missCount = 3, failureCount = 0]
2025-05-08T20:06:36.121+03:00 DEBUG 3976 --- [library-management] [           main] org.springframework.test.context.cache   : Spring test ApplicationContext cache statistics: [DefaultContextCache@4c131823 size = 1, maxSize = 32, parentContextCount = 0, hitCount = 254, missCount = 3, failureCount = 0]
2025-05-08T20:06:36.122+03:00 DEBUG 3976 --- [library-management] [           main] org.springframework.test.context.cache   : Spring test ApplicationContext cache statistics: [DefaultContextCache@4c131823 size = 1, maxSize = 32, parentContextCount = 0, hitCount = 255, missCount = 3, failureCount = 0]
2025-05-08T20:06:36.122+03:00 DEBUG 3976 --- [library-management] [           main] org.springframework.test.context.cache   : Spring test ApplicationContext cache statistics: [DefaultContextCache@4c131823 size = 1, maxSize = 32, parentContextCount = 0, hitCount = 256, missCount = 3, failureCount = 0]
2025-05-08T20:06:36.122+03:00 DEBUG 3976 --- [library-management] [           main] .c.s.DirtiesContextTestExecutionListener : After test method: class [LibraryBookControllerTest], method [getBookById_returnsBook], class annotated with @DirtiesContext [true] with mode [AFTER_CLASS], method annotated with @DirtiesContext [false] with mode [null]
2025-05-08T20:06:36.122+03:00 DEBUG 3976 --- [library-management] [           main] o.s.t.c.w.ServletTestExecutionListener   : Resetting RequestContextHolder for test class com.example.library_management.controller.LibraryBookControllerTest
]]></system-out>
  </testcase>
  <testcase name="updateBookInfo_returnsSuccessMessage" classname="com.example.library_management.controller.LibraryBookControllerTest" time="0.291">
    <system-out><![CDATA[2025-05-08T20:06:36.122+03:00 DEBUG 3976 --- [library-management] [           main] org.springframework.test.context.cache   : Spring test ApplicationContext cache statistics: [DefaultContextCache@4c131823 size = 1, maxSize = 32, parentContextCount = 0, hitCount = 257, missCount = 3, failureCount = 0]
2025-05-08T20:06:36.123+03:00 DEBUG 3976 --- [library-management] [           main] o.s.t.c.w.ServletTestExecutionListener   : Setting up MockHttpServletRequest, MockHttpServletResponse, ServletWebRequest, and RequestContextHolder for test class com.example.library_management.controller.LibraryBookControllerTest
2025-05-08T20:06:36.123+03:00 DEBUG 3976 --- [library-management] [           main] DependencyInjectionTestExecutionListener : Performing dependency injection for test class com.example.library_management.controller.LibraryBookControllerTest
2025-05-08T20:06:36.123+03:00 DEBUG 3976 --- [library-management] [           main] org.springframework.test.context.cache   : Spring test ApplicationContext cache statistics: [DefaultContextCache@4c131823 size = 1, maxSize = 32, parentContextCount = 0, hitCount = 258, missCount = 3, failureCount = 0]
2025-05-08T20:06:36.123+03:00 DEBUG 3976 --- [library-management] [           main] org.springframework.test.context.cache   : Spring test ApplicationContext cache statistics: [DefaultContextCache@4c131823 size = 1, maxSize = 32, parentContextCount = 0, hitCount = 259, missCount = 3, failureCount = 0]
2025-05-08T20:06:36.123+03:00 DEBUG 3976 --- [library-management] [           main] sContextBeforeModesTestExecutionListener : Before test method: class [LibraryBookControllerTest], method [updateBookInfo_returnsSuccessMessage], class annotated with @DirtiesContext [true] with mode [AFTER_CLASS], method annotated with @DirtiesContext [false] with mode [null]
2025-05-08T20:06:36.124+03:00 DEBUG 3976 --- [library-management] [           main] org.springframework.test.context.cache   : Spring test ApplicationContext cache statistics: [DefaultContextCache@4c131823 size = 1, maxSize = 32, parentContextCount = 0, hitCount = 260, missCount = 3, failureCount = 0]
2025-05-08T20:06:36.124+03:00 DEBUG 3976 --- [library-management] [           main] org.springframework.test.context.cache   : Spring test ApplicationContext cache statistics: [DefaultContextCache@4c131823 size = 1, maxSize = 32, parentContextCount = 0, hitCount = 261, missCount = 3, failureCount = 0]
2025-05-08T20:06:36.124+03:00 DEBUG 3976 --- [library-management] [           main] org.springframework.test.context.cache   : Spring test ApplicationContext cache statistics: [DefaultContextCache@4c131823 size = 1, maxSize = 32, parentContextCount = 0, hitCount = 262, missCount = 3, failureCount = 0]
2025-05-08T20:06:36.125+03:00 DEBUG 3976 --- [library-management] [           main] org.springframework.test.context.cache   : Spring test ApplicationContext cache statistics: [DefaultContextCache@4c131823 size = 1, maxSize = 32, parentContextCount = 0, hitCount = 263, missCount = 3, failureCount = 0]
2025-05-08T20:06:36.125+03:00 DEBUG 3976 --- [library-management] [           main] org.springframework.test.context.cache   : Spring test ApplicationContext cache statistics: [DefaultContextCache@4c131823 size = 1, maxSize = 32, parentContextCount = 0, hitCount = 264, missCount = 3, failureCount = 0]
2025-05-08T20:06:36.126+03:00 DEBUG 3976 --- [library-management] [           main] org.springframework.test.context.cache   : Spring test ApplicationContext cache statistics: [DefaultContextCache@4c131823 size = 1, maxSize = 32, parentContextCount = 0, hitCount = 265, missCount = 3, failureCount = 0]
2025-05-08T20:06:36.128+03:00 DEBUG 3976 --- [library-management] [           main] o.s.test.util.ReflectionTestUtils        : Invoking method 'getFilters' on target object [FilterChainProxy[Filter Chains: null]] or target class [null] with arguments {org.springframework.mock.web.MockHttpServletRequest@6fd14e7c}
2025-05-08T20:06:36.128+03:00 DEBUG 3976 --- [library-management] [           main] o.s.test.util.ReflectionTestUtils        : Invoking method 'getFilters' on target object [FilterChainProxy[Filter Chains: null]] or target class [null] with arguments {org.springframework.mock.web.MockHttpServletRequest@6fd14e7c}
2025-05-08T20:06:36.128+03:00 DEBUG 3976 --- [library-management] [           main] o.s.test.util.ReflectionTestUtils        : Getting field 'securityContextRepository' from target object [org.springframework.security.web.context.SecurityContextHolderFilter@7a54fc29] or target class [class org.springframework.security.web.context.SecurityContextHolderFilter]
2025-05-08T20:06:36.128+03:00 DEBUG 3976 --- [library-management] [           main] o.s.security.web.FilterChainProxy        : Securing PUT /api/books/1
2025-05-08T20:06:36.129+03:00 DEBUG 3976 --- [library-management] [           main] o.s.security.web.FilterChainProxy        : Secured PUT /api/books/1
2025-05-08T20:06:36.129+03:00 DEBUG 3976 --- [library-management] [           main] o.s.t.web.servlet.TestDispatcherServlet  : PUT "/api/books/1", parameters={}
2025-05-08T20:06:36.129+03:00 DEBUG 3976 --- [library-management] [           main] s.w.s.m.m.a.RequestMappingHandlerMapping : Mapped to com.example.library_management.controller.LibraryBookController#updateBookInfo(Long, UpdateBookInfoDTO)
2025-05-08T20:06:36.129+03:00 DEBUG 3976 --- [library-management] [           main] o.j.s.OpenEntityManagerInViewInterceptor : Opening JPA EntityManager in OpenEntityManagerInViewInterceptor
2025-05-08T20:06:36.131+03:00 DEBUG 3976 --- [library-management] [           main] m.m.a.RequestResponseBodyMethodProcessor : Read "application/json;charset=UTF-8" to [com.example.library_management.dto.UpdateBookInfoDTO@57927f4f]
2025-05-08T20:06:36.135+03:00 DEBUG 3976 --- [library-management] [           main] horizationManagerBeforeMethodInterceptor : Authorizing method invocation ReflectiveMethodInvocation: public org.springframework.http.ResponseEntity com.example.library_management.controller.LibraryBookController.updateBookInfo(java.lang.Long,com.example.library_management.dto.UpdateBookInfoDTO); target is of class [com.example.library_management.controller.LibraryBookController]
2025-05-08T20:06:36.135+03:00 DEBUG 3976 --- [library-management] [           main] horizationManagerBeforeMethodInterceptor : Authorized method invocation ReflectiveMethodInvocation: public org.springframework.http.ResponseEntity com.example.library_management.controller.LibraryBookController.updateBookInfo(java.lang.Long,com.example.library_management.dto.UpdateBookInfoDTO); target is of class [com.example.library_management.controller.LibraryBookController]
2025-05-08T20:06:36.136+03:00 DEBUG 3976 --- [library-management] [           main] o.s.orm.jpa.JpaTransactionManager        : Found thread-bound EntityManager [SessionImpl(779987078<open>)] for JPA transaction
2025-05-08T20:06:36.136+03:00 DEBUG 3976 --- [library-management] [           main] o.s.orm.jpa.JpaTransactionManager        : Creating new transaction with name [com.example.library_management.service.LibraryBookService.updateBookInfo]: PROPAGATION_REQUIRED,ISOLATION_DEFAULT
2025-05-08T20:06:36.136+03:00 DEBUG 3976 --- [library-management] [           main] o.s.j.d.DriverManagerDataSource          : Creating new JDBC DriverManager Connection to [jdbc:postgresql://localhost:5432/library_db]
2025-05-08T20:06:36.408+03:00 DEBUG 3976 --- [library-management] [           main] o.s.orm.jpa.JpaTransactionManager        : Exposing JPA transaction as JDBC [org.springframework.orm.jpa.vendor.HibernateJpaDialect$HibernateConnectionHandle@60ca607]
2025-05-08T20:06:36.408+03:00 DEBUG 3976 --- [library-management] [           main] o.s.orm.jpa.JpaTransactionManager        : Initiating transaction commit
2025-05-08T20:06:36.408+03:00 DEBUG 3976 --- [library-management] [           main] o.s.orm.jpa.JpaTransactionManager        : Committing JPA transaction on EntityManager [SessionImpl(779987078<open>)]
2025-05-08T20:06:36.409+03:00 DEBUG 3976 --- [library-management] [           main] o.s.orm.jpa.JpaTransactionManager        : Not closing pre-bound JPA EntityManager after transaction
2025-05-08T20:06:36.409+03:00  INFO 3976 --- [library-management] [           main] c.e.l.controller.LibraryBookController   : Информация о книге с ID 1 обновлена
2025-05-08T20:06:36.409+03:00 DEBUG 3976 --- [library-management] [           main] o.s.w.s.m.m.a.HttpEntityMethodProcessor  : Using 'text/plain', given [*/*] and supported [text/plain, */*, application/json, application/*+json]
2025-05-08T20:06:36.409+03:00 DEBUG 3976 --- [library-management] [           main] o.s.w.s.m.m.a.HttpEntityMethodProcessor  : Writing ["Информация о книге успешно обновлена"]
2025-05-08T20:06:36.409+03:00 DEBUG 3976 --- [library-management] [           main] o.j.s.OpenEntityManagerInViewInterceptor : Closing JPA EntityManager in OpenEntityManagerInViewInterceptor
2025-05-08T20:06:36.410+03:00 DEBUG 3976 --- [library-management] [           main] o.s.t.web.servlet.TestDispatcherServlet  : Completed 200 OK
2025-05-08T20:06:36.411+03:00 DEBUG 3976 --- [library-management] [           main] org.springframework.test.context.cache   : Spring test ApplicationContext cache statistics: [DefaultContextCache@4c131823 size = 1, maxSize = 32, parentContextCount = 0, hitCount = 266, missCount = 3, failureCount = 0]
2025-05-08T20:06:36.412+03:00 DEBUG 3976 --- [library-management] [           main] org.springframework.test.context.cache   : Spring test ApplicationContext cache statistics: [DefaultContextCache@4c131823 size = 1, maxSize = 32, parentContextCount = 0, hitCount = 267, missCount = 3, failureCount = 0]
2025-05-08T20:06:36.412+03:00 DEBUG 3976 --- [library-management] [           main] org.springframework.test.context.cache   : Spring test ApplicationContext cache statistics: [DefaultContextCache@4c131823 size = 1, maxSize = 32, parentContextCount = 0, hitCount = 268, missCount = 3, failureCount = 0]
2025-05-08T20:06:36.412+03:00 DEBUG 3976 --- [library-management] [           main] org.springframework.test.context.cache   : Spring test ApplicationContext cache statistics: [DefaultContextCache@4c131823 size = 1, maxSize = 32, parentContextCount = 0, hitCount = 269, missCount = 3, failureCount = 0]
2025-05-08T20:06:36.412+03:00 DEBUG 3976 --- [library-management] [           main] org.springframework.test.context.cache   : Spring test ApplicationContext cache statistics: [DefaultContextCache@4c131823 size = 1, maxSize = 32, parentContextCount = 0, hitCount = 270, missCount = 3, failureCount = 0]
2025-05-08T20:06:36.413+03:00 DEBUG 3976 --- [library-management] [           main] org.springframework.test.context.cache   : Spring test ApplicationContext cache statistics: [DefaultContextCache@4c131823 size = 1, maxSize = 32, parentContextCount = 0, hitCount = 271, missCount = 3, failureCount = 0]
2025-05-08T20:06:36.414+03:00 DEBUG 3976 --- [library-management] [           main] org.springframework.test.context.cache   : Spring test ApplicationContext cache statistics: [DefaultContextCache@4c131823 size = 1, maxSize = 32, parentContextCount = 0, hitCount = 272, missCount = 3, failureCount = 0]
2025-05-08T20:06:36.414+03:00 DEBUG 3976 --- [library-management] [           main] org.springframework.test.context.cache   : Spring test ApplicationContext cache statistics: [DefaultContextCache@4c131823 size = 1, maxSize = 32, parentContextCount = 0, hitCount = 273, missCount = 3, failureCount = 0]
2025-05-08T20:06:36.414+03:00 DEBUG 3976 --- [library-management] [           main] .c.s.DirtiesContextTestExecutionListener : After test method: class [LibraryBookControllerTest], method [updateBookInfo_returnsSuccessMessage], class annotated with @DirtiesContext [true] with mode [AFTER_CLASS], method annotated with @DirtiesContext [false] with mode [null]
2025-05-08T20:06:36.414+03:00 DEBUG 3976 --- [library-management] [           main] o.s.t.c.w.ServletTestExecutionListener   : Resetting RequestContextHolder for test class com.example.library_management.controller.LibraryBookControllerTest
]]></system-out>
  </testcase>
</testsuite>